Copyright 1986-2022 Xilinx, Inc. All Rights Reserved. Copyright 2022-2024 Advanced Micro Devices, Inc. All Rights Reserved.
---------------------------------------------------------------------------------------------------------------------------------------------
| Tool Version : Vivado v.2024.2 (lin64) Build 5239630 Fri Nov 08 22:34:34 MST 2024
| Date         : Fri Feb 20 21:31:32 2026
| Host         : laptop running 64-bit Ubuntu 24.04.3 LTS
| Command      : report_utilization -file aes_ctr_pipelined.rpt -append
| Design       : aes_ctr_pipelined
| Device       : xczu7ev-ffvf1517-1LV-i
| Speed File   : -1LV
| Design State : Routed
---------------------------------------------------------------------------------------------------------------------------------------------

Utilization Design Information

Table of Contents
-----------------
1. CLB Logic
1.1 Summary of Registers by Type
2. CLB Logic Distribution
3. BLOCKRAM
4. ARITHMETIC
5. I/O
6. CLOCK
7. ADVANCED
8. CONFIGURATION
9. Primitives
10. Black Boxes
11. Instantiated Netlists

1. CLB Logic
------------

+-------------------------+-------+-------+------------+-----------+-------+
|        Site Type        |  Used | Fixed | Prohibited | Available | Util% |
+-------------------------+-------+-------+------------+-----------+-------+
| CLB LUTs                | 13650 |     0 |          0 |    230400 |  5.92 |
|   LUT as Logic          | 13650 |     0 |          0 |    230400 |  5.92 |
|   LUT as Memory         |     0 |     0 |          0 |    101760 |  0.00 |
| CLB Registers           |  6039 |     0 |          0 |    460800 |  1.31 |
|   Register as Flip Flop |  6039 |     0 |          0 |    460800 |  1.31 |
|   Register as Latch     |     0 |     0 |          0 |    460800 |  0.00 |
| CARRY8                  |    16 |     0 |          0 |     28800 |  0.06 |
| F7 Muxes                |  4416 |     0 |          0 |    115200 |  3.83 |
| F8 Muxes                |  2208 |     0 |          0 |     57600 |  3.83 |
| F9 Muxes                |     0 |     0 |          0 |     28800 |  0.00 |
+-------------------------+-------+-------+------------+-----------+-------+
* Warning! LUT value is adjusted to account for LUT combining.


1.1 Summary of Registers by Type
--------------------------------

+-------+--------------+-------------+--------------+
| Total | Clock Enable | Synchronous | Asynchronous |
+-------+--------------+-------------+--------------+
| 0     |            _ |           - |            - |
| 0     |            _ |           - |          Set |
| 0     |            _ |           - |        Reset |
| 0     |            _ |         Set |            - |
| 0     |            _ |       Reset |            - |
| 0     |          Yes |           - |            - |
| 0     |          Yes |           - |          Set |
| 0     |          Yes |           - |        Reset |
| 2     |          Yes |         Set |            - |
| 6037  |          Yes |       Reset |            - |
+-------+--------------+-------------+--------------+


2. CLB Logic Distribution
-------------------------

+--------------------------------------------+-------+-------+------------+-----------+-------+
|                  Site Type                 |  Used | Fixed | Prohibited | Available | Util% |
+--------------------------------------------+-------+-------+------------+-----------+-------+
| CLB                                        |  2782 |     0 |          0 |     28800 |  9.66 |
|   CLBL                                     |  1532 |     0 |            |           |       |
|   CLBM                                     |  1250 |     0 |            |           |       |
| LUT as Logic                               | 13650 |     0 |          0 |    230400 |  5.92 |
|   using O5 output only                     |    13 |       |            |           |       |
|   using O6 output only                     | 13555 |       |            |           |       |
|   using O5 and O6                          |    82 |       |            |           |       |
| LUT as Memory                              |     0 |     0 |          0 |    101760 |  0.00 |
|   LUT as Distributed RAM                   |     0 |     0 |            |           |       |
|     using O5 output only                   |     0 |       |            |           |       |
|     using O6 output only                   |     0 |       |            |           |       |
|     using O5 and O6                        |     0 |       |            |           |       |
|   LUT as Shift Register                    |     0 |     0 |            |           |       |
|     using O5 output only                   |     0 |       |            |           |       |
|     using O6 output only                   |     0 |       |            |           |       |
|     using O5 and O6                        |     0 |       |            |           |       |
| CLB Registers                              |  6039 |     0 |          0 |    460800 |  1.31 |
|   Register driven from within the CLB      |  3856 |       |            |           |       |
|   Register driven from outside the CLB     |  2183 |       |            |           |       |
|     LUT in front of the register is unused |  1751 |       |            |           |       |
|     LUT in front of the register is used   |   432 |       |            |           |       |
| Unique Control Sets                        |    22 |       |          0 |     57600 |  0.04 |
+--------------------------------------------+-------+-------+------------+-----------+-------+
* * Note: Available Control Sets calculated as Slices * 2, Review the Control Sets Report for more information regarding control sets.


3. BLOCKRAM
-----------

+----------------+------+-------+------------+-----------+-------+
|    Site Type   | Used | Fixed | Prohibited | Available | Util% |
+----------------+------+-------+------------+-----------+-------+
| Block RAM Tile |    0 |     0 |          0 |       312 |  0.00 |
|   RAMB36/FIFO* |    0 |     0 |          0 |       312 |  0.00 |
|   RAMB18       |    0 |     0 |          0 |       624 |  0.00 |
| URAM           |    0 |     0 |          0 |        96 |  0.00 |
+----------------+------+-------+------------+-----------+-------+
* Note: Each Block RAM Tile only has one FIFO logic available and therefore can accommodate only one FIFO36E2 or one FIFO18E2. However, if a FIFO18E2 occupies a Block RAM Tile, that tile can still accommodate a RAMB18E2


4. ARITHMETIC
-------------

+-----------+------+-------+------------+-----------+-------+
| Site Type | Used | Fixed | Prohibited | Available | Util% |
+-----------+------+-------+------------+-----------+-------+
| DSPs      |    0 |     0 |          0 |      1728 |  0.00 |
+-----------+------+-------+------------+-----------+-------+


5. I/O
------

+------------------+------+-------+------------+-----------+-------+
|     Site Type    | Used | Fixed | Prohibited | Available | Util% |
+------------------+------+-------+------------+-----------+-------+
| Bonded IOB       |    0 |     0 |          0 |       464 |  0.00 |
| HPIOB_M          |    0 |     0 |          0 |       192 |  0.00 |
| HPIOB_S          |    0 |     0 |          0 |       192 |  0.00 |
| HDIOB_M          |    0 |     0 |          0 |        24 |  0.00 |
| HDIOB_S          |    0 |     0 |          0 |        24 |  0.00 |
| HPIOB_SNGL       |    0 |     0 |          0 |        32 |  0.00 |
| HPIOBDIFFINBUF   |    0 |     0 |          0 |       192 |  0.00 |
| HPIOBDIFFOUTBUF  |    0 |     0 |          0 |       192 |  0.00 |
| HDIOBDIFFINBUF   |    0 |     0 |          0 |        48 |  0.00 |
| BITSLICE_CONTROL |    0 |     0 |          0 |        64 |  0.00 |
| BITSLICE_RX_TX   |    0 |     0 |          0 |      2496 |  0.00 |
| BITSLICE_TX      |    0 |     0 |          0 |        64 |  0.00 |
| RIU_OR           |    0 |     0 |          0 |        32 |  0.00 |
+------------------+------+-------+------------+-----------+-------+


6. CLOCK
--------

+------------+------+-------+------------+-----------+-------+
|  Site Type | Used | Fixed | Prohibited | Available | Util% |
+------------+------+-------+------------+-----------+-------+
| BUFGCE     |    0 |     0 |          0 |       208 |  0.00 |
| BUFGCE_DIV |    0 |     0 |          0 |        32 |  0.00 |
| BUFG_GT    |    0 |     0 |          0 |       144 |  0.00 |
| BUFG_PS    |    0 |     0 |          0 |        96 |  0.00 |
| BUFGCTRL*  |    0 |     0 |          0 |        64 |  0.00 |
| PLL        |    0 |     0 |          0 |        16 |  0.00 |
| MMCM       |    0 |     0 |          0 |         8 |  0.00 |
+------------+------+-------+------------+-----------+-------+
* Note: Each used BUFGCTRL counts as two GLOBAL CLOCK BUFFERs. This table does not include global clocking resources, only buffer cell usage. See the Clock Utilization Report (report_clock_utilization) for detailed accounting of global clocking resource availability.


7. ADVANCED
-----------

+-----------------+------+-------+------------+-----------+-------+
|    Site Type    | Used | Fixed | Prohibited | Available | Util% |
+-----------------+------+-------+------------+-----------+-------+
| GTHE4_CHANNEL   |    0 |     0 |          0 |        24 |  0.00 |
| GTHE4_COMMON    |    0 |     0 |          0 |         6 |  0.00 |
| OBUFDS_GTE4     |    0 |     0 |          0 |        12 |  0.00 |
| OBUFDS_GTE4_ADV |    0 |     0 |          0 |        12 |  0.00 |
| PCIE40E4        |    0 |     0 |          0 |         2 |  0.00 |
| PS8             |    0 |     0 |          0 |         1 |  0.00 |
| SYSMONE4        |    0 |     0 |          0 |         1 |  0.00 |
| VCU             |    0 |     0 |          0 |         1 |  0.00 |
+-----------------+------+-------+------------+-----------+-------+


8. CONFIGURATION
----------------

+-------------+------+-------+------------+-----------+-------+
|  Site Type  | Used | Fixed | Prohibited | Available | Util% |
+-------------+------+-------+------------+-----------+-------+
| BSCANE2     |    0 |     0 |          0 |         4 |  0.00 |
| DNA_PORTE2  |    0 |     0 |          0 |         1 |  0.00 |
| EFUSE_USR   |    0 |     0 |          0 |         1 |  0.00 |
| FRAME_ECCE4 |    0 |     0 |          0 |         1 |  0.00 |
| ICAPE3      |    0 |     0 |          0 |         2 |  0.00 |
| MASTER_JTAG |    0 |     0 |          0 |         1 |  0.00 |
| STARTUPE3   |    0 |     0 |          0 |         1 |  0.00 |
+-------------+------+-------+------------+-----------+-------+


9. Primitives
-------------

+----------+-------+---------------------+
| Ref Name |  Used | Functional Category |
+----------+-------+---------------------+
| LUT6     | 11538 |                 CLB |
| FDRE     |  6037 |            Register |
| MUXF7    |  4416 |                 CLB |
| MUXF8    |  2208 |                 CLB |
| LUT2     |  1097 |                 CLB |
| LUT5     |   948 |                 CLB |
| LUT3     |   135 |                 CLB |
| CARRY8   |    16 |                 CLB |
| LUT4     |    14 |                 CLB |
| FDSE     |     2 |            Register |
+----------+-------+---------------------+


10. Black Boxes
---------------

+----------+------+
| Ref Name | Used |
+----------+------+


11. Instantiated Netlists
-------------------------

+----------+------+
| Ref Name | Used |
+----------+------+


Copyright 1986-2022 Xilinx, Inc. All Rights Reserved. Copyright 2022-2024 Advanced Micro Devices, Inc. All Rights Reserved.
--------------------------------------------------------------------------------------------------------------------------------------------------
| Tool Version      : Vivado v.2024.2 (lin64) Build 5239630 Fri Nov 08 22:34:34 MST 2024
| Date              : Fri Feb 20 21:31:38 2026
| Host              : laptop running 64-bit Ubuntu 24.04.3 LTS
| Command           : report_timing_summary -file aes_ctr_pipelined.rpt -append
| Design            : aes_ctr_pipelined
| Device            : xczu7ev-ffvf1517
| Speed File        : -1LV  PRODUCTION 1.30 05-15-2022
| Design State      : Routed
| Temperature Grade : I
--------------------------------------------------------------------------------------------------------------------------------------------------

Timing Summary Report

------------------------------------------------------------------------------------------------
| Timer Settings
| --------------
------------------------------------------------------------------------------------------------

  Enable Multi Corner Analysis               :  Yes
  Enable Pessimism Removal                   :  Yes
  Pessimism Removal Resolution               :  Nearest Common Node
  Enable Input Delay Default Clock           :  No
  Enable Preset / Clear Arcs                 :  No
  Disable Flight Delays                      :  No
  Ignore I/O Paths                           :  No
  Timing Early Launch at Borrowing Latches   :  No
  Borrow Time for Max Delay Exceptions       :  Yes
  Merge Timing Exceptions                    :  Yes
  Inter-SLR Compensation                     :  Conservative

  Corner  Analyze    Analyze    
  Name    Max Paths  Min Paths  
  ------  ---------  ---------  
  Slow    Yes        Yes        
  Fast    Yes        Yes        


------------------------------------------------------------------------------------------------
| Report Methodology
| ------------------
------------------------------------------------------------------------------------------------

Rule       Severity  Description                    Violations  
---------  --------  -----------------------------  ----------  
TIMING-18  Warning   Missing input or output delay  295         

Note: This report is based on the most recent report_methodology run and may not be up-to-date. Run report_methodology on the current design for the latest report.



check_timing report

Table of Contents
-----------------
1. checking no_clock (0)
2. checking constant_clock (0)
3. checking pulse_width_clock (0)
4. checking unconstrained_internal_endpoints (0)
5. checking no_input_delay (148)
6. checking no_output_delay (147)
7. checking multiple_clock (0)
8. checking generated_clocks (0)
9. checking loops (0)
10. checking partial_input_delay (0)
11. checking partial_output_delay (0)
12. checking latch_loops (0)

1. checking no_clock (0)
------------------------
 There are 0 register/latch pins with no clock.


2. checking constant_clock (0)
------------------------------
 There are 0 register/latch pins with constant_clock.


3. checking pulse_width_clock (0)
---------------------------------
 There are 0 register/latch pins which need pulse_width check


4. checking unconstrained_internal_endpoints (0)
------------------------------------------------
 There are 0 pins that are not constrained for maximum delay.

 There are 0 pins that are not constrained for maximum delay due to constant clock.


5. checking no_input_delay (148)
--------------------------------
 There are 148 input ports with no input delay specified. (HIGH)

 There are 0 input ports with no input delay but user has a false path constraint.


6. checking no_output_delay (147)
---------------------------------
 There are 147 ports with no output delay specified. (HIGH)

 There are 0 ports with no output delay but user has a false path constraint

 There are 0 ports with no output delay but with a timing clock defined on it or propagating through it


7. checking multiple_clock (0)
------------------------------
 There are 0 register/latch pins with multiple clocks.


8. checking generated_clocks (0)
--------------------------------
 There are 0 generated clocks that are not connected to a clock source.


9. checking loops (0)
---------------------
 There are 0 combinational loops in the design.


10. checking partial_input_delay (0)
------------------------------------
 There are 0 input ports with partial input delay specified.


11. checking partial_output_delay (0)
-------------------------------------
 There are 0 ports with partial output delay specified.


12. checking latch_loops (0)
----------------------------
 There are 0 combinational latch loops in the design through latch input



------------------------------------------------------------------------------------------------
| Design Timing Summary
| ---------------------
------------------------------------------------------------------------------------------------

    WNS(ns)      TNS(ns)  TNS Failing Endpoints  TNS Total Endpoints      WHS(ns)      THS(ns)  THS Failing Endpoints  THS Total Endpoints     WPWS(ns)     TPWS(ns)  TPWS Failing Endpoints  TPWS Total Endpoints  
    -------      -------  ---------------------  -------------------      -------      -------  ---------------------  -------------------     --------     --------  ----------------------  --------------------  
      0.108        0.000                      0                10014        0.065        0.000                      0                10014        1.375        0.000                       0                  6039  


All user specified timing constraints are met.


------------------------------------------------------------------------------------------------
| Clock Summary
| -------------
------------------------------------------------------------------------------------------------

Clock  Waveform(ns)         Period(ns)      Frequency(MHz)
-----  ------------         ----------      --------------
clk    {0.000 1.650}        3.300           303.030         


------------------------------------------------------------------------------------------------
| Intra Clock Table
| -----------------
------------------------------------------------------------------------------------------------

Clock             WNS(ns)      TNS(ns)  TNS Failing Endpoints  TNS Total Endpoints      WHS(ns)      THS(ns)  THS Failing Endpoints  THS Total Endpoints     WPWS(ns)     TPWS(ns)  TPWS Failing Endpoints  TPWS Total Endpoints  
-----             -------      -------  ---------------------  -------------------      -------      -------  ---------------------  -------------------     --------     --------  ----------------------  --------------------  
clk                 0.108        0.000                      0                10014        0.065        0.000                      0                10014        1.375        0.000                       0                  6039  


------------------------------------------------------------------------------------------------
| Inter Clock Table
| -----------------
------------------------------------------------------------------------------------------------

From Clock    To Clock          WNS(ns)      TNS(ns)  TNS Failing Endpoints  TNS Total Endpoints      WHS(ns)      THS(ns)  THS Failing Endpoints  THS Total Endpoints  
----------    --------          -------      -------  ---------------------  -------------------      -------      -------  ---------------------  -------------------  


------------------------------------------------------------------------------------------------
| Other Path Groups Table
| -----------------------
------------------------------------------------------------------------------------------------

Path Group    From Clock    To Clock          WNS(ns)      TNS(ns)  TNS Failing Endpoints  TNS Total Endpoints      WHS(ns)      THS(ns)  THS Failing Endpoints  THS Total Endpoints  
----------    ----------    --------          -------      -------  ---------------------  -------------------      -------      -------  ---------------------  -------------------  


------------------------------------------------------------------------------------------------
| Timing Details
| --------------
------------------------------------------------------------------------------------------------


---------------------------------------------------------------------------------------------------
From Clock:  clk
  To Clock:  clk

Setup :            0  Failing Endpoints,  Worst Slack        0.108ns,  Total Violation        0.000ns
Hold  :            0  Failing Endpoints,  Worst Slack        0.065ns,  Total Violation        0.000ns
PW    :            0  Failing Endpoints,  Worst Slack        1.375ns,  Total Violation        0.000ns
---------------------------------------------------------------------------------------------------


Max Delay Paths
--------------------------------------------------------------------------------------
Slack (MET) :             0.108ns  (required time - arrival time)
  Source:                 genblk1[3].stage_valid_reg_reg[3]/C
                            (rising edge-triggered cell FDRE clocked by clk  {rise@0.000ns fall@1.650ns period=3.300ns})
  Destination:            counter_reg_reg[127]/D
                            (rising edge-triggered cell FDRE clocked by clk  {rise@0.000ns fall@1.650ns period=3.300ns})
  Path Group:             clk
  Path Type:              Setup (Max at Slow Process Corner)
  Requirement:            3.300ns  (clk rise@3.300ns - clk rise@0.000ns)
  Data Path Delay:        3.185ns  (logic 2.117ns (66.476%)  route 1.068ns (33.524%))
  Logic Levels:           20  (CARRY8=16 LUT3=1 LUT6=3)
  Clock Path Skew:        -0.014ns (DCD - SCD + CPR)
    Destination Clock Delay (DCD):    0.035ns = ( 3.335 - 3.300 ) 
    Source Clock Delay      (SCD):    0.049ns
    Clock Pessimism Removal (CPR):    0.000ns
  Clock Uncertainty:      0.035ns  ((TSJ^2 + TIJ^2)^1/2 + DJ) / 2 + PE
    Total System Jitter     (TSJ):    0.071ns
    Total Input Jitter      (TIJ):    0.000ns
    Discrete Jitter          (DJ):    0.000ns
    Phase Error              (PE):    0.000ns

    Location             Delay type                Incr(ns)  Path(ns)    Netlist Resource(s)
  -------------------------------------------------------------------    -------------------
                         (clock clk rise edge)        0.000     0.000 r  
                                                      0.000     0.000 r  Clk (IN)
                         net (fo=6038, unset)         0.049     0.049    Clk
    SLICE_X97Y290        FDRE                                         r  genblk1[3].stage_valid_reg_reg[3]/C
  -------------------------------------------------------------------    -------------------
    SLICE_X97Y290        FDRE (Prop_DFF_SLICEL_C_Q)
                                                      0.134     0.183 f  genblk1[3].stage_valid_reg_reg[3]/Q
                         net (fo=8, routed)           0.101     0.284    p_0_in[2]
    SLICE_X97Y290        LUT6 (Prop_F6LUT_SLICEL_I0_O)
                                                      0.251     0.535 f  S_axis_tready_INST_0_i_2/O
                         net (fo=2, routed)           0.117     0.652    S_axis_tready_INST_0_i_2_n_0
    SLICE_X97Y289        LUT6 (Prop_F6LUT_SLICEL_I0_O)
                                                      0.092     0.744 r  S_axis_tready_INST_0_i_1/O
                         net (fo=4, routed)           0.145     0.890    input_text_ready
    SLICE_X97Y291        LUT6 (Prop_E6LUT_SLICEL_I4_O)
                                                      0.059     0.949 r  counter_reg[0]_i_3/O
                         net (fo=130, routed)         0.167     1.116    counter_reg1
    SLICE_X96Y291        LUT3 (Prop_A6LUT_SLICEM_I2_O)
                                                      0.095     1.211 r  counter_reg[0]_i_12/O
                         net (fo=1, routed)           0.017     1.228    counter_reg[0]_i_12_n_0
    SLICE_X96Y291        CARRY8 (Prop_CARRY8_SLICEM_S[0]_CO[7])
                                                      0.333     1.561 r  counter_reg_reg[0]_i_2/CO[7]
                         net (fo=1, routed)           0.032     1.593    counter_reg_reg[0]_i_2_n_0
    SLICE_X96Y292        CARRY8 (Prop_CARRY8_SLICEM_CI_CO[7])
                                                      0.068     1.661 r  counter_reg_reg[8]_i_1/CO[7]
                         net (fo=1, routed)           0.032     1.693    counter_reg_reg[8]_i_1_n_0
    SLICE_X96Y293        CARRY8 (Prop_CARRY8_SLICEM_CI_CO[7])
                                                      0.068     1.761 r  counter_reg_reg[16]_i_1/CO[7]
                         net (fo=1, routed)           0.032     1.793    counter_reg_reg[16]_i_1_n_0
    SLICE_X96Y294        CARRY8 (Prop_CARRY8_SLICEM_CI_CO[7])
                                                      0.068     1.861 r  counter_reg_reg[24]_i_1/CO[7]
                         net (fo=1, routed)           0.032     1.893    counter_reg_reg[24]_i_1_n_0
    SLICE_X96Y295        CARRY8 (Prop_CARRY8_SLICEM_CI_CO[7])
                                                      0.068     1.961 r  counter_reg_reg[32]_i_1/CO[7]
                         net (fo=1, routed)           0.032     1.993    counter_reg_reg[32]_i_1_n_0
    SLICE_X96Y296        CARRY8 (Prop_CARRY8_SLICEM_CI_CO[7])
                                                      0.068     2.061 r  counter_reg_reg[40]_i_1/CO[7]
                         net (fo=1, routed)           0.032     2.093    counter_reg_reg[40]_i_1_n_0
    SLICE_X96Y297        CARRY8 (Prop_CARRY8_SLICEM_CI_CO[7])
                                                      0.068     2.161 r  counter_reg_reg[48]_i_1/CO[7]
                         net (fo=1, routed)           0.032     2.193    counter_reg_reg[48]_i_1_n_0
    SLICE_X96Y298        CARRY8 (Prop_CARRY8_SLICEM_CI_CO[7])
                                                      0.068     2.261 r  counter_reg_reg[56]_i_1/CO[7]
                         net (fo=1, routed)           0.032     2.293    counter_reg_reg[56]_i_1_n_0
    SLICE_X96Y299        CARRY8 (Prop_CARRY8_SLICEM_CI_CO[7])
                                                      0.068     2.361 r  counter_reg_reg[64]_i_1/CO[7]
                         net (fo=1, routed)           0.032     2.393    counter_reg_reg[64]_i_1_n_0
    SLICE_X96Y300        CARRY8 (Prop_CARRY8_SLICEM_CI_CO[7])
                                                      0.068     2.461 r  counter_reg_reg[72]_i_1/CO[7]
                         net (fo=1, routed)           0.032     2.493    counter_reg_reg[72]_i_1_n_0
    SLICE_X96Y301        CARRY8 (Prop_CARRY8_SLICEM_CI_CO[7])
                                                      0.068     2.561 r  counter_reg_reg[80]_i_1/CO[7]
                         net (fo=1, routed)           0.032     2.593    counter_reg_reg[80]_i_1_n_0
    SLICE_X96Y302        CARRY8 (Prop_CARRY8_SLICEM_CI_CO[7])
                                                      0.068     2.661 r  counter_reg_reg[88]_i_1/CO[7]
                         net (fo=1, routed)           0.032     2.693    counter_reg_reg[88]_i_1_n_0
    SLICE_X96Y303        CARRY8 (Prop_CARRY8_SLICEM_CI_CO[7])
                                                      0.068     2.761 r  counter_reg_reg[96]_i_1/CO[7]
                         net (fo=1, routed)           0.032     2.793    counter_reg_reg[96]_i_1_n_0
    SLICE_X96Y304        CARRY8 (Prop_CARRY8_SLICEM_CI_CO[7])
                                                      0.068     2.861 r  counter_reg_reg[104]_i_1/CO[7]
                         net (fo=1, routed)           0.032     2.893    counter_reg_reg[104]_i_1_n_0
    SLICE_X96Y305        CARRY8 (Prop_CARRY8_SLICEM_CI_CO[7])
                                                      0.068     2.961 r  counter_reg_reg[112]_i_1/CO[7]
                         net (fo=1, routed)           0.032     2.993    counter_reg_reg[112]_i_1_n_0
    SLICE_X96Y306        CARRY8 (Prop_CARRY8_SLICEM_CI_O[7])
                                                      0.201     3.194 r  counter_reg_reg[120]_i_1/O[7]
                         net (fo=1, routed)           0.040     3.234    counter_reg_reg[120]_i_1_n_8
    SLICE_X96Y306        FDRE                                         r  counter_reg_reg[127]/D
  -------------------------------------------------------------------    -------------------

                         (clock clk rise edge)        3.300     3.300 r  
                                                      0.000     3.300 r  Clk (IN)
                         net (fo=6038, unset)         0.035     3.335    Clk
    SLICE_X96Y306        FDRE                                         r  counter_reg_reg[127]/C
                         clock pessimism              0.000     3.335    
                         clock uncertainty           -0.035     3.300    
    SLICE_X96Y306        FDRE (Setup_HFF_SLICEM_C_D)
                                                      0.042     3.342    counter_reg_reg[127]
  -------------------------------------------------------------------
                         required time                          3.342    
                         arrival time                          -3.234    
  -------------------------------------------------------------------
                         slack                                  0.108    





Min Delay Paths
--------------------------------------------------------------------------------------
Slack (MET) :             0.065ns  (arrival time - required time)
  Source:                 genblk1[9].stage_text_reg_reg[9][76]/C
                            (rising edge-triggered cell FDRE clocked by clk  {rise@0.000ns fall@1.650ns period=3.300ns})
  Destination:            genblk1[10].stage_text_reg_reg[10][76]/D
                            (rising edge-triggered cell FDRE clocked by clk  {rise@0.000ns fall@1.650ns period=3.300ns})
  Path Group:             clk
  Path Type:              Hold (Min at Slow Process Corner)
  Requirement:            0.000ns  (clk rise@0.000ns - clk rise@0.000ns)
  Data Path Delay:        0.198ns  (logic 0.129ns (65.152%)  route 0.069ns (34.848%))
  Logic Levels:           0  
  Clock Path Skew:        0.016ns (DCD - SCD - CPR)
    Destination Clock Delay (DCD):    0.049ns
    Source Clock Delay      (SCD):    0.033ns
    Clock Pessimism Removal (CPR):    -0.000ns

    Location             Delay type                Incr(ns)  Path(ns)    Netlist Resource(s)
  -------------------------------------------------------------------    -------------------
                         (clock clk rise edge)        0.000     0.000 r  
                                                      0.000     0.000 r  Clk (IN)
                         net (fo=6038, unset)         0.033     0.033    Clk
    SLICE_X98Y271        FDRE                                         r  genblk1[9].stage_text_reg_reg[9][76]/C
  -------------------------------------------------------------------    -------------------
    SLICE_X98Y271        FDRE (Prop_AFF_SLICEL_C_Q)
                                                      0.129     0.162 r  genblk1[9].stage_text_reg_reg[9][76]/Q
                         net (fo=1, routed)           0.069     0.231    genblk1[9].stage_text_reg_reg[9][76]
    SLICE_X98Y271        FDRE                                         r  genblk1[10].stage_text_reg_reg[10][76]/D
  -------------------------------------------------------------------    -------------------

                         (clock clk rise edge)        0.000     0.000 r  
                                                      0.000     0.000 r  Clk (IN)
                         net (fo=6038, unset)         0.049     0.049    Clk
    SLICE_X98Y271        FDRE                                         r  genblk1[10].stage_text_reg_reg[10][76]/C
                         clock pessimism              0.000     0.049    
    SLICE_X98Y271        FDRE (Hold_BFF2_SLICEL_C_D)
                                                      0.117     0.166    genblk1[10].stage_text_reg_reg[10][76]
  -------------------------------------------------------------------
                         required time                         -0.166    
                         arrival time                           0.231    
  -------------------------------------------------------------------
                         slack                                  0.065    





Pulse Width Checks
--------------------------------------------------------------------------------------
Clock Name:         clk
Waveform(ns):       { 0.000 1.650 }
Period(ns):         3.300
Sources:            { Clk }

Check Type        Corner  Lib Pin  Reference Pin  Required(ns)  Actual(ns)  Slack(ns)  Location       Pin
Min Period        n/a     FDRE/C   n/a            0.550         3.300       2.750      SLICE_X96Y291  counter_reg_reg[0]/C
Low Pulse Width   Slow    FDRE/C   n/a            0.275         1.650       1.375      SLICE_X96Y291  counter_reg_reg[0]/C
High Pulse Width  Slow    FDRE/C   n/a            0.275         1.650       1.375      SLICE_X96Y291  counter_reg_reg[0]/C



Copyright 1986-2022 Xilinx, Inc. All Rights Reserved. Copyright 2022-2024 Advanced Micro Devices, Inc. All Rights Reserved.
--------------------------------------------------------------------------------------------------------------------------------------------------
| Tool Version      : Vivado v.2024.2 (lin64) Build 5239630 Fri Nov 08 22:34:34 MST 2024
| Date              : Fri Feb 20 21:31:43 2026
| Host              : laptop running 64-bit Ubuntu 24.04.3 LTS
| Command           : report_clock_utilization -file aes_ctr_pipelined.rpt -append
| Design            : aes_ctr_pipelined
| Device            : xczu7ev-ffvf1517
| Speed File        : -1LV  PRODUCTION 1.30 05-15-2022
| Temperature Grade : I
| Design State      : Routed
--------------------------------------------------------------------------------------------------------------------------------------------------

Clock Utilization Report

Table of Contents
-----------------
1. Clock Primitive Utilization
2. Global Clock Resources
3. Global Clock Source Details
4. Clock Regions : Clock Primitives
5. Clock Regions : Load Primitives
6. Clock Regions : Global Clock Summary
7. Clock Regions : Routing Resource Utilization

1. Clock Primitive Utilization
------------------------------

+------------+------+-----------+-----+--------------+--------+
| Type       | Used | Available | LOC | Clock Region | Pblock |
+------------+------+-----------+-----+--------------+--------+
| BUFGCE     |    0 |       208 |   0 |            0 |      0 |
| BUFGCE_DIV |    0 |        32 |   0 |            0 |      0 |
| BUFGCTRL   |    0 |        64 |   0 |            0 |      0 |
| BUFG_GT    |    0 |       144 |   0 |            0 |      0 |
| BUFG_PS    |    0 |        96 |   0 |            0 |      0 |
| MMCM       |    0 |         8 |   0 |            0 |      0 |
| PLL        |    0 |        16 |   0 |            0 |      0 |
+------------+------+-----------+-----+--------------+--------+


2. Global Clock Resources
-------------------------

+-----------+-----------+-----------------+------------+------+--------------+------+-------------------+------------------+-------------------+-------------+-----------------+--------------+-------+------------+-----+
| Global Id | Source Id | Driver Type/Pin | Constraint | Site | Clock Region | Root | Clock Delay Group | Clock Low Fanout | Load Clock Region | Clock Loads | Non-Clock Loads | Clock Period | Clock | Driver Pin | Net |
+-----------+-----------+-----------------+------------+------+--------------+------+-------------------+------------------+-------------------+-------------+-----------------+--------------+-------+------------+-----+
* Clock Loads column represents cell count of net connects that connect to a clock pin. Internal cell leaf pins are not considered
** Non-Clock Loads column represents cell count of non-clock pin loads


3. Global Clock Source Details
------------------------------

+-----------+-----------+-----------------+------------+------+--------------+-------------+-----------------+---------------------+--------------+------------+-----+
| Source Id | Global Id | Driver Type/Pin | Constraint | Site | Clock Region | Clock Loads | Non-Clock Loads | Source Clock Period | Source Clock | Driver Pin | Net |
+-----------+-----------+-----------------+------------+------+--------------+-------------+-----------------+---------------------+--------------+------------+-----+
* Clock Loads column represents cell count of net connects that connect to a clock pin. Internal cell leaf pins are not considered
** Non-Clock Loads column represents cell count of non-clock pin loads


4. Clock Regions : Clock Primitives
-----------------------------------

+-------------------+---------------+---------------+---------------+---------------+---------------+---------------+---------------+---------------+
|                   |  Global Clock |     BUFGCE    |   BUFGCE_DIV  |    BUFGCTRL   |    BUFG_GT    |    BUFG_PS    |      MMCM     |      PLL      |
+-------------------+-------+-------+-------+-------+-------+-------+-------+-------+-------+-------+-------+-------+-------+-------+-------+-------+
| Clock Region Name | Used  | Avail | Used  | Avail | Used  | Avail | Used  | Avail | Used  | Avail | Used  | Avail | Used  | Avail | Used  | Avail |
+-------------------+-------+-------+-------+-------+-------+-------+-------+-------+-------+-------+-------+-------+-------+-------+-------+-------+
| X0Y0              |     0 |     0 |     0 |     0 |     0 |     0 |     0 |     0 |     0 |     0 |     0 |     0 |     0 |     0 |     0 |     0 |
| X1Y0              |     0 |    24 |     0 |     0 |     0 |     0 |     0 |     0 |     0 |     0 |     0 |    24 |     0 |     0 |     0 |     0 |
| X2Y0              |     0 |    24 |     0 |    24 |     0 |     4 |     0 |     8 |     0 |     0 |     0 |     0 |     0 |     1 |     0 |     2 |
| X3Y0              |     0 |    24 |     0 |     0 |     0 |     0 |     0 |     0 |     0 |    24 |     0 |     0 |     0 |     0 |     0 |     0 |
| X0Y1              |     0 |     0 |     0 |     0 |     0 |     0 |     0 |     0 |     0 |     0 |     0 |     0 |     0 |     0 |     0 |     0 |
| X1Y1              |     0 |    24 |     0 |     0 |     0 |     0 |     0 |     0 |     0 |     0 |     0 |    24 |     0 |     0 |     0 |     0 |
| X2Y1              |     0 |    24 |     0 |    24 |     0 |     4 |     0 |     8 |     0 |     0 |     0 |     0 |     0 |     1 |     0 |     2 |
| X3Y1              |     0 |    24 |     0 |     0 |     0 |     0 |     0 |     0 |     0 |    24 |     0 |     0 |     0 |     0 |     0 |     0 |
| X0Y2              |     0 |     0 |     0 |     0 |     0 |     0 |     0 |     0 |     0 |     0 |     0 |     0 |     0 |     0 |     0 |     0 |
| X1Y2              |     0 |    24 |     0 |     0 |     0 |     0 |     0 |     0 |     0 |     0 |     0 |    24 |     0 |     0 |     0 |     0 |
| X2Y2              |     0 |    24 |     0 |    24 |     0 |     4 |     0 |     8 |     0 |     0 |     0 |     0 |     0 |     1 |     0 |     2 |
| X3Y2              |     0 |    24 |     0 |     0 |     0 |     0 |     0 |     0 |     0 |    24 |     0 |     0 |     0 |     0 |     0 |     0 |
| X0Y3              |     0 |     0 |     0 |     0 |     0 |     0 |     0 |     0 |     0 |     0 |     0 |     0 |     0 |     0 |     0 |     0 |
| X1Y3              |     0 |    24 |     0 |     0 |     0 |     0 |     0 |     0 |     0 |     0 |     0 |    24 |     0 |     0 |     0 |     0 |
| X2Y3              |     0 |    24 |     0 |    24 |     0 |     4 |     0 |     8 |     0 |     0 |     0 |     0 |     0 |     1 |     0 |     2 |
| X3Y3              |     0 |    24 |     0 |     0 |     0 |     0 |     0 |     0 |     0 |    24 |     0 |     0 |     0 |     0 |     0 |     0 |
| X0Y4              |     0 |    24 |     0 |    28 |     0 |     4 |     0 |     8 |     0 |     0 |     0 |     0 |     0 |     1 |     0 |     2 |
| X1Y4              |     0 |    24 |     0 |     0 |     0 |     0 |     0 |     0 |     0 |     0 |     0 |     0 |     0 |     0 |     0 |     0 |
| X2Y4              |     0 |    24 |     0 |    24 |     0 |     4 |     0 |     8 |     0 |     0 |     0 |     0 |     0 |     1 |     0 |     2 |
| X3Y4              |     0 |    24 |     0 |     4 |     0 |     0 |     0 |     0 |     0 |    24 |     0 |     0 |     0 |     0 |     0 |     0 |
| X0Y5              |     0 |    24 |     0 |    28 |     0 |     4 |     0 |     8 |     0 |     0 |     0 |     0 |     0 |     1 |     0 |     2 |
| X1Y5              |     0 |    24 |     0 |     0 |     0 |     0 |     0 |     0 |     0 |     0 |     0 |     0 |     0 |     0 |     0 |     0 |
| X2Y5              |     0 |    24 |     0 |    24 |     0 |     4 |     0 |     8 |     0 |     0 |     0 |     0 |     0 |     1 |     0 |     2 |
| X3Y5              |     0 |    24 |     0 |     4 |     0 |     0 |     0 |     0 |     0 |    24 |     0 |     0 |     0 |     0 |     0 |     0 |
+-------------------+-------+-------+-------+-------+-------+-------+-------+-------+-------+-------+-------+-------+-------+-------+-------+-------+
* Global Clock column represents track count; while other columns represents cell counts


5. Clock Regions : Load Primitives
----------------------------------

+-------------------+------------------+------------------+------------------+------------------+------------------+------------------+------------------+------------------+
|                   |   Global Clock   |        FF        |      LUTRAM      |  Block RAM (18K) |       URAM       |        DSP       |        GT        |      HARD IP     |
+-------------------+--------+---------+--------+---------+--------+---------+--------+---------+--------+---------+--------+---------+--------+---------+--------+---------+
| Clock Region Name | Used   | Avail   | Used   | Avail   | Used   | Avail   | Used   | Avail   | Used   | Avail   | Used   | Avail   | Used   | Avail   | Used   | Avail   |
+-------------------+--------+---------+--------+---------+--------+---------+--------+---------+--------+---------+--------+---------+--------+---------+--------+---------+
| X0Y0              |      0 |       0 |      0 |       0 |      0 |       0 |      0 |       0 |      0 |       0 |      0 |       0 |      0 |       0 |      0 |       0 |
| X1Y0              |      0 |      24 |      0 |   17280 |      0 |    4320 |      0 |      24 |      0 |      16 |      0 |      96 |      0 |       0 |      0 |       0 |
| X2Y0              |      0 |      24 |      0 |   22080 |      0 |    5760 |      0 |      24 |      0 |       0 |      0 |     120 |      0 |       0 |      0 |       0 |
| X3Y0              |      0 |      24 |      0 |   22080 |      0 |    3360 |      0 |      48 |      0 |       0 |      0 |      48 |      0 |       4 |      0 |       1 |
| X0Y1              |      0 |       0 |      0 |       0 |      0 |       0 |      0 |       0 |      0 |       0 |      0 |       0 |      0 |       0 |      0 |       0 |
| X1Y1              |      0 |      24 |      0 |   17280 |      0 |    4320 |      0 |      24 |      0 |      16 |      0 |      96 |      0 |       0 |      0 |       0 |
| X2Y1              |      0 |      24 |      0 |   22080 |      0 |    5760 |      0 |      24 |      0 |       0 |      0 |     120 |      0 |       0 |      0 |       0 |
| X3Y1              |      0 |      24 |      0 |   22080 |      0 |    3360 |      0 |      48 |      0 |       0 |      0 |      48 |      0 |       4 |      0 |       1 |
| X0Y2              |      0 |       0 |      0 |       0 |      0 |       0 |      0 |       0 |      0 |       0 |      0 |       0 |      0 |       0 |      0 |       0 |
| X1Y2              |      0 |      24 |      0 |   17280 |      0 |    4320 |      0 |      24 |      0 |      16 |      0 |      96 |      0 |       0 |      0 |       0 |
| X2Y2              |      0 |      24 |      0 |   22080 |      0 |    5760 |      0 |      24 |      0 |       0 |      0 |     120 |      0 |       0 |      0 |       0 |
| X3Y2              |      0 |      24 |      0 |   22080 |      0 |    3360 |      0 |      48 |      0 |       0 |      0 |      48 |      0 |       4 |      0 |       0 |
| X0Y3              |      0 |       0 |      0 |       0 |      0 |       0 |      0 |       0 |      0 |       0 |      0 |       0 |      0 |       0 |      0 |       0 |
| X1Y3              |      0 |      24 |      0 |   17280 |      0 |    4320 |      0 |      24 |      0 |      16 |      0 |      96 |      0 |       0 |      0 |       0 |
| X2Y3              |      0 |      24 |      0 |   22080 |      0 |    5760 |      0 |      24 |      0 |       0 |      0 |     120 |      0 |       0 |      0 |       0 |
| X3Y3              |      0 |      24 |      0 |   22080 |      0 |    3360 |      0 |      48 |      0 |       0 |      0 |      48 |      0 |       4 |      0 |       0 |
| X0Y4              |      0 |      24 |      0 |   40320 |      0 |    9120 |      0 |      24 |      0 |       0 |      0 |      48 |      0 |       0 |      0 |       0 |
| X1Y4              |      0 |      24 |      0 |   23040 |      0 |    5760 |      0 |      24 |      0 |      16 |      0 |     120 |      0 |       0 |      0 |       0 |
| X2Y4              |      0 |      24 |      0 |   22080 |      0 |    5760 |      0 |      24 |      0 |       0 |      0 |     120 |      0 |       0 |      0 |       0 |
| X3Y4              |      0 |      24 |      0 |   22080 |      0 |    3360 |      0 |      48 |      0 |       0 |      0 |      48 |      0 |       4 |      0 |       0 |
| X0Y5              |      0 |      24 |      0 |   40320 |      0 |    9120 |      0 |      24 |      0 |       0 |      0 |      48 |      0 |       0 |      0 |       0 |
| X1Y5              |      0 |      24 |      0 |   23040 |      0 |    5760 |      0 |      24 |      0 |      16 |      0 |     120 |      0 |       0 |      0 |       0 |
| X2Y5              |      0 |      24 |      0 |   22080 |      0 |    5760 |      0 |      24 |      0 |       0 |      0 |     120 |      0 |       0 |      0 |       0 |
| X3Y5              |      0 |      24 |      0 |   22080 |      0 |    3360 |      0 |      48 |      0 |       0 |      0 |      48 |      0 |       4 |      0 |       0 |
+-------------------+--------+---------+--------+---------+--------+---------+--------+---------+--------+---------+--------+---------+--------+---------+--------+---------+
* Global Clock column represents track count; while other columns represents cell counts


6. Clock Regions : Global Clock Summary
---------------------------------------

All Modules
+----+----+----+----+----+
|    | X0 | X1 | X2 | X3 |
+----+----+----+----+----+
| Y5 |  0 |  0 |  0 |  0 |
| Y4 |  0 |  0 |  0 |  0 |
| Y3 |  0 |  0 |  0 |  0 |
| Y2 |  0 |  0 |  0 |  0 |
| Y1 |  0 |  0 |  0 |  0 |
| Y0 |  0 |  0 |  0 |  0 |
+----+----+----+----+----+


7. Clock Regions : Routing Resource Utilization
-----------------------------------------------

All Modules
+-------------------+----------------------+----------------------+----------------------+----------------------+
|                   |        HROUTES       |        HDISTRS       |        VROUTES       |        VDISTRS       |
+-------------------+------+-------+-------+------+-------+-------+------+-------+-------+------+-------+-------+
| Clock Region Name | Used | Avail | Util% | Used | Avail | Util% | Used | Avail | Util% | Used | Avail | Util% |
+-------------------+------+-------+-------+------+-------+-------+------+-------+-------+------+-------+-------+
| X0Y0              |    0 |     0 |  0.00 |    0 |     0 |  0.00 |    0 |     0 |  0.00 |    0 |     0 |  0.00 |
| X1Y0              |    0 |    24 |  0.00 |    0 |    24 |  0.00 |    0 |    24 |  0.00 |    0 |    24 |  0.00 |
| X2Y0              |    0 |    24 |  0.00 |    0 |    24 |  0.00 |    0 |    24 |  0.00 |    0 |    24 |  0.00 |
| X3Y0              |    0 |    24 |  0.00 |    0 |    24 |  0.00 |    0 |    24 |  0.00 |    0 |    24 |  0.00 |
| X0Y1              |    0 |     0 |  0.00 |    0 |     0 |  0.00 |    0 |     0 |  0.00 |    0 |     0 |  0.00 |
| X1Y1              |    0 |    24 |  0.00 |    0 |    24 |  0.00 |    0 |    24 |  0.00 |    0 |    24 |  0.00 |
| X2Y1              |    0 |    24 |  0.00 |    0 |    24 |  0.00 |    0 |    24 |  0.00 |    0 |    24 |  0.00 |
| X3Y1              |    0 |    24 |  0.00 |    0 |    24 |  0.00 |    0 |    24 |  0.00 |    0 |    24 |  0.00 |
| X0Y2              |    0 |     0 |  0.00 |    0 |     0 |  0.00 |    0 |     0 |  0.00 |    0 |     0 |  0.00 |
| X1Y2              |    0 |    24 |  0.00 |    0 |    24 |  0.00 |    0 |    24 |  0.00 |    0 |    24 |  0.00 |
| X2Y2              |    0 |    24 |  0.00 |    0 |    24 |  0.00 |    0 |    24 |  0.00 |    0 |    24 |  0.00 |
| X3Y2              |    0 |    24 |  0.00 |    0 |    24 |  0.00 |    0 |    24 |  0.00 |    0 |    24 |  0.00 |
| X0Y3              |    0 |     0 |  0.00 |    0 |     0 |  0.00 |    0 |     0 |  0.00 |    0 |     0 |  0.00 |
| X1Y3              |    0 |    24 |  0.00 |    0 |    24 |  0.00 |    0 |    24 |  0.00 |    0 |    24 |  0.00 |
| X2Y3              |    0 |    24 |  0.00 |    0 |    24 |  0.00 |    0 |    24 |  0.00 |    0 |    24 |  0.00 |
| X3Y3              |    0 |    24 |  0.00 |    0 |    24 |  0.00 |    0 |    24 |  0.00 |    0 |    24 |  0.00 |
| X0Y4              |    0 |    24 |  0.00 |    0 |    24 |  0.00 |    0 |    24 |  0.00 |    0 |    24 |  0.00 |
| X1Y4              |    0 |    24 |  0.00 |    0 |    24 |  0.00 |    0 |    24 |  0.00 |    0 |    24 |  0.00 |
| X2Y4              |    0 |    24 |  0.00 |    0 |    24 |  0.00 |    0 |    24 |  0.00 |    0 |    24 |  0.00 |
| X3Y4              |    0 |    24 |  0.00 |    0 |    24 |  0.00 |    0 |    24 |  0.00 |    0 |    24 |  0.00 |
| X0Y5              |    0 |    24 |  0.00 |    0 |    24 |  0.00 |    0 |    24 |  0.00 |    0 |    24 |  0.00 |
| X1Y5              |    0 |    24 |  0.00 |    0 |    24 |  0.00 |    0 |    24 |  0.00 |    0 |    24 |  0.00 |
| X2Y5              |    0 |    24 |  0.00 |    0 |    24 |  0.00 |    0 |    24 |  0.00 |    0 |    24 |  0.00 |
| X3Y5              |    0 |    24 |  0.00 |    0 |    24 |  0.00 |    0 |    24 |  0.00 |    0 |    24 |  0.00 |
+-------------------+------+-------+-------+------+-------+-------+------+-------+-------+------+-------+-------+


Copyright 1986-2022 Xilinx, Inc. All Rights Reserved. Copyright 2022-2024 Advanced Micro Devices, Inc. All Rights Reserved.
---------------------------------------------------------------------------------------------------------------------------------------------
| Tool Version : Vivado v.2024.2 (lin64) Build 5239630 Fri Nov 08 22:34:34 MST 2024
| Date         : Fri Feb 20 21:31:53 2026
| Host         : laptop running 64-bit Ubuntu 24.04.3 LTS
| Command      : report_drc -file aes_ctr_pipelined.rpt -append
| Design       : aes_ctr_pipelined
| Device       : xczu7ev-ffvf1517-1LV-i
| Speed File   : -1LV
| Design State : Fully Routed
---------------------------------------------------------------------------------------------------------------------------------------------

Report DRC

Table of Contents
-----------------
1. REPORT SUMMARY
2. REPORT DETAILS

1. REPORT SUMMARY
-----------------
            Netlist: netlist
          Floorplan: checkpoint_aes_ctr_pipelined
      Design limits: <entire design considered>
           Ruledeck: default
             Max checks: <unlimited>
             Checks found: 0
+------+----------+-------------+--------+
| Rule | Severity | Description | Checks |
+------+----------+-------------+--------+
+------+----------+-------------+--------+

2. REPORT DETAILS
-----------------

Design Route Status
                                               :      # nets :
   ------------------------------------------- : ----------- :
   # of logical nets.......................... :       26689 :
       # of nets not needing routing.......... :       14762 :
           # of internally routed nets........ :       14469 :
           # of implicitly routed ports....... :         293 :
       # of routable nets..................... :       11927 :
           # of fully routed nets............. :       11927 :
       # of nets with routing errors.......... :           0 :
   ------------------------------------------- : ----------- :

Copyright 1986-2022 Xilinx, Inc. All Rights Reserved. Copyright 2022-2024 Advanced Micro Devices, Inc. All Rights Reserved.
-------------------------------------------------------------------------------------------------------------------------------------------------
| Tool Version     : Vivado v.2024.2 (lin64) Build 5239630 Fri Nov 08 22:34:34 MST 2024
| Date             : Fri Feb 20 21:32:06 2026
| Host             : laptop running 64-bit Ubuntu 24.04.3 LTS
| Command          : report_power -file aes_ctr_pipelined.rpt -append
| Design           : aes_ctr_pipelined
| Device           : xczu7ev-ffvf1517-1LV-i
| Design State     : routed
| Grade            : industrial
| Process          : typical
| Characterization : Production
-------------------------------------------------------------------------------------------------------------------------------------------------

Power Report

Table of Contents
-----------------
1. Summary
1.1 On-Chip Components
1.2 Power Supply Summary
1.3 Confidence Level
2. Settings
2.1 Environment
2.2 Clock Constraints
3. Detailed Reports
3.1 By Hierarchy

1. Summary
----------

+--------------------------+--------------+
| Total On-Chip Power (W)  | 1.074        |
| Design Power Budget (W)  | Unspecified* |
| Power Budget Margin (W)  | NA           |
| Dynamic (W)              | 0.510        |
| Device Static (W)        | 0.564        |
| Effective TJA (C/W)      | 0.9          |
| Max Ambient (C)          | 99.1         |
| Junction Temperature (C) | 25.9         |
| Confidence Level         | Medium       |
| Setting File             | ---          |
| Simulation Activity File | ---          |
| Design Nets Matched      | NA           |
+--------------------------+--------------+
* Specify Design Power Budget using, set_operating_conditions -design_power_budget <value in Watts>


1.1 On-Chip Components
----------------------

+----------------+-----------+----------+-----------+-----------------+
| On-Chip        | Power (W) | Used     | Available | Utilization (%) |
+----------------+-----------+----------+-----------+-----------------+
| Clocks         |     0.045 |        3 |       --- |             --- |
| CLB Logic      |     0.239 |    26414 |       --- |             --- |
|   LUT as Logic |     0.233 |    13650 |    230400 |            5.92 |
|   Register     |     0.006 |     6039 |    460800 |            1.31 |
|   CARRY8       |    <0.001 |       16 |     28800 |            0.06 |
|   Others       |     0.000 |        3 |       --- |             --- |
|   F7/F8 Muxes  |     0.000 |     6624 |    230400 |            2.88 |
| Signals        |     0.227 |    11925 |       --- |             --- |
| Static Power   |     0.564 |          |           |                 |
| Total          |     1.074 |          |           |                 |
+----------------+-----------+----------+-----------+-----------------+


1.2 Power Supply Summary
------------------------

+-----------------+-------------+-----------+-------------+------------+-------------+-------------+------------+
| Source          | Voltage (V) | Total (A) | Dynamic (A) | Static (A) | Powerup (A) | Budget (A)  | Margin (A) |
+-----------------+-------------+-----------+-------------+------------+-------------+-------------+------------+
| Vccint          |       0.720 |     0.829 |       0.709 |      0.121 |       NA    | Unspecified | NA         |
| Vccint_io       |       0.850 |     0.070 |       0.000 |      0.070 |       NA    | Unspecified | NA         |
| Vccbram         |       0.850 |     0.002 |       0.000 |      0.002 |       NA    | Unspecified | NA         |
| Vccaux          |       1.800 |     0.148 |       0.000 |      0.148 |       NA    | Unspecified | NA         |
| Vccaux_io       |       1.800 |     0.055 |       0.000 |      0.055 |       NA    | Unspecified | NA         |
| Vcco33          |       3.300 |     0.000 |       0.000 |      0.000 |       NA    | Unspecified | NA         |
| Vcco25          |       2.500 |     0.000 |       0.000 |      0.000 |       NA    | Unspecified | NA         |
| Vcco18          |       1.800 |     0.000 |       0.000 |      0.000 |       NA    | Unspecified | NA         |
| Vcco15          |       1.500 |     0.000 |       0.000 |      0.000 |       NA    | Unspecified | NA         |
| Vcco135         |       1.350 |     0.000 |       0.000 |      0.000 |       NA    | Unspecified | NA         |
| Vcco12          |       1.200 |     0.000 |       0.000 |      0.000 |       NA    | Unspecified | NA         |
| Vcco10          |       1.000 |     0.000 |       0.000 |      0.000 |       NA    | Unspecified | NA         |
| Vccadc          |       1.800 |     0.008 |       0.000 |      0.008 |       NA    | Unspecified | NA         |
| VCC_PSINTFP     |       0.850 |     0.000 |       0.000 |      0.000 |       NA    | Unspecified | NA         |
| VCC_PSINTLP     |       0.850 |     0.005 |       0.000 |      0.005 |       NA    | Unspecified | NA         |
| VPS_MGTRAVCC    |       0.850 |     0.000 |       0.000 |      0.000 |       NA    | Unspecified | NA         |
| VCC_PSINTFP_DDR |       0.850 |     0.000 |       0.000 |      0.000 |       NA    | Unspecified | NA         |
| VCC_PSPLL       |       1.200 |     0.002 |       0.000 |      0.002 |       NA    | Unspecified | NA         |
| VPS_MGTRAVTT    |       1.800 |     0.000 |       0.000 |      0.000 |       NA    | Unspecified | NA         |
| VCCO_PSDDR_504  |       1.200 |     0.000 |       0.000 |      0.000 |       NA    | Unspecified | NA         |
| VCC_PSAUX       |       1.800 |     0.002 |       0.000 |      0.002 |       NA    | Unspecified | NA         |
| VCC_PSBATT      |       1.200 |     0.000 |       0.000 |      0.000 |       NA    | Unspecified | NA         |
| VCC_PSDDR_PLL   |       1.800 |     0.000 |       0.000 |      0.000 |       NA    | Unspecified | NA         |
| VCCO_PSIO0_500  |       3.300 |     0.000 |       0.000 |      0.000 |       NA    | Unspecified | NA         |
| VCCO_PSIO1_501  |       3.300 |     0.000 |       0.000 |      0.000 |       NA    | Unspecified | NA         |
| VCCO_PSIO2_502  |       3.300 |     0.000 |       0.000 |      0.000 |       NA    | Unspecified | NA         |
| VCCO_PSIO3_503  |       3.300 |     0.000 |       0.000 |      0.000 |       NA    | Unspecified | NA         |
| VCC_PSADC       |       1.800 |     0.002 |       0.000 |      0.002 |       NA    | Unspecified | NA         |
| VCCINT_VCU      |       0.900 |     0.025 |       0.000 |      0.025 |       NA    | Unspecified | NA         |
| MGTAVcc         |       0.900 |     0.000 |       0.000 |      0.000 |       NA    | Unspecified | NA         |
| MGTAVtt         |       1.200 |     0.000 |       0.000 |      0.000 |       NA    | Unspecified | NA         |
| MGTVccaux       |       1.800 |     0.000 |       0.000 |      0.000 |       NA    | Unspecified | NA         |
+-----------------+-------------+-----------+-------------+------------+-------------+-------------+------------+


1.3 Confidence Level
--------------------

+-----------------------------+------------+------------------------------------------------+------------------------------------------------------------------------------------------------------------+
| User Input Data             | Confidence | Details                                        | Action                                                                                                     |
+-----------------------------+------------+------------------------------------------------+------------------------------------------------------------------------------------------------------------+
| Design implementation state | High       | Design is routed                               |                                                                                                            |
| Clock nodes activity        | High       | User specified more than 95% of clocks         |                                                                                                            |
| I/O nodes activity          | High       | User specified more than 95% of inputs         |                                                                                                            |
| Internal nodes activity     | Medium     | User specified less than 25% of internal nodes | Provide missing internal nodes activity with simulation results or by editing the "By Resource Type" views |
| Device models               | High       | Device models are Production                   |                                                                                                            |
|                             |            |                                                |                                                                                                            |
| Overall confidence level    | Medium     |                                                |                                                                                                            |
+-----------------------------+------------+------------------------------------------------+------------------------------------------------------------------------------------------------------------+


2. Settings
-----------

2.1 Environment
---------------

+-----------------------+--------------------------+
| Ambient Temp (C)      | 25.0                     |
| ThetaJA (C/W)         | 0.9                      |
| Airflow (LFM)         | 250                      |
| Heat Sink             | medium (Medium Profile)  |
| ThetaSA (C/W)         | 1.2                      |
| Board Selection       | medium (10"x10")         |
| # of Board Layers     | 12to15 (12 to 15 Layers) |
| Board Temperature (C) | 25.0                     |
+-----------------------+--------------------------+


2.2 Clock Constraints
---------------------

+-------+--------+-----------------+
| Clock | Domain | Constraint (ns) |
+-------+--------+-----------------+
| clk   | Clk    |             3.3 |
+-------+--------+-----------------+


3. Detailed Reports
-------------------

3.1 By Hierarchy
----------------

+---------------------------------+-----------+
| Name                            | Power (W) |
+---------------------------------+-----------+
| aes_ctr_pipelined               |     0.510 |
|   key_expansion_inst_10         |     0.010 |
|     genblk1[0].aes_sbox_inst    |     0.003 |
|     genblk1[1].aes_sbox_inst    |     0.003 |
|     genblk1[2].aes_sbox_inst    |     0.002 |
|     genblk1[3].aes_sbox_inst    |     0.003 |
|   key_expansion_inst_11         |     0.010 |
|     genblk1[0].aes_sbox_inst    |     0.003 |
|     genblk1[1].aes_sbox_inst    |     0.002 |
|     genblk1[2].aes_sbox_inst    |     0.003 |
|     genblk1[3].aes_sbox_inst    |     0.002 |
|   key_expansion_inst_12         |     0.010 |
|   key_expansion_inst_2          |     0.001 |
|   key_expansion_inst_3          |     0.005 |
|   key_expansion_inst_4          |     0.009 |
|   key_expansion_inst_5          |     0.010 |
|     genblk1[0].aes_sbox_inst    |     0.003 |
|     genblk1[1].aes_sbox_inst    |     0.002 |
|     genblk1[2].aes_sbox_inst    |     0.002 |
|     genblk1[3].aes_sbox_inst    |     0.003 |
|   key_expansion_inst_6          |     0.010 |
|     genblk1[0].aes_sbox_inst    |     0.003 |
|     genblk1[1].aes_sbox_inst    |     0.003 |
|     genblk1[2].aes_sbox_inst    |     0.002 |
|     genblk1[3].aes_sbox_inst    |     0.003 |
|   key_expansion_inst_7          |     0.010 |
|     genblk1[0].aes_sbox_inst    |     0.003 |
|     genblk1[1].aes_sbox_inst    |     0.003 |
|     genblk1[2].aes_sbox_inst    |     0.002 |
|     genblk1[3].aes_sbox_inst    |     0.002 |
|   key_expansion_inst_8          |     0.010 |
|     genblk1[0].aes_sbox_inst    |     0.002 |
|     genblk1[1].aes_sbox_inst    |     0.003 |
|     genblk1[2].aes_sbox_inst    |     0.003 |
|     genblk1[3].aes_sbox_inst    |     0.003 |
|   key_expansion_inst_9          |     0.010 |
|     genblk1[0].aes_sbox_inst    |     0.002 |
|     genblk1[1].aes_sbox_inst    |     0.002 |
|     genblk1[2].aes_sbox_inst    |     0.002 |
|     genblk1[3].aes_sbox_inst    |     0.003 |
|   round_inst_10                 |     0.023 |
|     sb_inst                     |     0.023 |
|       genblk1[0].aes_sbox_inst  |     0.001 |
|       genblk1[10].aes_sbox_inst |     0.001 |
|       genblk1[11].aes_sbox_inst |     0.001 |
|       genblk1[12].aes_sbox_inst |     0.001 |
|       genblk1[13].aes_sbox_inst |     0.002 |
|       genblk1[14].aes_sbox_inst |     0.002 |
|       genblk1[15].aes_sbox_inst |     0.001 |
|       genblk1[1].aes_sbox_inst  |     0.001 |
|       genblk1[2].aes_sbox_inst  |     0.001 |
|       genblk1[3].aes_sbox_inst  |     0.001 |
|       genblk1[4].aes_sbox_inst  |     0.001 |
|       genblk1[5].aes_sbox_inst  |     0.001 |
|       genblk1[6].aes_sbox_inst  |     0.001 |
|       genblk1[7].aes_sbox_inst  |     0.001 |
|       genblk1[8].aes_sbox_inst  |     0.001 |
|       genblk1[9].aes_sbox_inst  |     0.001 |
|   round_inst_11                 |     0.022 |
|     sb_inst                     |     0.022 |
|       genblk1[0].aes_sbox_inst  |     0.001 |
|       genblk1[10].aes_sbox_inst |     0.002 |
|       genblk1[11].aes_sbox_inst |     0.001 |
|       genblk1[12].aes_sbox_inst |     0.001 |
|       genblk1[13].aes_sbox_inst |     0.001 |
|       genblk1[14].aes_sbox_inst |     0.001 |
|       genblk1[15].aes_sbox_inst |     0.001 |
|       genblk1[1].aes_sbox_inst  |     0.001 |
|       genblk1[2].aes_sbox_inst  |     0.001 |
|       genblk1[3].aes_sbox_inst  |     0.001 |
|       genblk1[4].aes_sbox_inst  |     0.001 |
|       genblk1[5].aes_sbox_inst  |     0.001 |
|       genblk1[6].aes_sbox_inst  |     0.001 |
|       genblk1[7].aes_sbox_inst  |     0.001 |
|       genblk1[8].aes_sbox_inst  |     0.001 |
|       genblk1[9].aes_sbox_inst  |     0.001 |
|   round_inst_12                 |     0.021 |
|     sb_inst                     |     0.021 |
|       genblk1[0].aes_sbox_inst  |     0.001 |
|       genblk1[10].aes_sbox_inst |     0.001 |
|       genblk1[11].aes_sbox_inst |     0.001 |
|       genblk1[12].aes_sbox_inst |     0.001 |
|       genblk1[13].aes_sbox_inst |     0.001 |
|       genblk1[14].aes_sbox_inst |     0.001 |
|       genblk1[15].aes_sbox_inst |     0.001 |
|       genblk1[1].aes_sbox_inst  |     0.001 |
|       genblk1[2].aes_sbox_inst  |     0.001 |
|       genblk1[3].aes_sbox_inst  |     0.002 |
|       genblk1[4].aes_sbox_inst  |     0.001 |
|       genblk1[5].aes_sbox_inst  |     0.001 |
|       genblk1[6].aes_sbox_inst  |     0.001 |
|       genblk1[7].aes_sbox_inst  |     0.001 |
|       genblk1[8].aes_sbox_inst  |     0.001 |
|       genblk1[9].aes_sbox_inst  |     0.001 |
|   round_inst_13                 |     0.020 |
|     sb_inst                     |     0.020 |
|       genblk1[0].aes_sbox_inst  |     0.001 |
|       genblk1[10].aes_sbox_inst |     0.001 |
|       genblk1[11].aes_sbox_inst |     0.001 |
|       genblk1[12].aes_sbox_inst |     0.001 |
|       genblk1[13].aes_sbox_inst |     0.001 |
|       genblk1[14].aes_sbox_inst |     0.001 |
|       genblk1[15].aes_sbox_inst |     0.001 |
|       genblk1[1].aes_sbox_inst  |     0.001 |
|       genblk1[2].aes_sbox_inst  |     0.001 |
|       genblk1[3].aes_sbox_inst  |     0.001 |
|       genblk1[4].aes_sbox_inst  |     0.001 |
|       genblk1[5].aes_sbox_inst  |     0.001 |
|       genblk1[6].aes_sbox_inst  |     0.001 |
|       genblk1[7].aes_sbox_inst  |     0.001 |
|       genblk1[8].aes_sbox_inst  |     0.001 |
|       genblk1[9].aes_sbox_inst  |     0.001 |
|   round_inst_14                 |     0.012 |
|     sb_inst                     |     0.012 |
|   round_inst_4                  |     0.022 |
|     sb_inst                     |     0.022 |
|       genblk1[0].aes_sbox_inst  |     0.001 |
|       genblk1[10].aes_sbox_inst |     0.001 |
|       genblk1[11].aes_sbox_inst |     0.001 |
|       genblk1[12].aes_sbox_inst |     0.001 |
|       genblk1[13].aes_sbox_inst |     0.001 |
|       genblk1[14].aes_sbox_inst |     0.001 |
|       genblk1[15].aes_sbox_inst |     0.001 |
|       genblk1[1].aes_sbox_inst  |     0.001 |
|       genblk1[2].aes_sbox_inst  |     0.001 |
|       genblk1[3].aes_sbox_inst  |     0.001 |
|       genblk1[4].aes_sbox_inst  |     0.002 |
|       genblk1[5].aes_sbox_inst  |     0.001 |
|       genblk1[6].aes_sbox_inst  |     0.001 |
|       genblk1[7].aes_sbox_inst  |     0.001 |
|       genblk1[8].aes_sbox_inst  |     0.001 |
|       genblk1[9].aes_sbox_inst  |     0.001 |
|   round_inst_5                  |     0.022 |
|     sb_inst                     |     0.022 |
|       genblk1[0].aes_sbox_inst  |     0.001 |
|       genblk1[10].aes_sbox_inst |     0.001 |
|       genblk1[11].aes_sbox_inst |     0.001 |
|       genblk1[12].aes_sbox_inst |     0.001 |
|       genblk1[13].aes_sbox_inst |     0.001 |
|       genblk1[14].aes_sbox_inst |     0.002 |
|       genblk1[15].aes_sbox_inst |     0.002 |
|       genblk1[1].aes_sbox_inst  |     0.001 |
|       genblk1[2].aes_sbox_inst  |     0.001 |
|       genblk1[3].aes_sbox_inst  |     0.001 |
|       genblk1[4].aes_sbox_inst  |     0.001 |
|       genblk1[5].aes_sbox_inst  |     0.001 |
|       genblk1[6].aes_sbox_inst  |     0.001 |
|       genblk1[7].aes_sbox_inst  |     0.001 |
|       genblk1[8].aes_sbox_inst  |     0.001 |
|       genblk1[9].aes_sbox_inst  |     0.001 |
|   round_inst_6                  |     0.019 |
|     sb_inst                     |     0.019 |
|       genblk1[0].aes_sbox_inst  |     0.001 |
|       genblk1[10].aes_sbox_inst |     0.001 |
|       genblk1[11].aes_sbox_inst |     0.001 |
|       genblk1[12].aes_sbox_inst |     0.001 |
|       genblk1[13].aes_sbox_inst |     0.001 |
|       genblk1[14].aes_sbox_inst |     0.001 |
|       genblk1[15].aes_sbox_inst |     0.001 |
|       genblk1[1].aes_sbox_inst  |     0.001 |
|       genblk1[2].aes_sbox_inst  |     0.001 |
|       genblk1[3].aes_sbox_inst  |     0.001 |
|       genblk1[4].aes_sbox_inst  |     0.001 |
|       genblk1[5].aes_sbox_inst  |     0.001 |
|       genblk1[6].aes_sbox_inst  |     0.001 |
|       genblk1[7].aes_sbox_inst  |     0.001 |
|       genblk1[8].aes_sbox_inst  |     0.001 |
|       genblk1[9].aes_sbox_inst  |     0.001 |
|   round_inst_7                  |     0.015 |
|     sb_inst                     |     0.015 |
|   round_inst_8                  |     0.023 |
|     sb_inst                     |     0.023 |
|       genblk1[0].aes_sbox_inst  |     0.001 |
|       genblk1[10].aes_sbox_inst |     0.001 |
|       genblk1[11].aes_sbox_inst |     0.001 |
|       genblk1[12].aes_sbox_inst |     0.001 |
|       genblk1[13].aes_sbox_inst |     0.001 |
|       genblk1[14].aes_sbox_inst |     0.001 |
|       genblk1[15].aes_sbox_inst |     0.002 |
|       genblk1[1].aes_sbox_inst  |     0.001 |
|       genblk1[2].aes_sbox_inst  |     0.002 |
|       genblk1[3].aes_sbox_inst  |     0.001 |
|       genblk1[4].aes_sbox_inst  |     0.002 |
|       genblk1[5].aes_sbox_inst  |     0.001 |
|       genblk1[6].aes_sbox_inst  |     0.001 |
|       genblk1[7].aes_sbox_inst  |     0.001 |
|       genblk1[8].aes_sbox_inst  |     0.001 |
|       genblk1[9].aes_sbox_inst  |     0.001 |
|   round_inst_9                  |     0.023 |
|     sb_inst                     |     0.023 |
|       genblk1[0].aes_sbox_inst  |     0.001 |
|       genblk1[10].aes_sbox_inst |     0.001 |
|       genblk1[11].aes_sbox_inst |     0.001 |
|       genblk1[12].aes_sbox_inst |     0.001 |
|       genblk1[13].aes_sbox_inst |     0.001 |
|       genblk1[14].aes_sbox_inst |     0.001 |
|       genblk1[15].aes_sbox_inst |     0.002 |
|       genblk1[1].aes_sbox_inst  |     0.001 |
|       genblk1[2].aes_sbox_inst  |     0.002 |
|       genblk1[3].aes_sbox_inst  |     0.001 |
|       genblk1[4].aes_sbox_inst  |     0.001 |
|       genblk1[5].aes_sbox_inst  |     0.001 |
|       genblk1[6].aes_sbox_inst  |     0.002 |
|       genblk1[7].aes_sbox_inst  |     0.001 |
|       genblk1[8].aes_sbox_inst  |     0.001 |
|       genblk1[9].aes_sbox_inst  |     0.001 |
+---------------------------------+-----------+


