launch_simulation
Command: launch_simulation 
INFO: [Vivado 12-12493] Simulation top is 'tb'
INFO: [Vivado 12-5682] Launching behavioral simulation in '/home/danilo/Documents/mgr/project_1/project_1.sim/sim_1/behav/xsim'
INFO: [SIM-utils-51] Simulation object is 'sim_1'
INFO: [SIM-utils-72] Using boost library from '/tools/Xilinx/Vivado/2024.2/tps/boost_1_72_0'
INFO: [SIM-utils-54] Inspecting design source files for 'tb' in fileset 'sim_1'...
INFO: [SIM-utils-43] Exported '/home/danilo/Documents/mgr/project_1/project_1.sim/sim_1/behav/xsim/pkts_in.txt'
INFO: [SIM-utils-43] Exported '/home/danilo/Documents/mgr/project_1/project_1.sim/sim_1/behav/xsim/pkts_out.txt'
INFO: [USF-XSim-97] Finding global include files...
INFO: [USF-XSim-98] Fetching design files from 'sim_1'...
INFO: [USF-XSim-2] XSim::Compile design
INFO: [USF-XSim-61] Executing 'COMPILE and ANALYZE' step in '/home/danilo/Documents/mgr/project_1/project_1.sim/sim_1/behav/xsim'
xvlog --incr --relax -L uvm -prj tb_vlog.prj
INFO: [VRFC 10-2263] Analyzing SystemVerilog file "/home/danilo/Documents/mgr/aes/modules/common/aes_bytes_substitutor.sv" into library xil_defaultlib
INFO: [VRFC 10-311] analyzing module aes_bytes_substitutor
INFO: [VRFC 10-2263] Analyzing SystemVerilog file "/home/danilo/Documents/mgr/aes/modules/aes_cbc_iterative.sv" into library xil_defaultlib
INFO: [VRFC 10-311] analyzing module aes_cbc_iterative
INFO: [VRFC 10-2263] Analyzing SystemVerilog file "/home/danilo/Documents/mgr/aes/modules/common/aes_columns_mixer.sv" into library xil_defaultlib
INFO: [VRFC 10-311] analyzing module aes_columns_mixer
INFO: [VRFC 10-2263] Analyzing SystemVerilog file "/home/danilo/Documents/mgr/aes/modules/common/aes_inv_sbox.sv" into library xil_defaultlib
INFO: [VRFC 10-311] analyzing module aes_inv_sbox
INFO: [VRFC 10-2263] Analyzing SystemVerilog file "/home/danilo/Documents/mgr/aes/modules/common/aes_key_expander.sv" into library xil_defaultlib
INFO: [VRFC 10-311] analyzing module aes_key_expander
INFO: [VRFC 10-2263] Analyzing SystemVerilog file "/home/danilo/Documents/mgr/aes/modules/common/aes_round.sv" into library xil_defaultlib
INFO: [VRFC 10-311] analyzing module aes_round
INFO: [VRFC 10-2263] Analyzing SystemVerilog file "/home/danilo/Documents/mgr/aes/modules/common/aes_round_key_adder.sv" into library xil_defaultlib
INFO: [VRFC 10-311] analyzing module aes_round_key_adder
INFO: [VRFC 10-2263] Analyzing SystemVerilog file "/home/danilo/Documents/mgr/aes/modules/common/aes_rows_shifter.sv" into library xil_defaultlib
INFO: [VRFC 10-311] analyzing module aes_rows_shifter
INFO: [VRFC 10-2263] Analyzing SystemVerilog file "/home/danilo/Documents/mgr/aes/modules/common/aes_sbox.sv" into library xil_defaultlib
INFO: [VRFC 10-311] analyzing module aes_sbox
INFO: [VRFC 10-2263] Analyzing SystemVerilog file "/home/danilo/Documents/mgr/aes/testbench/axis_if.sv" into library xil_defaultlib
INFO: [VRFC 10-2263] Analyzing SystemVerilog file "/home/danilo/Documents/mgr/aes/testbench/tb_pkg.sv" into library xil_defaultlib
INFO: [VRFC 10-2263] Analyzing SystemVerilog file "/home/danilo/Documents/mgr/aes/testbench/tb.sv" into library xil_defaultlib
INFO: [VRFC 10-311] analyzing module tb
Waiting for jobs to finish...
No pending jobs, compilation finished.
INFO: [USF-XSim-69] 'compile' step finished in '1' seconds
INFO: [USF-XSim-3] XSim::Elaborate design
INFO: [USF-XSim-61] Executing 'ELABORATE' step in '/home/danilo/Documents/mgr/project_1/project_1.sim/sim_1/behav/xsim'
xelab --incr --debug typical --relax --mt 8 -L xil_defaultlib -L uvm -L unisims_ver -L unimacro_ver -L secureip --snapshot tb_behav xil_defaultlib.tb xil_defaultlib.glbl -log elaborate.log
Vivado Simulator v2024.2.0
Copyright 1986-2022 Xilinx, Inc. All Rights Reserved.
Copyright 2022-2024 Advanced Micro Devices, Inc. All Rights Reserved.
Running: /tools/Xilinx/Vivado/2024.2/bin/unwrapped/lnx64.o/xelab --incr --debug typical --relax --mt 8 -L xil_defaultlib -L uvm -L unisims_ver -L unimacro_ver -L secureip --snapshot tb_behav xil_defaultlib.tb xil_defaultlib.glbl -log elaborate.log 
Using 8 slave threads.
Starting static elaboration
Pass Through NonSizing Optimizer
Completed static elaboration
Starting simulation data flow analysis
WARNING: [XSIM 43-4099] "/home/danilo/Documents/mgr/aes/testbench/tb_pkg.sv" Line 1. Module tb_pkg doesn't have a timescale but at least one module in design has a timescale.
WARNING: [XSIM 43-4099] "/home/danilo/Documents/mgr/aes/testbench/tb_pkg.sv" Line 1. Module tb_pkg doesn't have a timescale but at least one module in design has a timescale.
WARNING: [XSIM 43-4099] "/home/danilo/Documents/mgr/aes/testbench/axis_if.sv" Line 1. Module axis_if_default doesn't have a timescale but at least one module in design has a timescale.
WARNING: [XSIM 43-4099] "/home/danilo/Documents/mgr/aes/testbench/axis_if.sv" Line 23. Module cb doesn't have a timescale but at least one module in design has a timescale.
WARNING: [XSIM 43-4099] "/home/danilo/Documents/mgr/aes/testbench/axis_if.sv" Line 1. Module axis_if_default doesn't have a timescale but at least one module in design has a timescale.
WARNING: [XSIM 43-4099] "/home/danilo/Documents/mgr/aes/testbench/axis_if.sv" Line 23. Module cb doesn't have a timescale but at least one module in design has a timescale.
WARNING: [XSIM 43-4099] "/home/danilo/Documents/mgr/aes/modules/aes_cbc_iterative.sv" Line 3. Module aes_cbc_iterative doesn't have a timescale but at least one module in design has a timescale.
WARNING: [XSIM 43-4099] "/home/danilo/Documents/mgr/aes/modules/common/aes_key_expander.sv" Line 3. Module aes_key_expander_default doesn't have a timescale but at least one module in design has a timescale.
WARNING: [XSIM 43-4099] "/home/danilo/Documents/mgr/aes/modules/common/aes_sbox.sv" Line 1. Module aes_sbox doesn't have a timescale but at least one module in design has a timescale.
WARNING: [XSIM 43-4099] "/home/danilo/Documents/mgr/aes/modules/common/aes_sbox.sv" Line 1. Module aes_sbox doesn't have a timescale but at least one module in design has a timescale.
WARNING: [XSIM 43-4099] "/home/danilo/Documents/mgr/aes/modules/common/aes_sbox.sv" Line 1. Module aes_sbox doesn't have a timescale but at least one module in design has a timescale.
WARNING: [XSIM 43-4099] "/home/danilo/Documents/mgr/aes/modules/common/aes_sbox.sv" Line 1. Module aes_sbox doesn't have a timescale but at least one module in design has a timescale.
WARNING: [XSIM 43-4099] "/home/danilo/Documents/mgr/aes/modules/common/aes_columns_mixer.sv" Line 3. Module aes_columns_mixer doesn't have a timescale but at least one module in design has a timescale.
WARNING: [XSIM 43-4099] "/home/danilo/Documents/mgr/aes/modules/common/aes_round_key_adder.sv" Line 3. Module aes_round_key_adder doesn't have a timescale but at least one module in design has a timescale.
WARNING: [XSIM 43-4099] "/home/danilo/Documents/mgr/aes/modules/common/aes_round.sv" Line 3. Module aes_round doesn't have a timescale but at least one module in design has a timescale.
WARNING: [XSIM 43-4099] "/home/danilo/Documents/mgr/aes/modules/common/aes_bytes_substitutor.sv" Line 3. Module aes_bytes_substitutor_default doesn't have a timescale but at least one module in design has a timescale.
WARNING: [XSIM 43-4099] "/home/danilo/Documents/mgr/aes/modules/common/aes_sbox.sv" Line 1. Module aes_sbox doesn't have a timescale but at least one module in design has a timescale.
WARNING: [XSIM 43-4099] "/home/danilo/Documents/mgr/aes/modules/common/aes_inv_sbox.sv" Line 1. Module aes_inv_sbox doesn't have a timescale but at least one module in design has a timescale.
WARNING: [XSIM 43-4099] "/home/danilo/Documents/mgr/aes/modules/common/aes_sbox.sv" Line 1. Module aes_sbox doesn't have a timescale but at least one module in design has a timescale.
WARNING: [XSIM 43-4099] "/home/danilo/Documents/mgr/aes/modules/common/aes_inv_sbox.sv" Line 1. Module aes_inv_sbox doesn't have a timescale but at least one module in design has a timescale.
WARNING: [XSIM 43-4099] "/home/danilo/Documents/mgr/aes/modules/common/aes_sbox.sv" Line 1. Module aes_sbox doesn't have a timescale but at least one module in design has a timescale.
WARNING: [XSIM 43-4099] "/home/danilo/Documents/mgr/aes/modules/common/aes_inv_sbox.sv" Line 1. Module aes_inv_sbox doesn't have a timescale but at least one module in design has a timescale.
WARNING: [XSIM 43-4099] "/home/danilo/Documents/mgr/aes/modules/common/aes_sbox.sv" Line 1. Module aes_sbox doesn't have a timescale but at least one module in design has a timescale.
WARNING: [XSIM 43-4099] "/home/danilo/Documents/mgr/aes/modules/common/aes_inv_sbox.sv" Line 1. Module aes_inv_sbox doesn't have a timescale but at least one module in design has a timescale.
WARNING: [XSIM 43-4099] "/home/danilo/Documents/mgr/aes/modules/common/aes_sbox.sv" Line 1. Module aes_sbox doesn't have a timescale but at least one module in design has a timescale.
WARNING: [XSIM 43-4099] "/home/danilo/Documents/mgr/aes/modules/common/aes_inv_sbox.sv" Line 1. Module aes_inv_sbox doesn't have a timescale but at least one module in design has a timescale.
WARNING: [XSIM 43-4099] "/home/danilo/Documents/mgr/aes/modules/common/aes_sbox.sv" Line 1. Module aes_sbox doesn't have a timescale but at least one module in design has a timescale.
WARNING: [XSIM 43-4099] "/home/danilo/Documents/mgr/aes/modules/common/aes_inv_sbox.sv" Line 1. Module aes_inv_sbox doesn't have a timescale but at least one module in design has a timescale.
WARNING: [XSIM 43-4099] "/home/danilo/Documents/mgr/aes/modules/common/aes_sbox.sv" Line 1. Module aes_sbox doesn't have a timescale but at least one module in design has a timescale.
WARNING: [XSIM 43-4099] "/home/danilo/Documents/mgr/aes/modules/common/aes_inv_sbox.sv" Line 1. Module aes_inv_sbox doesn't have a timescale but at least one module in design has a timescale.
WARNING: [XSIM 43-4099] "/home/danilo/Documents/mgr/aes/modules/common/aes_sbox.sv" Line 1. Module aes_sbox doesn't have a timescale but at least one module in design has a timescale.
WARNING: [XSIM 43-4099] "/home/danilo/Documents/mgr/aes/modules/common/aes_inv_sbox.sv" Line 1. Module aes_inv_sbox doesn't have a timescale but at least one module in design has a timescale.
WARNING: [XSIM 43-4099] "/home/danilo/Documents/mgr/aes/modules/common/aes_sbox.sv" Line 1. Module aes_sbox doesn't have a timescale but at least one module in design has a timescale.
WARNING: [XSIM 43-4099] "/home/danilo/Documents/mgr/aes/modules/common/aes_inv_sbox.sv" Line 1. Module aes_inv_sbox doesn't have a timescale but at least one module in design has a timescale.
WARNING: [XSIM 43-4099] "/home/danilo/Documents/mgr/aes/modules/common/aes_sbox.sv" Line 1. Module aes_sbox doesn't have a timescale but at least one module in design has a timescale.
WARNING: [XSIM 43-4099] "/home/danilo/Documents/mgr/aes/modules/common/aes_inv_sbox.sv" Line 1. Module aes_inv_sbox doesn't have a timescale but at least one module in design has a timescale.
WARNING: [XSIM 43-4099] "/home/danilo/Documents/mgr/aes/modules/common/aes_sbox.sv" Line 1. Module aes_sbox doesn't have a timescale but at least one module in design has a timescale.
WARNING: [XSIM 43-4099] "/home/danilo/Documents/mgr/aes/modules/common/aes_inv_sbox.sv" Line 1. Module aes_inv_sbox doesn't have a timescale but at least one module in design has a timescale.
WARNING: [XSIM 43-4099] "/home/danilo/Documents/mgr/aes/modules/common/aes_sbox.sv" Line 1. Module aes_sbox doesn't have a timescale but at least one module in design has a timescale.
WARNING: [XSIM 43-4099] "/home/danilo/Documents/mgr/aes/modules/common/aes_inv_sbox.sv" Line 1. Module aes_inv_sbox doesn't have a timescale but at least one module in design has a timescale.
WARNING: [XSIM 43-4099] "/home/danilo/Documents/mgr/aes/modules/common/aes_sbox.sv" Line 1. Module aes_sbox doesn't have a timescale but at least one module in design has a timescale.
WARNING: [XSIM 43-4099] "/home/danilo/Documents/mgr/aes/modules/common/aes_inv_sbox.sv" Line 1. Module aes_inv_sbox doesn't have a timescale but at least one module in design has a timescale.
WARNING: [XSIM 43-4099] "/home/danilo/Documents/mgr/aes/modules/common/aes_sbox.sv" Line 1. Module aes_sbox doesn't have a timescale but at least one module in design has a timescale.
WARNING: [XSIM 43-4099] "/home/danilo/Documents/mgr/aes/modules/common/aes_inv_sbox.sv" Line 1. Module aes_inv_sbox doesn't have a timescale but at least one module in design has a timescale.
WARNING: [XSIM 43-4099] "/home/danilo/Documents/mgr/aes/modules/common/aes_sbox.sv" Line 1. Module aes_sbox doesn't have a timescale but at least one module in design has a timescale.
WARNING: [XSIM 43-4099] "/home/danilo/Documents/mgr/aes/modules/common/aes_inv_sbox.sv" Line 1. Module aes_inv_sbox doesn't have a timescale but at least one module in design has a timescale.
WARNING: [XSIM 43-4099] "/home/danilo/Documents/mgr/aes/modules/common/aes_sbox.sv" Line 1. Module aes_sbox doesn't have a timescale but at least one module in design has a timescale.
WARNING: [XSIM 43-4099] "/home/danilo/Documents/mgr/aes/modules/common/aes_inv_sbox.sv" Line 1. Module aes_inv_sbox doesn't have a timescale but at least one module in design has a timescale.
WARNING: [XSIM 43-4099] "/home/danilo/Documents/mgr/aes/modules/common/aes_rows_shifter.sv" Line 3. Module aes_rows_shifter doesn't have a timescale but at least one module in design has a timescale.
WARNING: [XSIM 43-4099] "/home/danilo/Documents/mgr/aes/modules/common/aes_columns_mixer.sv" Line 3. Module aes_columns_mixer doesn't have a timescale but at least one module in design has a timescale.
WARNING: [XSIM 43-4099] "/home/danilo/Documents/mgr/aes/modules/common/aes_round_key_adder.sv" Line 3. Module aes_round_key_adder doesn't have a timescale but at least one module in design has a timescale.
WARNING: [XSIM 43-4099] "/home/danilo/Documents/mgr/aes/testbench/axis_if.sv" Line 1. Module axis_if_default doesn't have a timescale but at least one module in design has a timescale.
WARNING: [XSIM 43-4099] "/home/danilo/Documents/mgr/aes/testbench/axis_if.sv" Line 23. Module cb doesn't have a timescale but at least one module in design has a timescale.
WARNING: [XSIM 43-4099] "/home/danilo/Documents/mgr/aes/testbench/axis_if.sv" Line 23. Module cb doesn't have a timescale but at least one module in design has a timescale.
WARNING: [XSIM 43-4099] "/home/danilo/Documents/mgr/aes/testbench/axis_if.sv" Line 1. Module axis_if_default doesn't have a timescale but at least one module in design has a timescale.
WARNING: [XSIM 43-4099] "/home/danilo/Documents/mgr/aes/testbench/axis_if.sv" Line 23. Module cb doesn't have a timescale but at least one module in design has a timescale.
WARNING: [XSIM 43-4099] "/home/danilo/Documents/mgr/aes/testbench/axis_if.sv" Line 23. Module cb doesn't have a timescale but at least one module in design has a timescale.
WARNING: [XSIM 43-4099] "/home/danilo/Documents/mgr/aes/modules/aes_cbc_iterative.sv" Line 3. Module aes_cbc_iterative doesn't have a timescale but at least one module in design has a timescale.
WARNING: [XSIM 43-4099] "/home/danilo/Documents/mgr/aes/modules/common/aes_key_expander.sv" Line 3. Module aes_key_expander_default doesn't have a timescale but at least one module in design has a timescale.
WARNING: [XSIM 43-4099] "/home/danilo/Documents/mgr/aes/modules/common/aes_sbox.sv" Line 1. Module aes_sbox doesn't have a timescale but at least one module in design has a timescale.
WARNING: [XSIM 43-4099] "/home/danilo/Documents/mgr/aes/modules/common/aes_sbox.sv" Line 1. Module aes_sbox doesn't have a timescale but at least one module in design has a timescale.
WARNING: [XSIM 43-4099] "/home/danilo/Documents/mgr/aes/modules/common/aes_sbox.sv" Line 1. Module aes_sbox doesn't have a timescale but at least one module in design has a timescale.
WARNING: [XSIM 43-4099] "/home/danilo/Documents/mgr/aes/modules/common/aes_sbox.sv" Line 1. Module aes_sbox doesn't have a timescale but at least one module in design has a timescale.
WARNING: [XSIM 43-4099] "/home/danilo/Documents/mgr/aes/modules/common/aes_columns_mixer.sv" Line 3. Module aes_columns_mixer doesn't have a timescale but at least one module in design has a timescale.
WARNING: [XSIM 43-4099] "/home/danilo/Documents/mgr/aes/modules/common/aes_round_key_adder.sv" Line 3. Module aes_round_key_adder doesn't have a timescale but at least one module in design has a timescale.
WARNING: [XSIM 43-4099] "/home/danilo/Documents/mgr/aes/modules/common/aes_round.sv" Line 3. Module aes_round doesn't have a timescale but at least one module in design has a timescale.
WARNING: [XSIM 43-4099] "/home/danilo/Documents/mgr/aes/modules/common/aes_bytes_substitutor.sv" Line 3. Module aes_bytes_substitutor_default doesn't have a timescale but at least one module in design has a timescale.
WARNING: [XSIM 43-4099] "/home/danilo/Documents/mgr/aes/modules/common/aes_sbox.sv" Line 1. Module aes_sbox doesn't have a timescale but at least one module in design has a timescale.
WARNING: [XSIM 43-4099] "/home/danilo/Documents/mgr/aes/modules/common/aes_inv_sbox.sv" Line 1. Module aes_inv_sbox doesn't have a timescale but at least one module in design has a timescale.
WARNING: [XSIM 43-4099] "/home/danilo/Documents/mgr/aes/modules/common/aes_sbox.sv" Line 1. Module aes_sbox doesn't have a timescale but at least one module in design has a timescale.
WARNING: [XSIM 43-4099] "/home/danilo/Documents/mgr/aes/modules/common/aes_inv_sbox.sv" Line 1. Module aes_inv_sbox doesn't have a timescale but at least one module in design has a timescale.
WARNING: [XSIM 43-4099] "/home/danilo/Documents/mgr/aes/modules/common/aes_sbox.sv" Line 1. Module aes_sbox doesn't have a timescale but at least one module in design has a timescale.
WARNING: [XSIM 43-4099] "/home/danilo/Documents/mgr/aes/modules/common/aes_inv_sbox.sv" Line 1. Module aes_inv_sbox doesn't have a timescale but at least one module in design has a timescale.
WARNING: [XSIM 43-4099] "/home/danilo/Documents/mgr/aes/modules/common/aes_sbox.sv" Line 1. Module aes_sbox doesn't have a timescale but at least one module in design has a timescale.
WARNING: [XSIM 43-4099] "/home/danilo/Documents/mgr/aes/modules/common/aes_inv_sbox.sv" Line 1. Module aes_inv_sbox doesn't have a timescale but at least one module in design has a timescale.
WARNING: [XSIM 43-4099] "/home/danilo/Documents/mgr/aes/modules/common/aes_sbox.sv" Line 1. Module aes_sbox doesn't have a timescale but at least one module in design has a timescale.
WARNING: [XSIM 43-4099] "/home/danilo/Documents/mgr/aes/modules/common/aes_inv_sbox.sv" Line 1. Module aes_inv_sbox doesn't have a timescale but at least one module in design has a timescale.
WARNING: [XSIM 43-4099] "/home/danilo/Documents/mgr/aes/modules/common/aes_sbox.sv" Line 1. Module aes_sbox doesn't have a timescale but at least one module in design has a timescale.
WARNING: [XSIM 43-4099] "/home/danilo/Documents/mgr/aes/modules/common/aes_inv_sbox.sv" Line 1. Module aes_inv_sbox doesn't have a timescale but at least one module in design has a timescale.
WARNING: [XSIM 43-4099] "/home/danilo/Documents/mgr/aes/modules/common/aes_sbox.sv" Line 1. Module aes_sbox doesn't have a timescale but at least one module in design has a timescale.
WARNING: [XSIM 43-4099] "/home/danilo/Documents/mgr/aes/modules/common/aes_inv_sbox.sv" Line 1. Module aes_inv_sbox doesn't have a timescale but at least one module in design has a timescale.
WARNING: [XSIM 43-4099] "/home/danilo/Documents/mgr/aes/modules/common/aes_sbox.sv" Line 1. Module aes_sbox doesn't have a timescale but at least one module in design has a timescale.
WARNING: [XSIM 43-4099] "/home/danilo/Documents/mgr/aes/modules/common/aes_inv_sbox.sv" Line 1. Module aes_inv_sbox doesn't have a timescale but at least one module in design has a timescale.
WARNING: [XSIM 43-4099] "/home/danilo/Documents/mgr/aes/modules/common/aes_sbox.sv" Line 1. Module aes_sbox doesn't have a timescale but at least one module in design has a timescale.
WARNING: [XSIM 43-4099] "/home/danilo/Documents/mgr/aes/modules/common/aes_inv_sbox.sv" Line 1. Module aes_inv_sbox doesn't have a timescale but at least one module in design has a timescale.
WARNING: [XSIM 43-4099] "/home/danilo/Documents/mgr/aes/modules/common/aes_sbox.sv" Line 1. Module aes_sbox doesn't have a timescale but at least one module in design has a timescale.
WARNING: [XSIM 43-4099] "/home/danilo/Documents/mgr/aes/modules/common/aes_inv_sbox.sv" Line 1. Module aes_inv_sbox doesn't have a timescale but at least one module in design has a timescale.
WARNING: [XSIM 43-4099] "/home/danilo/Documents/mgr/aes/modules/common/aes_sbox.sv" Line 1. Module aes_sbox doesn't have a timescale but at least one module in design has a timescale.
WARNING: [XSIM 43-4099] "/home/danilo/Documents/mgr/aes/modules/common/aes_inv_sbox.sv" Line 1. Module aes_inv_sbox doesn't have a timescale but at least one module in design has a timescale.
WARNING: [XSIM 43-4099] "/home/danilo/Documents/mgr/aes/modules/common/aes_sbox.sv" Line 1. Module aes_sbox doesn't have a timescale but at least one module in design has a timescale.
WARNING: [XSIM 43-4099] "/home/danilo/Documents/mgr/aes/modules/common/aes_inv_sbox.sv" Line 1. Module aes_inv_sbox doesn't have a timescale but at least one module in design has a timescale.
WARNING: [XSIM 43-4099] "/home/danilo/Documents/mgr/aes/modules/common/aes_sbox.sv" Line 1. Module aes_sbox doesn't have a timescale but at least one module in design has a timescale.
WARNING: [XSIM 43-4099] "/home/danilo/Documents/mgr/aes/modules/common/aes_inv_sbox.sv" Line 1. Module aes_inv_sbox doesn't have a timescale but at least one module in design has a timescale.
WARNING: [XSIM 43-4099] "/home/danilo/Documents/mgr/aes/modules/common/aes_sbox.sv" Line 1. Module aes_sbox doesn't have a timescale but at least one module in design has a timescale.
WARNING: [XSIM 43-4099] "/home/danilo/Documents/mgr/aes/modules/common/aes_inv_sbox.sv" Line 1. Module aes_inv_sbox doesn't have a timescale but at least one module in design has a timescale.
WARNING: [XSIM 43-4099] "/home/danilo/Documents/mgr/aes/modules/common/aes_sbox.sv" Line 1. Module aes_sbox doesn't have a timescale but at least one module in design has a timescale.
WARNING: [XSIM 43-4099] "/home/danilo/Documents/mgr/aes/modules/common/aes_inv_sbox.sv" Line 1. Module aes_inv_sbox doesn't have a timescale but at least one module in design has a timescale.
WARNING: [XSIM 43-4099] "/home/danilo/Documents/mgr/aes/modules/common/aes_sbox.sv" Line 1. Module aes_sbox doesn't have a timescale but at least one module in design has a timescale.
WARNING: [XSIM 43-4099] "/home/danilo/Documents/mgr/aes/modules/common/aes_inv_sbox.sv" Line 1. Module aes_inv_sbox doesn't have a timescale but at least one module in design has a timescale.
WARNING: [XSIM 43-4099] "/home/danilo/Documents/mgr/aes/modules/common/aes_rows_shifter.sv" Line 3. Module aes_rows_shifter doesn't have a timescale but at least one module in design has a timescale.
WARNING: [XSIM 43-4099] "/home/danilo/Documents/mgr/aes/modules/common/aes_columns_mixer.sv" Line 3. Module aes_columns_mixer doesn't have a timescale but at least one module in design has a timescale.
WARNING: [XSIM 43-4099] "/home/danilo/Documents/mgr/aes/modules/common/aes_round_key_adder.sv" Line 3. Module aes_round_key_adder doesn't have a timescale but at least one module in design has a timescale.
Completed simulation data flow analysis
Time Resolution for simulation is 1ps
Compiling package xil_defaultlib.$unit_aes_bytes_substitutor_sv_5...
WARNING: [XSIM 43-3373] "../../../../../aes/testbench/include/generator.svh" Line 23. System function $sscanf is used as system task. This system function should have a LHS e.g. x=$sscanf().
WARNING: [XSIM 43-3373] "../../../../../aes/testbench/include/generator.svh" Line 29. System function $sscanf is used as system task. This system function should have a LHS e.g. x=$sscanf().
Compiling package xil_defaultlib.tb_pkg
Compiling package std.std
Compiling module xil_defaultlib.cb
Compiling module xil_defaultlib.axis_if_default
Compiling module xil_defaultlib.aes_sbox
Compiling module xil_defaultlib.aes_key_expander_default
Compiling module xil_defaultlib.aes_columns_mixer
Compiling module xil_defaultlib.aes_round_key_adder
Compiling module xil_defaultlib.aes_inv_sbox
Compiling module xil_defaultlib.aes_bytes_substitutor_default
Compiling module xil_defaultlib.aes_rows_shifter
Compiling module xil_defaultlib.aes_round
Compiling module xil_defaultlib.aes_cbc_iterative
Compiling module xil_defaultlib.tb
Compiling module xil_defaultlib.glbl
Built simulation snapshot tb_behav
INFO: [USF-XSim-69] 'elaborate' step finished in '2' seconds
INFO: [USF-XSim-4] XSim::Simulate design
INFO: [USF-XSim-61] Executing 'SIMULATE' step in '/home/danilo/Documents/mgr/project_1/project_1.sim/sim_1/behav/xsim'
INFO: [USF-XSim-98] *** Running xsim
   with args "tb_behav -key {Behavioral:sim_1:Functional:tb} -tclbatch {tb.tcl} -log {simulate.log}"
INFO: [USF-XSim-8] Loading simulator feature
Time resolution is 1 ps
source tb.tcl
# set curr_wave [current_wave_config]
# if { [string length $curr_wave] == 0 } {
#   if { [llength [get_objects]] > 0} {
#     add_wave /
#     set_property needs_save false [current_wave_config]
#   } else {
#      send_msg_id Add_Wave-1 WARNING "No top level signals found. Simulator will start without a wave window. If you want to open a wave window go to 'File->New Waveform Configuration' or type 'create_wave_config' in the TCL console."
#   }
# }
WARNING: Simulation object /tb/gen was not traceable in the design for the following reason:
Vivado Simulator does not support tracing of System Verilog Dynamic Type object.
WARNING: Simulation object /tb/drv was not traceable in the design for the following reason:
Vivado Simulator does not support tracing of System Verilog Dynamic Type object.
WARNING: Simulation object /tb/mon was not traceable in the design for the following reason:
Vivado Simulator does not support tracing of System Verilog Dynamic Type object.
WARNING: Simulation object /tb/scb was not traceable in the design for the following reason:
Vivado Simulator does not support tracing of System Verilog Dynamic Type object.
WARNING: Simulation object /tb/gen2drv_mbx was not traceable in the design for the following reason:
Vivado Simulator does not support tracing of System Verilog Dynamic Type object.
WARNING: Simulation object /tb/gen2scb_mbx was not traceable in the design for the following reason:
Vivado Simulator does not support tracing of System Verilog Dynamic Type object.
WARNING: Simulation object /tb/mon2scb_mbx was not traceable in the design for the following reason:
Vivado Simulator does not support tracing of System Verilog Dynamic Type object.
WARNING: Simulation object /tb/drv2gen_receive_ev was not traceable in the design for the following reason:
Vivado Simulator does not support tracing of event type object.
WARNING: Simulation object /tb/gen2drv_finish_ev was not traceable in the design for the following reason:
Vivado Simulator does not support tracing of event type object.
WARNING: Simulation object /tb/scb2gen_receive_ev was not traceable in the design for the following reason:
Vivado Simulator does not support tracing of event type object.
WARNING: Simulation object /tb/gen2scb_finish_ev was not traceable in the design for the following reason:
Vivado Simulator does not support tracing of event type object.
WARNING: Simulation object /tb/mon2scb_receive_ev was not traceable in the design for the following reason:
Vivado Simulator does not support tracing of event type object.
WARNING: Simulation object /tb/scb2mon_finish_ev was not traceable in the design for the following reason:
Vivado Simulator does not support tracing of event type object.
# run 1000ns
INFO: [USF-XSim-96] XSim completed. Design snapshot 'tb_behav' loaded.
INFO: [USF-XSim-97] XSim simulation ran for 1000ns
launch_simulation: Time (s): cpu = 00:00:05 ; elapsed = 00:00:05 . Memory (MB): peak = 12835.355 ; gain = 0.000 ; free physical = 3817 ; free virtual = 34379
run all
[Driver]     Time:     2996ns, id:   0, data: b78c2c34e5d6aef8339ddab4808bf65ce2c2e29764aa58412ba486ca364f079a10821f937eb519a5d8ed131fc31c0a6de776bc7a13e527d48f562f7748e52d6e
[Monitor]    Time:     3147ns, id:   0, data: e7d99f032de7552633813fc6c02152bb
[Driver]     Time:     3326ns, id:   1, data: 8dc21d7fcc5ee8e72cd74dcb14901eee1988a9411d0e9e190960117c8ba4ee5a880989ab609c2ddfae17f07191e2f71be5b3e07d9adfe9cb44ad3f1d7223407c5e6cadb4e516e6d8228942dba4b17afa
[Monitor]    Time:     3413ns, id:   1, data: 771b8e454cba314bef10a466e6621dd1a2690c905373921d2b077fc70585a2d6
[Driver]     Time:     3686ns, id:   2, data: d1d7150282edaaef90e826c3b5f3a2c1c85f676338551b6c43906528886098e6ce96a9517d4ef2f4a99c107b4c346305469cd4bf0f001bb3578b7243f6789608df48e141d3d74870634e38ee2b70e95faa4eee888f7a0895ddc3c6eca7b2316b
[Monitor]    Time:     3773ns, id:   2, data: fa2f66abc6aaffc7e043f7e347d096aef76c93b8c57667f536256632f89c1cc6a22ba24e6973ab8c918c7cbd23a1bed1
[Driver]     Time:     4138ns, id:   3, data: b79838981234ebba5d36cd48f07b38b5a69eef7c31e46699c8b1a089b388602e7669f701ad586d9d7274244d73eff31975a90187cbfd85715467fcedeafd66eda52213352c7cf71d3b5ab7b0c26cc3524130d1d88f21b345cde37d41ecf1055507b2e15f321ac750aa65d8928ab182a1
[Monitor]    Time:     4225ns, id:   3, data: 3c0da4c7b1a07539cd4b977f687fa2ad94f3419de87ad3f0419c339e79978019d80610ad50f046df0304a9e3ea3c5d227c652310a3bb19ea61446eb601fcadcb
[Driver]     Time:     4684ns, id:   4, data: 2f2fc72f2a37dffb499abdd431e17c85576a34da6c53d161e3dc42889b412c8bcd37c65aa12abd4aff5bdf79608da73a30f1cb67bc439c0419215f13c2ca27f05506cd56fc379a5f42ad4593e5454ba426c16a0cfce3c41854b775d55a39013f92b173b4ac7448cf4636c22baff9db9ae46c4fd57fda8e1707afb22abbb6f053
[Monitor]    Time:     4771ns, id:   4, data: cdecb76419e34999884df4cacb1e1c2dd44239ba8cacd3d6598b8304ec86bd2ace52eced7d125bd37d0bb7da30f3ff1460b26f2467e368fcd3e90bf16e4aba3668fd2ed88e1a9266a6d1b5886c33fe66
[Driver]     Time:     5322ns, id:   5, data: 72763bd1df9ac3e3e23a1a003fb5541ddf1e420ef2613e32a461eab18a7d2c5211d523fd4151997d166774e02e2a947f18ce6cd73b33191a644b49ce0deb4575b6bc7aa8a5bd707861e9f2ab18bb2bdb830240b15efb18a0eb9bc043932741b8db202e171928b8639d6e70256129164b06324a61f8c8d8d96d2b910a2de8d2d767f11ad9867f265c4ec5a2af99d02f83
[Monitor]    Time:     5409ns, id:   5, data: f47ed8f66d937f5f08d7f7b999f5939e7601eccdb0040f284f93925fca2b68011b5e783e3db8273d98e2c506ace4c148de748982ee39115fc4a51d2bd17211f64f159d140219d1bdca1fe4de3611d9c11a5bebe72d87f0859c2cff3228a16feb
[Driver]     Time:     6052ns, id:   6, data: e6485ed139b63f9dc06b7f4e5d4b72f81af5ca3e60b6df460b86f262279c12c8e53b72a311d641d064528aea48834b70deda0230dd67c5bd40570e555c4069b81e17cf8fc77481ca9d8dab1eacfacb8d3e31ebe7154a45805684c8d76f151ac1d5c4b38d83f3ad53b2b516f6282516fb968a7b2e7dadad4cb2fd69683fac0793e57b26ff8396cfdcb5a56ba20d470f2882923342dbf4800dd3e065a33614edc9
[Monitor]    Time:     6139ns, id:   6, data: 058a2d2999420f6459474441de1dabbf43664ff3c89391cb7c7177a400889115f649fea70e92487ad5a2167f910969205fec14f48edf30b3b84ba2b19186dc7a531808d66ef38ce0e1ca7ce1bc6819cf47a26bd1c35fc21e0d7915d254c7566b14513cdcc011474800af961353f99f57
[Driver]     Time:     6876ns, id:   7, data: c619c162f0ec8beb43be1aac84c4b8b4c5a9814131b01387b1c25be3fa38787f121f8c3a864187fafb368c3363462c2f6a0cefd76e8da8768834b4a8ccc0b1e247ac54aa14a6804bebe9d27b2767d6e5204efbb2c0ecdb02d9dab62d8e5d85ddd67f041db8ee5afa2a6981fe701b199bfd352478bb27bd99ef5ea49a7d20740173907c6ad9735c529100b7b33b7442a48ae58134380ec68c2bd7cf5e43300b7b5673f657d8dc3a41b201a7abd1574c04
[Monitor]    Time:     6963ns, id:   7, data: a2e239a648c16f7bc023dc158161e3005c5f7136f5d377ee6ca9e2347d51a2f4610230970fcd345e346d644ce9dec8a30a648ef6afb976b2c78018792782a636ab1c98036c4c460b01d105fb63c9eae49f29b96dfaf79b453e2286bdf1959cb57ad835c99b7339c92bcc67670197bd2d6e8a8e6b9f43777e06b31e861343444c
[Driver]     Time:     7792ns, id:   8, data: 28641e9ed3e1697c44f976f7f88a3e103471f5ee2c5936f109402c7f6cdb790d79aa7568d257bac6f33d08e071bb8cff6d87b9829729d0d5d103322dc339525997dfe5fc60ae014bf3f5d7d9bc1fd4255908d4987836b80f59d8a1346bcb5ef923d63943e6bfc0c2578406a9eaee4ead52a14a5bdc0fc3d81553d38b919b38e0f25312d20c0828c30f9043e935282176d7d05fcd50d1d56e90264584a9c50f332788bc35096ffd2e0af25c1a66113e00b1eefb2ef3d086b0cb95eb25a982dc10
[Monitor]    Time:     7879ns, id:   8, data: 550c8adc8a59d656eceebdf51bd3c23fededbc8be8b69bd715999290a5b2bf5c0b7a6fa9041b8c89a514a0cbda413bc89718a638b6f7375f8fbfa72d4fb1fbf0e045c28b1a98d2ab8aaa2544ea22426508541b692b8263931ed58052382026d913d1d7b035632d0a72f8d7533850a73c738aea533e0285a5ede1f74ab8fc8a9f70fcd6b23ccaf9f87d6378bb95f2b2ca
[Driver]     Time:     8802ns, id:   9, data: d9c67398c3eb9256664d1e7e5863b6e64449b2284de20049084132b14adbb14bac7acc53397d4419c86dcc4a2c052ad7b0b6ea8b3224e8d1d04fdcb97084efb46c4ef91339010f03fd556b1af24e5765bd2386d2a417ed8c20f38885ef9c8ece4bc77470100b5839ff85aca59a196fea24384b992ba03272e443cda8f1f24611cf243961ce9666a8beca2efc420cf18c58c8a72aa857a3ac3028ae5d8f34dd439a55c182fc0f38560c67ed8aaa1f6b69a7fcb97553f04bdd2e3eafb1e20beddf3ecb6e330ed7f6cf7aa2f829eea1a252
[Monitor]    Time:     8889ns, id:   9, data: 9548f940dee0fa53b5229c7347406af66f314fa9080e91b6a5a5f2d87317036ca0a4240ebfe49f767d349001a333d12c413030cbc1537a36c389e00f97f482451528a9675a889002ddf609c2ce07ef0340965fc3a4ba87882cc1a7b3395b03842b9ecac485d3cb83ada249e75a3bfc9e7776335cd3960e0ee7af63472455d186f68186f4905ace5a01d6c22eef5654eeae53b2b6f4ab638c5b4b1220dd555202
[Driver]     Time:     9904ns, id:  10, data: 333cc970d2ef31a9ab163a9c8acb38b6ba86e00aae07f3735b1f625a78e78411370a2391f6ed4f2783898970cbfac4ffeab86a986e344865037b69282ae046fd306950a7c8553b574134ec423f556123523fef8d21755339425f5eb197977a03b5b5de69c3486cf3fd037857890638112b7387873686b3d6d62aa456888a359f990e9369325cd92e0eaa2d29ce4c9270733380cf1be5d52a8c89370722d2cd39bb000523becb6afd6410d728a67fb091a0435986c3ba46d19d37b0d7be717a4410f1c25d12fef610c0777ec6f89779ff7e6a38727a9ae7e531cbf3e0a1463fdb
[Monitor]    Time:     9991ns, id:  10, data: a380604e307cb10a13f37c2daf29179bbe8f96a4f7c46f59efbdac432735041869fccd8cb02538383df233305645fa4cab6118a916638d6e75ed4571a02943d7f1c18aa699f4033beacfe51805c17f8859dfe5d39c14c8adb492da0548c1bdf8d19606a66cede4c0abd8fdf87d634c6d2915439e68d6d34e33bbb3553c8297ca76bf5071e3fc4b093a84814d8824823f5ed4c010dab7d5c95762f1a7ee418c032c63ac827f444611ae6cf5a996256304
[Driver]     Time:    11098ns, id:  11, data: c2795bfed21acd347614cc05195e21a012d6853a2d747d9f3958adcb106abcf97eabe83989ed7f78dc3668e5f9fc9e958d870884bb9581cb5ac0a5964d2ea9af172e20cae66823bb1b520fef2392cc0a04aad82aecee5001c2ca19626066b85e518fbbbc882d7e4322bbcb60c72edbca1e64c9ee943d1da73902238b050707e832873428cd155f294335b4bea290d3f5e19f433f04f0ed1d897ebe289209918bb9815f08dd4870ae0559070c9d515987051fa59b413d8c2ff232c3a11e564aa45003eae0a88f2f0299574fa01e3a340b75c7e6d32f1fb4769c8586c7552fe63e8e0e744a5a6bf65eb26499961e598c3c
[Monitor]    Time:    11185ns, id:  11, data: de479157be6a12c5adc7b07706c42183a72727eb2abcd4323138b1422559c24d8582598e2d03035f4c6f3376b992765dc757258ce4369843bdd5974e5bac24fc39c7919d0e1cafd53bbea65bdecd3aef57a7e22be458033f621165084b7edba8c2a327588931a5b7ce798c86f88f0210f6cf5b551f52caa5aef23170e3b621fe6fb6b8f0468f497dd443cfe4d03eb50b911f718e69f26444a9327b5199bedc2bc8747d3cf1ad926acb84cc56e1db535c445353d40d9ebfd0c8f57664ca68710d
[Driver]     Time:    12386ns, id:  12, data: d856a2267d861277ce553648eeb3c46662e4f8358c9cbd6088ba823fd74bcceea9d158ed48d4af19966f4b66d9b6edf86723f915b71923fcc97ffccbe6f32cd188a3cfbc8d75bd51a1f3de1d81d098d8b73f1b7731ca89f0de08909f894721fc1dd73a3ac2a0c717b2d8b3c6efff301c817709d1c1b6587e97ed60c684cd75a649296417a5b3c58eebac11d436d0468ead20cd82d6f2fdf1adfefbfed8ec47567c9aa0451d30c5f6da89794e032a9b34e697bfd62073eceb894658c79ef953e1bfaf1877635e7b3afa6d84372cc6d7216d9714b3599abde6e2b71965f74cdd373b65e19c4bcaf0815ebc1fc1b7e46943c4dd2c798b7b6efe5f68cc5c4329c994
[Monitor]    Time:    12473ns, id:  12, data: 661f685b3a7e33512cf0d27dbc41499a3701a398e97f944cddbb7f5ec2cdc17c7c2e92e8d80adfe692bcee7f71e479c07821a2f2ca5afc14569ca313ca5fe45a78b7fe72753b3490306d2d9772fdc761691f7528fa8f26804d32ce6fb0a9f759c823c4264d2f9e85f46ace90934ccbf226cde0bec64a376b4012898c4ea516da6030d87ec4121e74fb39e2b43c2f0feec25ad0a26d4f2c9078217a2ce0eb1c55740ecc1ca6ea57b2d1df7fac328d3777c68c49482bb7b7c3547cd22f5658708b156a49afd352fcceda967a024ad5c754
[Driver]     Time:    13766ns, id:  13, data: 736f2ba8a2133e793f346077e2bdcc83333101d17c440b4ee72fa9b2991e76d594e85eb687da45cdc5dcf6a1881c2e7fbb471a13c6240f30204921c44812fe7bd72a68104daf8411387a21f1411fc84081048c41dfcc312fcc5ef9f1eae571d11e1efec53f4d1a6fb67786ed66b4f5a8f4ebd3b02f82f789bca9374a68aa6a9518eaa3ba57b301d9d9be5c52b8dd12bbc91d5d3ea8f09a5ec5e55eb49ab13d7d98f9e3ed7fbe914870a63f3e249e89d05355b670b6236fc4b49aaf82a48aab05a68b84a08fab9585a6edb06f8b6b56a35e62e804244dbaf0a745d15178aa6cfdac51032de929858001983726fa5f70e84cc7d3f0b3cd45fd34eb9f616962efcab9ea49d0dd5bb1a2b04e94f355af1525
[Monitor]    Time:    13853ns, id:  13, data: 41659edb824ff59cb022f384f273f71af5b0d2d154bf73bdd9476d81318559632185bbf59d1ebb9ce146db2f975a54da08562a83ddc3871becd2b8ab3134f0ff6dee7c208d6e8324d63b70cec3cb1ffc276ae1369474fdb38beb4cb809a58750e6923a274577ee6b1da2303a755bdc819f6dd41bc30ad335ab68303cde3c638291de8d15fe91868a226385dfe393f55ae126b009bb7d8b7d50e896345d1fd768a69cebc2d7bda660aec8bf8acf20a9d73251c60c15bed75754cd11db5ca98c782fca459fc31b5696a1c69f505b1f5826fca0f41b7548b2e2284d3998fb0d3c37
[Driver]     Time:    15240ns, id:  14, data: d585c4aa8f2493f637196226f1d1d6103fee74ff94b5a275e54662a12516a6b489110e0f03b88e706723e2e8116a7f2b228fcf27a6a1ee89da16c7cfe6ab9e27e11121b24da9e742430ef6700015dc233c4c7e670208a9c3322e738fca6527682a37679f2f1d4d254e19128c051ae0985c868af4b9a4b61025856b8cb83fc8031f12172fcec5df4d2226e06233defd02b831307d17da82132280cb6df5e163e4cd88bde6aeefe5b28cd62ee85d364a0b5fc543cc8096906531e3432ecadd344edbb7a825ad2bc9b3162a802fa03f1287d0ace9c5e751ae40184da0ec343ab702c2e794c37f03c59017f819fc05013475edeb7096d0e6c753151552611a8524ccb8c81bef5f7c027439dcb60cb1a52c16feb73ae03b186dde470d4b4dd0279a22
[Monitor]    Time:    15327ns, id:  14, data: 9db0606445d5d91b33bebe0c3cfd5079a6ee686ea37107f445e353ac77ef0a8069cda0d6965b61e73b285ef79f7c30c0358c4921c166d784dbd7bec7fc945a46bc959bc70576c51c2c2ccc31971c26a38e30cbf3495185e0e59eff184397362c9bfde4eae53c2648ba5ab9e6f48cf878ae8c7b60691545071a3011171c4c1a3693a046832e0a771de214273d7db0e81ef04c8fe09654fcf9c689072c6fceba475993a1579e3691a440e1bf64d8d78bc69f48bf8085ce29af5c4aa03d7ca65d2ab6c254daf3e8c5dcdf4a9697d83460edc86880cd7affe1bf12c326e3355d100cb72b93d384db3b846839a51ab1cec07d
[Driver]     Time:    16806ns, id:  15, data: bb76d6ad7f3feeb3ac13a80c04fc5b551b9914e6e24f936b44796fcae50392454fd861d2e6db1fd0b56163f7f654d4e94970258e43b8bd8bb793e0bbd76bea894309e9ffbdceac85bbbbc74deb6b3c2c0eb37f864ff182c85c1a65735cd281ca22a783fd32e6585c08129067d28505e34882cd3a74515b17d2b271f2155dc1d0d78110b17afb83c760f591322f263ba0606a2bb4348e2cd69aca321c727eabd3adf70e44751282e2a918d4a71190b67af26a9fa8f38ce07569e1fdd0a3be66aa7726bfa69073ffde353160226d782e95dfa93ff273e63d8b096480bca07e458b2e685ff35027c99f58f3937ce9a0da7de9f65a653ebe0bf6800e813b829f9078012282cda3baea9f7bc79ee96129ea6d282ea59ab888485b0027f4a899570e79235e13ac6f222998231ccf7648a54150
[Monitor]    Time:    16893ns, id:  15, data: 6e3e3161b60858dd799e0c581a73e4f64567a9cdd9ded6fcfc2deaa34d17ced41bc6e46c2728e91dcd9d668bf0adb68f7ca21cd683a386ac298ba6cff11a84536638ff08f43496cbe9d94ac8961fb9c8500270b9a1ec8eee7c6be2c9b1a543b1da3628c0425381f12c5f925c18bdb53cd080ea7ffc2395ea7373fa19ab63232749d97cdb7539cec1140a40c71410fe3ceef348d65210737ac9818125c96c7d8484109f23d1a786e281a387742b439923f9dd37bdc2756edf6a77dcdde808930c1831e765dbe5ba3717fc09acccfbb3ba013485b78e8607f2a85de889096207dad4e910b85ffdf054395ec2bd8e991dc61cf81aa2941f5e3e9d863d9c445e4f09

TEST COMPLETED.
$finish called at time : 16898300 ps : File "/home/danilo/Documents/mgr/aes/testbench/tb.sv" Line 96
