launch_simulation
Command: launch_simulation 
INFO: [Vivado 12-12493] Simulation top is 'tb'
INFO: [Vivado 12-5682] Launching behavioral simulation in '/home/danilo/Documents/mgr/project_1/project_1.sim/sim_1/behav/xsim'
INFO: [SIM-utils-51] Simulation object is 'sim_1'
INFO: [SIM-utils-72] Using boost library from '/tools/Xilinx/Vivado/2024.2/tps/boost_1_72_0'
INFO: [SIM-utils-54] Inspecting design source files for 'tb' in fileset 'sim_1'...
INFO: [SIM-utils-43] Exported '/home/danilo/Documents/mgr/project_1/project_1.sim/sim_1/behav/xsim/pkts_in.txt'
INFO: [SIM-utils-43] Exported '/home/danilo/Documents/mgr/project_1/project_1.sim/sim_1/behav/xsim/pkts_out.txt'
INFO: [USF-XSim-97] Finding global include files...
INFO: [USF-XSim-98] Fetching design files from 'sim_1'...
INFO: [USF-XSim-2] XSim::Compile design
INFO: [USF-XSim-61] Executing 'COMPILE and ANALYZE' step in '/home/danilo/Documents/mgr/project_1/project_1.sim/sim_1/behav/xsim'
xvlog --incr --relax -L uvm -prj tb_vlog.prj
INFO: [VRFC 10-2263] Analyzing SystemVerilog file "/home/danilo/Documents/mgr/aes/modules/common/aes_bytes_substitutor.sv" into library xil_defaultlib
INFO: [VRFC 10-311] analyzing module aes_bytes_substitutor
INFO: [VRFC 10-2263] Analyzing SystemVerilog file "/home/danilo/Documents/mgr/aes/modules/common/aes_columns_mixer.sv" into library xil_defaultlib
INFO: [VRFC 10-311] analyzing module aes_columns_mixer
INFO: [VRFC 10-2263] Analyzing SystemVerilog file "/home/danilo/Documents/mgr/aes/modules/aes_ctr_iterative.sv" into library xil_defaultlib
INFO: [VRFC 10-311] analyzing module aes_ctr_iterative
INFO: [VRFC 10-2263] Analyzing SystemVerilog file "/home/danilo/Documents/mgr/aes/modules/common/aes_inv_sbox.sv" into library xil_defaultlib
INFO: [VRFC 10-311] analyzing module aes_inv_sbox
INFO: [VRFC 10-2263] Analyzing SystemVerilog file "/home/danilo/Documents/mgr/aes/modules/common/aes_key_expander.sv" into library xil_defaultlib
INFO: [VRFC 10-311] analyzing module aes_key_expander
INFO: [VRFC 10-2263] Analyzing SystemVerilog file "/home/danilo/Documents/mgr/aes/modules/common/aes_round.sv" into library xil_defaultlib
INFO: [VRFC 10-311] analyzing module aes_round
INFO: [VRFC 10-2263] Analyzing SystemVerilog file "/home/danilo/Documents/mgr/aes/modules/common/aes_round_key_adder.sv" into library xil_defaultlib
INFO: [VRFC 10-311] analyzing module aes_round_key_adder
INFO: [VRFC 10-2263] Analyzing SystemVerilog file "/home/danilo/Documents/mgr/aes/modules/common/aes_rows_shifter.sv" into library xil_defaultlib
INFO: [VRFC 10-311] analyzing module aes_rows_shifter
INFO: [VRFC 10-2263] Analyzing SystemVerilog file "/home/danilo/Documents/mgr/aes/modules/common/aes_sbox.sv" into library xil_defaultlib
INFO: [VRFC 10-311] analyzing module aes_sbox
INFO: [VRFC 10-2263] Analyzing SystemVerilog file "/home/danilo/Documents/mgr/aes/testbench/axis_if.sv" into library xil_defaultlib
INFO: [VRFC 10-2263] Analyzing SystemVerilog file "/home/danilo/Documents/mgr/aes/testbench/tb_pkg.sv" into library xil_defaultlib
INFO: [VRFC 10-2263] Analyzing SystemVerilog file "/home/danilo/Documents/mgr/aes/testbench/tb.sv" into library xil_defaultlib
INFO: [VRFC 10-311] analyzing module tb
Waiting for jobs to finish...
No pending jobs, compilation finished.
INFO: [USF-XSim-69] 'compile' step finished in '1' seconds
INFO: [USF-XSim-3] XSim::Elaborate design
INFO: [USF-XSim-61] Executing 'ELABORATE' step in '/home/danilo/Documents/mgr/project_1/project_1.sim/sim_1/behav/xsim'
xelab --incr --debug typical --relax --mt 8 -L xil_defaultlib -L uvm -L unisims_ver -L unimacro_ver -L secureip --snapshot tb_behav xil_defaultlib.tb xil_defaultlib.glbl -log elaborate.log
Vivado Simulator v2024.2.0
Copyright 1986-2022 Xilinx, Inc. All Rights Reserved.
Copyright 2022-2024 Advanced Micro Devices, Inc. All Rights Reserved.
Running: /tools/Xilinx/Vivado/2024.2/bin/unwrapped/lnx64.o/xelab --incr --debug typical --relax --mt 8 -L xil_defaultlib -L uvm -L unisims_ver -L unimacro_ver -L secureip --snapshot tb_behav xil_defaultlib.tb xil_defaultlib.glbl -log elaborate.log 
Using 8 slave threads.
Starting static elaboration
Pass Through NonSizing Optimizer
Completed static elaboration
Starting simulation data flow analysis
WARNING: [XSIM 43-4099] "/home/danilo/Documents/mgr/aes/testbench/tb_pkg.sv" Line 1. Module tb_pkg doesn't have a timescale but at least one module in design has a timescale.
WARNING: [XSIM 43-4099] "/home/danilo/Documents/mgr/aes/testbench/tb_pkg.sv" Line 1. Module tb_pkg doesn't have a timescale but at least one module in design has a timescale.
WARNING: [XSIM 43-4099] "/home/danilo/Documents/mgr/aes/testbench/axis_if.sv" Line 1. Module axis_if_default doesn't have a timescale but at least one module in design has a timescale.
WARNING: [XSIM 43-4099] "/home/danilo/Documents/mgr/aes/testbench/axis_if.sv" Line 23. Module cb doesn't have a timescale but at least one module in design has a timescale.
WARNING: [XSIM 43-4099] "/home/danilo/Documents/mgr/aes/testbench/axis_if.sv" Line 1. Module axis_if_default doesn't have a timescale but at least one module in design has a timescale.
WARNING: [XSIM 43-4099] "/home/danilo/Documents/mgr/aes/testbench/axis_if.sv" Line 23. Module cb doesn't have a timescale but at least one module in design has a timescale.
WARNING: [XSIM 43-4099] "/home/danilo/Documents/mgr/aes/modules/aes_ctr_iterative.sv" Line 3. Module aes_ctr_iterative doesn't have a timescale but at least one module in design has a timescale.
WARNING: [XSIM 43-4099] "/home/danilo/Documents/mgr/aes/modules/common/aes_key_expander.sv" Line 3. Module aes_key_expander_default doesn't have a timescale but at least one module in design has a timescale.
WARNING: [XSIM 43-4099] "/home/danilo/Documents/mgr/aes/modules/common/aes_sbox.sv" Line 1. Module aes_sbox doesn't have a timescale but at least one module in design has a timescale.
WARNING: [XSIM 43-4099] "/home/danilo/Documents/mgr/aes/modules/common/aes_sbox.sv" Line 1. Module aes_sbox doesn't have a timescale but at least one module in design has a timescale.
WARNING: [XSIM 43-4099] "/home/danilo/Documents/mgr/aes/modules/common/aes_sbox.sv" Line 1. Module aes_sbox doesn't have a timescale but at least one module in design has a timescale.
WARNING: [XSIM 43-4099] "/home/danilo/Documents/mgr/aes/modules/common/aes_sbox.sv" Line 1. Module aes_sbox doesn't have a timescale but at least one module in design has a timescale.
WARNING: [XSIM 43-4099] "/home/danilo/Documents/mgr/aes/modules/common/aes_round_key_adder.sv" Line 3. Module aes_round_key_adder doesn't have a timescale but at least one module in design has a timescale.
WARNING: [XSIM 43-4099] "/home/danilo/Documents/mgr/aes/modules/common/aes_round.sv" Line 3. Module aes_round doesn't have a timescale but at least one module in design has a timescale.
WARNING: [XSIM 43-4099] "/home/danilo/Documents/mgr/aes/modules/common/aes_bytes_substitutor.sv" Line 3. Module aes_bytes_substitutor_default doesn't have a timescale but at least one module in design has a timescale.
WARNING: [XSIM 43-4099] "/home/danilo/Documents/mgr/aes/modules/common/aes_sbox.sv" Line 1. Module aes_sbox doesn't have a timescale but at least one module in design has a timescale.
WARNING: [XSIM 43-4099] "/home/danilo/Documents/mgr/aes/modules/common/aes_inv_sbox.sv" Line 1. Module aes_inv_sbox doesn't have a timescale but at least one module in design has a timescale.
WARNING: [XSIM 43-4099] "/home/danilo/Documents/mgr/aes/modules/common/aes_sbox.sv" Line 1. Module aes_sbox doesn't have a timescale but at least one module in design has a timescale.
WARNING: [XSIM 43-4099] "/home/danilo/Documents/mgr/aes/modules/common/aes_inv_sbox.sv" Line 1. Module aes_inv_sbox doesn't have a timescale but at least one module in design has a timescale.
WARNING: [XSIM 43-4099] "/home/danilo/Documents/mgr/aes/modules/common/aes_sbox.sv" Line 1. Module aes_sbox doesn't have a timescale but at least one module in design has a timescale.
WARNING: [XSIM 43-4099] "/home/danilo/Documents/mgr/aes/modules/common/aes_inv_sbox.sv" Line 1. Module aes_inv_sbox doesn't have a timescale but at least one module in design has a timescale.
WARNING: [XSIM 43-4099] "/home/danilo/Documents/mgr/aes/modules/common/aes_sbox.sv" Line 1. Module aes_sbox doesn't have a timescale but at least one module in design has a timescale.
WARNING: [XSIM 43-4099] "/home/danilo/Documents/mgr/aes/modules/common/aes_inv_sbox.sv" Line 1. Module aes_inv_sbox doesn't have a timescale but at least one module in design has a timescale.
WARNING: [XSIM 43-4099] "/home/danilo/Documents/mgr/aes/modules/common/aes_sbox.sv" Line 1. Module aes_sbox doesn't have a timescale but at least one module in design has a timescale.
WARNING: [XSIM 43-4099] "/home/danilo/Documents/mgr/aes/modules/common/aes_inv_sbox.sv" Line 1. Module aes_inv_sbox doesn't have a timescale but at least one module in design has a timescale.
WARNING: [XSIM 43-4099] "/home/danilo/Documents/mgr/aes/modules/common/aes_sbox.sv" Line 1. Module aes_sbox doesn't have a timescale but at least one module in design has a timescale.
WARNING: [XSIM 43-4099] "/home/danilo/Documents/mgr/aes/modules/common/aes_inv_sbox.sv" Line 1. Module aes_inv_sbox doesn't have a timescale but at least one module in design has a timescale.
WARNING: [XSIM 43-4099] "/home/danilo/Documents/mgr/aes/modules/common/aes_sbox.sv" Line 1. Module aes_sbox doesn't have a timescale but at least one module in design has a timescale.
WARNING: [XSIM 43-4099] "/home/danilo/Documents/mgr/aes/modules/common/aes_inv_sbox.sv" Line 1. Module aes_inv_sbox doesn't have a timescale but at least one module in design has a timescale.
WARNING: [XSIM 43-4099] "/home/danilo/Documents/mgr/aes/modules/common/aes_sbox.sv" Line 1. Module aes_sbox doesn't have a timescale but at least one module in design has a timescale.
WARNING: [XSIM 43-4099] "/home/danilo/Documents/mgr/aes/modules/common/aes_inv_sbox.sv" Line 1. Module aes_inv_sbox doesn't have a timescale but at least one module in design has a timescale.
WARNING: [XSIM 43-4099] "/home/danilo/Documents/mgr/aes/modules/common/aes_sbox.sv" Line 1. Module aes_sbox doesn't have a timescale but at least one module in design has a timescale.
WARNING: [XSIM 43-4099] "/home/danilo/Documents/mgr/aes/modules/common/aes_inv_sbox.sv" Line 1. Module aes_inv_sbox doesn't have a timescale but at least one module in design has a timescale.
WARNING: [XSIM 43-4099] "/home/danilo/Documents/mgr/aes/modules/common/aes_sbox.sv" Line 1. Module aes_sbox doesn't have a timescale but at least one module in design has a timescale.
WARNING: [XSIM 43-4099] "/home/danilo/Documents/mgr/aes/modules/common/aes_inv_sbox.sv" Line 1. Module aes_inv_sbox doesn't have a timescale but at least one module in design has a timescale.
WARNING: [XSIM 43-4099] "/home/danilo/Documents/mgr/aes/modules/common/aes_sbox.sv" Line 1. Module aes_sbox doesn't have a timescale but at least one module in design has a timescale.
WARNING: [XSIM 43-4099] "/home/danilo/Documents/mgr/aes/modules/common/aes_inv_sbox.sv" Line 1. Module aes_inv_sbox doesn't have a timescale but at least one module in design has a timescale.
WARNING: [XSIM 43-4099] "/home/danilo/Documents/mgr/aes/modules/common/aes_sbox.sv" Line 1. Module aes_sbox doesn't have a timescale but at least one module in design has a timescale.
WARNING: [XSIM 43-4099] "/home/danilo/Documents/mgr/aes/modules/common/aes_inv_sbox.sv" Line 1. Module aes_inv_sbox doesn't have a timescale but at least one module in design has a timescale.
WARNING: [XSIM 43-4099] "/home/danilo/Documents/mgr/aes/modules/common/aes_sbox.sv" Line 1. Module aes_sbox doesn't have a timescale but at least one module in design has a timescale.
WARNING: [XSIM 43-4099] "/home/danilo/Documents/mgr/aes/modules/common/aes_inv_sbox.sv" Line 1. Module aes_inv_sbox doesn't have a timescale but at least one module in design has a timescale.
WARNING: [XSIM 43-4099] "/home/danilo/Documents/mgr/aes/modules/common/aes_sbox.sv" Line 1. Module aes_sbox doesn't have a timescale but at least one module in design has a timescale.
WARNING: [XSIM 43-4099] "/home/danilo/Documents/mgr/aes/modules/common/aes_inv_sbox.sv" Line 1. Module aes_inv_sbox doesn't have a timescale but at least one module in design has a timescale.
WARNING: [XSIM 43-4099] "/home/danilo/Documents/mgr/aes/modules/common/aes_sbox.sv" Line 1. Module aes_sbox doesn't have a timescale but at least one module in design has a timescale.
WARNING: [XSIM 43-4099] "/home/danilo/Documents/mgr/aes/modules/common/aes_inv_sbox.sv" Line 1. Module aes_inv_sbox doesn't have a timescale but at least one module in design has a timescale.
WARNING: [XSIM 43-4099] "/home/danilo/Documents/mgr/aes/modules/common/aes_sbox.sv" Line 1. Module aes_sbox doesn't have a timescale but at least one module in design has a timescale.
WARNING: [XSIM 43-4099] "/home/danilo/Documents/mgr/aes/modules/common/aes_inv_sbox.sv" Line 1. Module aes_inv_sbox doesn't have a timescale but at least one module in design has a timescale.
WARNING: [XSIM 43-4099] "/home/danilo/Documents/mgr/aes/modules/common/aes_rows_shifter.sv" Line 3. Module aes_rows_shifter doesn't have a timescale but at least one module in design has a timescale.
WARNING: [XSIM 43-4099] "/home/danilo/Documents/mgr/aes/modules/common/aes_columns_mixer.sv" Line 3. Module aes_columns_mixer doesn't have a timescale but at least one module in design has a timescale.
WARNING: [XSIM 43-4099] "/home/danilo/Documents/mgr/aes/modules/common/aes_round_key_adder.sv" Line 3. Module aes_round_key_adder doesn't have a timescale but at least one module in design has a timescale.
WARNING: [XSIM 43-4099] "/home/danilo/Documents/mgr/aes/testbench/axis_if.sv" Line 1. Module axis_if_default doesn't have a timescale but at least one module in design has a timescale.
WARNING: [XSIM 43-4099] "/home/danilo/Documents/mgr/aes/testbench/axis_if.sv" Line 23. Module cb doesn't have a timescale but at least one module in design has a timescale.
WARNING: [XSIM 43-4099] "/home/danilo/Documents/mgr/aes/testbench/axis_if.sv" Line 23. Module cb doesn't have a timescale but at least one module in design has a timescale.
WARNING: [XSIM 43-4099] "/home/danilo/Documents/mgr/aes/testbench/axis_if.sv" Line 1. Module axis_if_default doesn't have a timescale but at least one module in design has a timescale.
WARNING: [XSIM 43-4099] "/home/danilo/Documents/mgr/aes/testbench/axis_if.sv" Line 23. Module cb doesn't have a timescale but at least one module in design has a timescale.
WARNING: [XSIM 43-4099] "/home/danilo/Documents/mgr/aes/testbench/axis_if.sv" Line 23. Module cb doesn't have a timescale but at least one module in design has a timescale.
WARNING: [XSIM 43-4099] "/home/danilo/Documents/mgr/aes/modules/aes_ctr_iterative.sv" Line 3. Module aes_ctr_iterative doesn't have a timescale but at least one module in design has a timescale.
WARNING: [XSIM 43-4099] "/home/danilo/Documents/mgr/aes/modules/common/aes_key_expander.sv" Line 3. Module aes_key_expander_default doesn't have a timescale but at least one module in design has a timescale.
WARNING: [XSIM 43-4099] "/home/danilo/Documents/mgr/aes/modules/common/aes_sbox.sv" Line 1. Module aes_sbox doesn't have a timescale but at least one module in design has a timescale.
WARNING: [XSIM 43-4099] "/home/danilo/Documents/mgr/aes/modules/common/aes_sbox.sv" Line 1. Module aes_sbox doesn't have a timescale but at least one module in design has a timescale.
WARNING: [XSIM 43-4099] "/home/danilo/Documents/mgr/aes/modules/common/aes_sbox.sv" Line 1. Module aes_sbox doesn't have a timescale but at least one module in design has a timescale.
WARNING: [XSIM 43-4099] "/home/danilo/Documents/mgr/aes/modules/common/aes_sbox.sv" Line 1. Module aes_sbox doesn't have a timescale but at least one module in design has a timescale.
WARNING: [XSIM 43-4099] "/home/danilo/Documents/mgr/aes/modules/common/aes_round_key_adder.sv" Line 3. Module aes_round_key_adder doesn't have a timescale but at least one module in design has a timescale.
WARNING: [XSIM 43-4099] "/home/danilo/Documents/mgr/aes/modules/common/aes_round.sv" Line 3. Module aes_round doesn't have a timescale but at least one module in design has a timescale.
WARNING: [XSIM 43-4099] "/home/danilo/Documents/mgr/aes/modules/common/aes_bytes_substitutor.sv" Line 3. Module aes_bytes_substitutor_default doesn't have a timescale but at least one module in design has a timescale.
WARNING: [XSIM 43-4099] "/home/danilo/Documents/mgr/aes/modules/common/aes_sbox.sv" Line 1. Module aes_sbox doesn't have a timescale but at least one module in design has a timescale.
WARNING: [XSIM 43-4099] "/home/danilo/Documents/mgr/aes/modules/common/aes_inv_sbox.sv" Line 1. Module aes_inv_sbox doesn't have a timescale but at least one module in design has a timescale.
WARNING: [XSIM 43-4099] "/home/danilo/Documents/mgr/aes/modules/common/aes_sbox.sv" Line 1. Module aes_sbox doesn't have a timescale but at least one module in design has a timescale.
WARNING: [XSIM 43-4099] "/home/danilo/Documents/mgr/aes/modules/common/aes_inv_sbox.sv" Line 1. Module aes_inv_sbox doesn't have a timescale but at least one module in design has a timescale.
WARNING: [XSIM 43-4099] "/home/danilo/Documents/mgr/aes/modules/common/aes_sbox.sv" Line 1. Module aes_sbox doesn't have a timescale but at least one module in design has a timescale.
WARNING: [XSIM 43-4099] "/home/danilo/Documents/mgr/aes/modules/common/aes_inv_sbox.sv" Line 1. Module aes_inv_sbox doesn't have a timescale but at least one module in design has a timescale.
WARNING: [XSIM 43-4099] "/home/danilo/Documents/mgr/aes/modules/common/aes_sbox.sv" Line 1. Module aes_sbox doesn't have a timescale but at least one module in design has a timescale.
WARNING: [XSIM 43-4099] "/home/danilo/Documents/mgr/aes/modules/common/aes_inv_sbox.sv" Line 1. Module aes_inv_sbox doesn't have a timescale but at least one module in design has a timescale.
WARNING: [XSIM 43-4099] "/home/danilo/Documents/mgr/aes/modules/common/aes_sbox.sv" Line 1. Module aes_sbox doesn't have a timescale but at least one module in design has a timescale.
WARNING: [XSIM 43-4099] "/home/danilo/Documents/mgr/aes/modules/common/aes_inv_sbox.sv" Line 1. Module aes_inv_sbox doesn't have a timescale but at least one module in design has a timescale.
WARNING: [XSIM 43-4099] "/home/danilo/Documents/mgr/aes/modules/common/aes_sbox.sv" Line 1. Module aes_sbox doesn't have a timescale but at least one module in design has a timescale.
WARNING: [XSIM 43-4099] "/home/danilo/Documents/mgr/aes/modules/common/aes_inv_sbox.sv" Line 1. Module aes_inv_sbox doesn't have a timescale but at least one module in design has a timescale.
WARNING: [XSIM 43-4099] "/home/danilo/Documents/mgr/aes/modules/common/aes_sbox.sv" Line 1. Module aes_sbox doesn't have a timescale but at least one module in design has a timescale.
WARNING: [XSIM 43-4099] "/home/danilo/Documents/mgr/aes/modules/common/aes_inv_sbox.sv" Line 1. Module aes_inv_sbox doesn't have a timescale but at least one module in design has a timescale.
WARNING: [XSIM 43-4099] "/home/danilo/Documents/mgr/aes/modules/common/aes_sbox.sv" Line 1. Module aes_sbox doesn't have a timescale but at least one module in design has a timescale.
WARNING: [XSIM 43-4099] "/home/danilo/Documents/mgr/aes/modules/common/aes_inv_sbox.sv" Line 1. Module aes_inv_sbox doesn't have a timescale but at least one module in design has a timescale.
WARNING: [XSIM 43-4099] "/home/danilo/Documents/mgr/aes/modules/common/aes_sbox.sv" Line 1. Module aes_sbox doesn't have a timescale but at least one module in design has a timescale.
WARNING: [XSIM 43-4099] "/home/danilo/Documents/mgr/aes/modules/common/aes_inv_sbox.sv" Line 1. Module aes_inv_sbox doesn't have a timescale but at least one module in design has a timescale.
WARNING: [XSIM 43-4099] "/home/danilo/Documents/mgr/aes/modules/common/aes_sbox.sv" Line 1. Module aes_sbox doesn't have a timescale but at least one module in design has a timescale.
WARNING: [XSIM 43-4099] "/home/danilo/Documents/mgr/aes/modules/common/aes_inv_sbox.sv" Line 1. Module aes_inv_sbox doesn't have a timescale but at least one module in design has a timescale.
WARNING: [XSIM 43-4099] "/home/danilo/Documents/mgr/aes/modules/common/aes_sbox.sv" Line 1. Module aes_sbox doesn't have a timescale but at least one module in design has a timescale.
WARNING: [XSIM 43-4099] "/home/danilo/Documents/mgr/aes/modules/common/aes_inv_sbox.sv" Line 1. Module aes_inv_sbox doesn't have a timescale but at least one module in design has a timescale.
WARNING: [XSIM 43-4099] "/home/danilo/Documents/mgr/aes/modules/common/aes_sbox.sv" Line 1. Module aes_sbox doesn't have a timescale but at least one module in design has a timescale.
WARNING: [XSIM 43-4099] "/home/danilo/Documents/mgr/aes/modules/common/aes_inv_sbox.sv" Line 1. Module aes_inv_sbox doesn't have a timescale but at least one module in design has a timescale.
WARNING: [XSIM 43-4099] "/home/danilo/Documents/mgr/aes/modules/common/aes_sbox.sv" Line 1. Module aes_sbox doesn't have a timescale but at least one module in design has a timescale.
WARNING: [XSIM 43-4099] "/home/danilo/Documents/mgr/aes/modules/common/aes_inv_sbox.sv" Line 1. Module aes_inv_sbox doesn't have a timescale but at least one module in design has a timescale.
WARNING: [XSIM 43-4099] "/home/danilo/Documents/mgr/aes/modules/common/aes_sbox.sv" Line 1. Module aes_sbox doesn't have a timescale but at least one module in design has a timescale.
WARNING: [XSIM 43-4099] "/home/danilo/Documents/mgr/aes/modules/common/aes_inv_sbox.sv" Line 1. Module aes_inv_sbox doesn't have a timescale but at least one module in design has a timescale.
WARNING: [XSIM 43-4099] "/home/danilo/Documents/mgr/aes/modules/common/aes_sbox.sv" Line 1. Module aes_sbox doesn't have a timescale but at least one module in design has a timescale.
WARNING: [XSIM 43-4099] "/home/danilo/Documents/mgr/aes/modules/common/aes_inv_sbox.sv" Line 1. Module aes_inv_sbox doesn't have a timescale but at least one module in design has a timescale.
WARNING: [XSIM 43-4099] "/home/danilo/Documents/mgr/aes/modules/common/aes_sbox.sv" Line 1. Module aes_sbox doesn't have a timescale but at least one module in design has a timescale.
WARNING: [XSIM 43-4099] "/home/danilo/Documents/mgr/aes/modules/common/aes_inv_sbox.sv" Line 1. Module aes_inv_sbox doesn't have a timescale but at least one module in design has a timescale.
WARNING: [XSIM 43-4099] "/home/danilo/Documents/mgr/aes/modules/common/aes_rows_shifter.sv" Line 3. Module aes_rows_shifter doesn't have a timescale but at least one module in design has a timescale.
WARNING: [XSIM 43-4099] "/home/danilo/Documents/mgr/aes/modules/common/aes_columns_mixer.sv" Line 3. Module aes_columns_mixer doesn't have a timescale but at least one module in design has a timescale.
WARNING: [XSIM 43-4099] "/home/danilo/Documents/mgr/aes/modules/common/aes_round_key_adder.sv" Line 3. Module aes_round_key_adder doesn't have a timescale but at least one module in design has a timescale.
Completed simulation data flow analysis
Time Resolution for simulation is 1ps
Compiling package xil_defaultlib.$unit_aes_bytes_substitutor_sv_3...
WARNING: [XSIM 43-3373] "../../../../../aes/testbench/include/generator.svh" Line 23. System function $sscanf is used as system task. This system function should have a LHS e.g. x=$sscanf().
WARNING: [XSIM 43-3373] "../../../../../aes/testbench/include/generator.svh" Line 29. System function $sscanf is used as system task. This system function should have a LHS e.g. x=$sscanf().
Compiling package xil_defaultlib.tb_pkg
Compiling package std.std
Compiling module xil_defaultlib.cb
Compiling module xil_defaultlib.axis_if_default
Compiling module xil_defaultlib.aes_sbox
Compiling module xil_defaultlib.aes_key_expander_default
Compiling module xil_defaultlib.aes_round_key_adder
Compiling module xil_defaultlib.aes_inv_sbox
Compiling module xil_defaultlib.aes_bytes_substitutor_default
Compiling module xil_defaultlib.aes_rows_shifter
Compiling module xil_defaultlib.aes_columns_mixer
Compiling module xil_defaultlib.aes_round
Compiling module xil_defaultlib.aes_ctr_iterative
Compiling module xil_defaultlib.tb
Compiling module xil_defaultlib.glbl
Built simulation snapshot tb_behav
INFO: [USF-XSim-69] 'elaborate' step finished in '1' seconds
INFO: [USF-XSim-4] XSim::Simulate design
INFO: [USF-XSim-61] Executing 'SIMULATE' step in '/home/danilo/Documents/mgr/project_1/project_1.sim/sim_1/behav/xsim'
INFO: [USF-XSim-98] *** Running xsim
   with args "tb_behav -key {Behavioral:sim_1:Functional:tb} -tclbatch {tb.tcl} -log {simulate.log}"
INFO: [USF-XSim-8] Loading simulator feature
Time resolution is 1 ps
source tb.tcl
# set curr_wave [current_wave_config]
# if { [string length $curr_wave] == 0 } {
#   if { [llength [get_objects]] > 0} {
#     add_wave /
#     set_property needs_save false [current_wave_config]
#   } else {
#      send_msg_id Add_Wave-1 WARNING "No top level signals found. Simulator will start without a wave window. If you want to open a wave window go to 'File->New Waveform Configuration' or type 'create_wave_config' in the TCL console."
#   }
# }
WARNING: Simulation object /tb/gen was not traceable in the design for the following reason:
Vivado Simulator does not support tracing of System Verilog Dynamic Type object.
WARNING: Simulation object /tb/drv was not traceable in the design for the following reason:
Vivado Simulator does not support tracing of System Verilog Dynamic Type object.
WARNING: Simulation object /tb/mon was not traceable in the design for the following reason:
Vivado Simulator does not support tracing of System Verilog Dynamic Type object.
WARNING: Simulation object /tb/scb was not traceable in the design for the following reason:
Vivado Simulator does not support tracing of System Verilog Dynamic Type object.
WARNING: Simulation object /tb/gen2drv_mbx was not traceable in the design for the following reason:
Vivado Simulator does not support tracing of System Verilog Dynamic Type object.
WARNING: Simulation object /tb/gen2scb_mbx was not traceable in the design for the following reason:
Vivado Simulator does not support tracing of System Verilog Dynamic Type object.
WARNING: Simulation object /tb/mon2scb_mbx was not traceable in the design for the following reason:
Vivado Simulator does not support tracing of System Verilog Dynamic Type object.
WARNING: Simulation object /tb/drv2gen_receive_ev was not traceable in the design for the following reason:
Vivado Simulator does not support tracing of event type object.
WARNING: Simulation object /tb/gen2drv_finish_ev was not traceable in the design for the following reason:
Vivado Simulator does not support tracing of event type object.
WARNING: Simulation object /tb/scb2gen_receive_ev was not traceable in the design for the following reason:
Vivado Simulator does not support tracing of event type object.
WARNING: Simulation object /tb/gen2scb_finish_ev was not traceable in the design for the following reason:
Vivado Simulator does not support tracing of event type object.
WARNING: Simulation object /tb/mon2scb_receive_ev was not traceable in the design for the following reason:
Vivado Simulator does not support tracing of event type object.
WARNING: Simulation object /tb/scb2mon_finish_ev was not traceable in the design for the following reason:
Vivado Simulator does not support tracing of event type object.
# run 1000ns
INFO: [USF-XSim-96] XSim completed. Design snapshot 'tb_behav' loaded.
INFO: [USF-XSim-97] XSim simulation ran for 1000ns
launch_simulation: Time (s): cpu = 00:00:03 ; elapsed = 00:00:05 . Memory (MB): peak = 12842.340 ; gain = 6.984 ; free physical = 3867 ; free virtual = 34307
run all
[Driver]     Time:     2996ns, id:   0, data: 30af439cae87a5a234f6221dad1186d58715a1f1ed8eda83b9529763d6539e403d06699d60455931c733b5d715636ae116
[Monitor]    Time:     3083ns, id:   0, data: e3
[Driver]     Time:     3106ns, id:   1, data: 20fe03f4a3dfd6dffe580186989f1365e8216795267fb61b9548165219e27e4125fc60b5c616fe7cfaf3b7b5147b17f1523f
[Monitor]    Time:     3193ns, id:   1, data: bfce
[Driver]     Time:     3216ns, id:   2, data: 7be3e678cae027b941ea06b2e315f0d6c6f07b42f6e0bc322745fb4d443c88c4d8317fa68a6ed9e1547b2e40d118581ae1a7d0
[Monitor]    Time:     3303ns, id:   2, data: fd255b
[Driver]     Time:     3326ns, id:   3, data: fa457f578918ceb9d368d80f6b3dc47eb9a0882ad2bccaf9e4f0014dcc8f2039d637c307e2301942f8249adb7045f8dcec7fcb33
[Monitor]    Time:     3413ns, id:   3, data: 5ff30299
[Driver]     Time:     3437ns, id:   4, data: 2066e0f541dde21b61782b29db42d44782f915cb683c23b89191c6d6896b36a55c13187bd58d3fcc4d2d2321bca994d1532243e156
[Monitor]    Time:     3524ns, id:   4, data: 3d8baccec0
[Driver]     Time:     3547ns, id:   5, data: 61f2f2fbb93ad7b8dd3d2458cb3cc23978ae829491dd0f5f62936e4f34d1fafd3786206011d5c5dd772521d832cc57b8781546640b40
[Monitor]    Time:     3634ns, id:   5, data: f1451a2033a5
[Driver]     Time:     3657ns, id:   6, data: c264942cd7d16bb2bb6d8a60c1b3026ae26559be8e045c12bc561ee149c1c88e2385c8ed97d70e4adfb509c6e5ab083b68efa8404d3499
[Monitor]    Time:     3744ns, id:   6, data: 884b3c6e1a23ca
[Driver]     Time:     3767ns, id:   7, data: a1a20d3b61fe342181c073eb4d48852f4d2daef7190f12cf7f2b0ac99e582438a480e499421f10b59056bfd7333da7942e11e666599dbc04
[Monitor]    Time:     3854ns, id:   7, data: 20733878d3db237b
[Driver]     Time:     3877ns, id:   8, data: cc6b5fe70a47b666adbab3347a9b3a68927e144e4fc53f1c9658e9e03b7bd6962a50581e6cb80869e770d4773c96a17f76838800255579c767
[Monitor]    Time:     3964ns, id:   8, data: e690acdfc082280257
[Driver]     Time:     3988ns, id:   9, data: a34c0290f5402a3fd1da8d239209a7b902b36e1c2c359fd243a0467dbcdc0ab9de433b6f6b967d7e7e8b086f8ad0b156037433daaec8542d50f0
[Monitor]    Time:     4075ns, id:   9, data: 9037d82cc59e8e4a6f35
[Driver]     Time:     4098ns, id:  10, data: 98d2f4d714a385e0b83175c87356208c707f47ceb6b63b6464fa9e1885e1682246dd764ea215c2f7425ba7a42de5a4e92906e34675d0fbda5450ae
[Monitor]    Time:     4185ns, id:  10, data: 0441031e76e36d007ab976
[Driver]     Time:     4208ns, id:  11, data: 6f2dd98e3229a9913bd66e03fa98d346abf13e1910846dbba92792c8570ca523c85851b0ae1449a44b6ceb8cf5e7eac5464d3e093e09957799b95652
[Monitor]    Time:     4295ns, id:  11, data: 9ffa6028aa3a5aec6d17f7dc
[Driver]     Time:     4318ns, id:  12, data: c62ff57f8f44677155f1e23b18489421bfb9394aacdfdc20a0c534038738468f81ce572ebb969c11ca2562aeebb2077f4e2202e52b79875d820f5aeeb2
[Monitor]    Time:     4405ns, id:  12, data: 4f6f17ba7fc05fdb92f6ad7b08
[Driver]     Time:     4428ns, id:  13, data: 84fa6e0f3626450c99b00616c720836764046988804cce9e1e97dbccd2661c31b7d09d82454241a4f73687baea068345b6539da85a2c03c3d9271d53dc10
[Monitor]    Time:     4515ns, id:  13, data: c1503c0f638bfff1503373346eaa
[Driver]     Time:     4539ns, id:  14, data: 7a97997c8bf0ed338ed6d3f5cfbe93c5ed833759a526c14a9a5c4895cb86d5b59c961ff9bfd86dcf3b3335b1b26ec9dca2b106ea364ce4eea169bc32012a96
[Monitor]    Time:     4626ns, id:  14, data: a4e67b85ba5e2f193242c34a9e29ce
[Driver]     Time:     4649ns, id:  15, data: 2b1cabd732cc24a3068f542b6cbc020d6d00b98272211cc53ab30523cd5cc247f3b2752dc59e336841057d9c23a13722a70a144346139134505057ab7d00df2a
[Monitor]    Time:     4736ns, id:  15, data: df1f1bf2d30a7063c789ff5f63fc0939
[Driver]     Time:     4852ns, id:  16, data: 639d15667ea407dd27ec83d0f7e7b0de9d6f49c0bb5f6bf5c3583b1d682e2d70778d61213dbde46fce1f899997da1808e5ad4ca15dbd804f0fb98287f9229133c7
[Monitor]    Time:     4939ns, id:  16, data: d328e1814a26900b1c00bb339cd6127332
[Driver]     Time:     5055ns, id:  17, data: 8593a5e980524a031af1efa2c6c9966b54ed115c0b14a8e4d541ce700091b2b85be4bec3256e446395dd40bf60cb51220d4a7a608b5c8ad0c084b95abf27858f36c2
[Monitor]    Time:     5142ns, id:  17, data: e7effb16b3cde3c2ec30519576a2878e8360
[Driver]     Time:     5258ns, id:  18, data: 2fd13ab2f2feb7caf79b3f9300e25dbacd8ff9d7c6c2e333cd127b1c34fde5debfdf66e8b8c7ec6e59db68c5f892edfe2be86ec4bced3ede73d1b75254ab9ae1de2ce2
[Monitor]    Time:     5345ns, id:  18, data: 40f86f233d26817e247e27b844ddb207871b30
[Driver]     Time:     5461ns, id:  19, data: 4f5c5f202773893c1a445bb8db83734abfbb640ff1d99318726a55af33cdda13cd38452f3a4dc895a0447f09fb9f57c1790ab85635e79f869d3cab91dc9a8ca01d151659
[Monitor]    Time:     5548ns, id:  19, data: 9b62a7b7473a44ec4e00aa9ad7240d4d23ada32e
[Driver]     Time:     5664ns, id:  20, data: a9cce5bcc2ca47517b50f2a3eb791b9b346aa9949b4ebfbe7cc4956b3692dcd4a36e7be5014ab30fdaed80d38af7cf2f896601519631f258611fdb578e0f05f9480697b4a1
[Monitor]    Time:     5751ns, id:  20, data: 7bbc6119f36f5f5230545a796c9c5c0752a0e5aed8
[Driver]     Time:     5867ns, id:  21, data: da302e1eb82fc23265c80b252cf91aa19189e783dcf225f23a4f4b554f06d9e5a1e6fc7d44c5eb5b26b794fc6581d3a425ba794a787ca2602cbe92a24ee8f274bbc845060e3d
[Monitor]    Time:     5954ns, id:  21, data: ba00b543680216c60e495cb4f980a504fea6ddc5c437
[Driver]     Time:     6070ns, id:  22, data: 197ed500715353e3bc80a1f9990502383d5f99d011016a8bc6236ee1e09daecfd0602d16eb5949bc56fbb23cc34830761da228cca6a1d9f58e951733adfc1cd492bf9a19f17a15
[Monitor]    Time:     6157ns, id:  22, data: 291a1ce466c447b0da90dfa8669b2be80ef178824ef58c
[Driver]     Time:     6273ns, id:  23, data: 8ce152d3bb33dff49e13ecb3266de13b2b6376bc83427ac476e8240e5a421058d2f9dd7700e90748366aee7a60a2a06c707ee637a37e1533bf6b345224afcf440ae88d5fd6a8e9d6
[Monitor]    Time:     6360ns, id:  23, data: 09d4ccb86558dbc62f5dc815fcc9d0e7f18d64798df95d18
[Driver]     Time:     6476ns, id:  24, data: 9dd671aba7a289b06a401b8807c2e46cc253b03742542ede3ee399accbfee7aea547721f546b45502fad13dd30970fd2819ec6018428d8034852da43afb41f17a174bd9c466c0116ae
[Monitor]    Time:     6563ns, id:  24, data: a30c859fb95dcf0fa485d961fa49b15a542af1fc645539d83b
[Driver]     Time:     6679ns, id:  25, data: 9bd265833dd859eb5a9389cbdcb9c6532b963c0c397602eaf3f2a10bf15b68ad737b17c7b9b2eca0ae79129d6ba6f1a9b6651fa8c70524f0eac9ed2159203396b94742e46973da797f1a
[Monitor]    Time:     6766ns, id:  25, data: be810a732125e06a218544c1f96dae0d9b658e1c05574886a023
[Driver]     Time:     6882ns, id:  26, data: 69970d501df34624ce48555981e5d6bdb1d0dda70090ae5c274b6d34d366027ba44210f24b10d68b9a8cb99ba1c65428f1b46dec335f0a4fcf05eea7dcc49538642d035fd49608fcd73452
[Monitor]    Time:     6969ns, id:  26, data: 41f539cb7e0a89c942e47f737a3fb68e2b151c564307e893edafff
[Driver]     Time:     7085ns, id:  27, data: ef19b6a409e6be56730db086969776939ce8700471b2c84a8e7caddc9b897a2908951829941a19bbf5138de38a8c8352c8971326eb1e2050cddb6190b774d2397c330f8399a45886e199d4a7
[Monitor]    Time:     7172ns, id:  27, data: 451f4d61453dc5a9355696d99853f2e20d56720c5feba86e3c9b1f89
[Driver]     Time:     7288ns, id:  28, data: d865d6196d2c5af8b03e10768a89d08dbaa992ef5a356528c70e0d00c7f0fee0abf51aa9927dba728c3f92d09601c82e2d99393b44fa040b47be321bdc38174eef1dbd721a5dad65cb2c114b37
[Monitor]    Time:     7375ns, id:  28, data: a1c429ba90d31feec3b7722d80241eff0d411e886850d452bc908232b7
[Driver]     Time:     7491ns, id:  29, data: eb017cd94b01fbb56dc11c992ad25ad564638b485becbfca62422e2192ab051ec8cc3b28012e4f4c2d9a479bffeaa7a4ae662bde536b3f56b193becda2bb4dfee6645a883450a905ef4a4893c231
[Monitor]    Time:     7578ns, id:  29, data: 4bb0e24518205d7e4cbe45e91309e330a9aacc91c50658ab5b2f8d23a351
[Driver]     Time:     7694ns, id:  30, data: 7a04a5d70792031fe55242734caf266c0a12c7293d3dcdfcd1e6fcea54727cf9c14d6b40ddadfda1f22979683fd947946bdc88d05620a9099b25ab889d2112950b4277e3fd8cc97bbba1dee9fb0d5f
[Monitor]    Time:     7781ns, id:  30, data: dbf9492df4dbf16799c13ac189711149990935637801d099a330a7decd6600
[Driver]     Time:     7897ns, id:  31, data: 0389841130e3dafb2574cfaa33db51dac06c9e5b4abdef003928ced524b023131cea0f69f11323baded3214d6344456d30821cdc736136e328a68e9405dfec47db9b7a3f7fa2377c0ea5afe79ee68a27
[Monitor]    Time:     7984ns, id:  31, data: a8a26c6bc5afe9c99d3637efbe5d29f85032f6ea25b21febee0d1a221e2186f1
[Driver]     Time:     8193ns, id:  32, data: 9c779855543fdf5f483212aa896a34835faa41bde916549fb4649ecea801cf824c94743804c0470bb32da5dcbce6e6d1ef09f5f73d4b5ff73f075258cb291e51cd67595311e51e84018eb083c1c61bf7c1
[Monitor]    Time:     8280ns, id:  32, data: 7393807a57b8bf95db1950ffe5c47c01916add790ef942de5d63314e56f60b5a78

TEST COMPLETED.
$finish called at time : 8285300 ps : File "/home/danilo/Documents/mgr/aes/testbench/tb.sv" Line 96
