launch_simulation
Command: launch_simulation 
INFO: [Vivado 12-12493] Simulation top is 'tb'
INFO: [Vivado 12-5682] Launching behavioral simulation in '/home/danilo/Documents/mgr/project_1/project_1.sim/sim_1/behav/xsim'
INFO: [SIM-utils-51] Simulation object is 'sim_1'
INFO: [SIM-utils-72] Using boost library from '/tools/Xilinx/Vivado/2024.2/tps/boost_1_72_0'
INFO: [SIM-utils-54] Inspecting design source files for 'tb' in fileset 'sim_1'...
INFO: [SIM-utils-43] Exported '/home/danilo/Documents/mgr/project_1/project_1.sim/sim_1/behav/xsim/pkts_in.txt'
INFO: [SIM-utils-43] Exported '/home/danilo/Documents/mgr/project_1/project_1.sim/sim_1/behav/xsim/pkts_out.txt'
INFO: [USF-XSim-97] Finding global include files...
INFO: [USF-XSim-98] Fetching design files from 'sim_1'...
INFO: [USF-XSim-2] XSim::Compile design
INFO: [USF-XSim-61] Executing 'COMPILE and ANALYZE' step in '/home/danilo/Documents/mgr/project_1/project_1.sim/sim_1/behav/xsim'
xvlog --incr --relax -L uvm -prj tb_vlog.prj
INFO: [VRFC 10-2263] Analyzing SystemVerilog file "/home/danilo/Documents/mgr/aes/modules/common/aes_bytes_substitutor.sv" into library xil_defaultlib
INFO: [VRFC 10-311] analyzing module aes_bytes_substitutor
INFO: [VRFC 10-2263] Analyzing SystemVerilog file "/home/danilo/Documents/mgr/aes/modules/aes_cbc_iterative.sv" into library xil_defaultlib
INFO: [VRFC 10-311] analyzing module aes_cbc_iterative
INFO: [VRFC 10-2263] Analyzing SystemVerilog file "/home/danilo/Documents/mgr/aes/modules/common/aes_columns_mixer.sv" into library xil_defaultlib
INFO: [VRFC 10-311] analyzing module aes_columns_mixer
INFO: [VRFC 10-2263] Analyzing SystemVerilog file "/home/danilo/Documents/mgr/aes/modules/common/aes_inv_sbox.sv" into library xil_defaultlib
INFO: [VRFC 10-311] analyzing module aes_inv_sbox
INFO: [VRFC 10-2263] Analyzing SystemVerilog file "/home/danilo/Documents/mgr/aes/modules/common/aes_key_expander.sv" into library xil_defaultlib
INFO: [VRFC 10-311] analyzing module aes_key_expander
INFO: [VRFC 10-2263] Analyzing SystemVerilog file "/home/danilo/Documents/mgr/aes/modules/common/aes_round.sv" into library xil_defaultlib
INFO: [VRFC 10-311] analyzing module aes_round
INFO: [VRFC 10-2263] Analyzing SystemVerilog file "/home/danilo/Documents/mgr/aes/modules/common/aes_round_key_adder.sv" into library xil_defaultlib
INFO: [VRFC 10-311] analyzing module aes_round_key_adder
INFO: [VRFC 10-2263] Analyzing SystemVerilog file "/home/danilo/Documents/mgr/aes/modules/common/aes_rows_shifter.sv" into library xil_defaultlib
INFO: [VRFC 10-311] analyzing module aes_rows_shifter
INFO: [VRFC 10-2263] Analyzing SystemVerilog file "/home/danilo/Documents/mgr/aes/modules/common/aes_sbox.sv" into library xil_defaultlib
INFO: [VRFC 10-311] analyzing module aes_sbox
INFO: [VRFC 10-2263] Analyzing SystemVerilog file "/home/danilo/Documents/mgr/aes/testbench/axis_if.sv" into library xil_defaultlib
INFO: [VRFC 10-2263] Analyzing SystemVerilog file "/home/danilo/Documents/mgr/aes/testbench/tb_pkg.sv" into library xil_defaultlib
INFO: [VRFC 10-2263] Analyzing SystemVerilog file "/home/danilo/Documents/mgr/aes/testbench/tb.sv" into library xil_defaultlib
INFO: [VRFC 10-311] analyzing module tb
Waiting for jobs to finish...
No pending jobs, compilation finished.
INFO: [USF-XSim-69] 'compile' step finished in '1' seconds
INFO: [USF-XSim-3] XSim::Elaborate design
INFO: [USF-XSim-61] Executing 'ELABORATE' step in '/home/danilo/Documents/mgr/project_1/project_1.sim/sim_1/behav/xsim'
xelab --incr --debug typical --relax --mt 8 -L xil_defaultlib -L uvm -L unisims_ver -L unimacro_ver -L secureip --snapshot tb_behav xil_defaultlib.tb xil_defaultlib.glbl -log elaborate.log
Vivado Simulator v2024.2.0
Copyright 1986-2022 Xilinx, Inc. All Rights Reserved.
Copyright 2022-2024 Advanced Micro Devices, Inc. All Rights Reserved.
Running: /tools/Xilinx/Vivado/2024.2/bin/unwrapped/lnx64.o/xelab --incr --debug typical --relax --mt 8 -L xil_defaultlib -L uvm -L unisims_ver -L unimacro_ver -L secureip --snapshot tb_behav xil_defaultlib.tb xil_defaultlib.glbl -log elaborate.log 
Using 8 slave threads.
Starting static elaboration
Pass Through NonSizing Optimizer
Completed static elaboration
Starting simulation data flow analysis
WARNING: [XSIM 43-4099] "/home/danilo/Documents/mgr/aes/testbench/tb_pkg.sv" Line 1. Module tb_pkg doesn't have a timescale but at least one module in design has a timescale.
WARNING: [XSIM 43-4099] "/home/danilo/Documents/mgr/aes/testbench/tb_pkg.sv" Line 1. Module tb_pkg doesn't have a timescale but at least one module in design has a timescale.
WARNING: [XSIM 43-4099] "/home/danilo/Documents/mgr/aes/testbench/axis_if.sv" Line 1. Module axis_if_default doesn't have a timescale but at least one module in design has a timescale.
WARNING: [XSIM 43-4099] "/home/danilo/Documents/mgr/aes/testbench/axis_if.sv" Line 23. Module cb doesn't have a timescale but at least one module in design has a timescale.
WARNING: [XSIM 43-4099] "/home/danilo/Documents/mgr/aes/testbench/axis_if.sv" Line 1. Module axis_if_default doesn't have a timescale but at least one module in design has a timescale.
WARNING: [XSIM 43-4099] "/home/danilo/Documents/mgr/aes/testbench/axis_if.sv" Line 23. Module cb doesn't have a timescale but at least one module in design has a timescale.
WARNING: [XSIM 43-4099] "/home/danilo/Documents/mgr/aes/modules/aes_cbc_iterative.sv" Line 3. Module aes_cbc_iterative doesn't have a timescale but at least one module in design has a timescale.
WARNING: [XSIM 43-4099] "/home/danilo/Documents/mgr/aes/modules/common/aes_key_expander.sv" Line 3. Module aes_key_expander_default doesn't have a timescale but at least one module in design has a timescale.
WARNING: [XSIM 43-4099] "/home/danilo/Documents/mgr/aes/modules/common/aes_sbox.sv" Line 1. Module aes_sbox doesn't have a timescale but at least one module in design has a timescale.
WARNING: [XSIM 43-4099] "/home/danilo/Documents/mgr/aes/modules/common/aes_sbox.sv" Line 1. Module aes_sbox doesn't have a timescale but at least one module in design has a timescale.
WARNING: [XSIM 43-4099] "/home/danilo/Documents/mgr/aes/modules/common/aes_sbox.sv" Line 1. Module aes_sbox doesn't have a timescale but at least one module in design has a timescale.
WARNING: [XSIM 43-4099] "/home/danilo/Documents/mgr/aes/modules/common/aes_sbox.sv" Line 1. Module aes_sbox doesn't have a timescale but at least one module in design has a timescale.
WARNING: [XSIM 43-4099] "/home/danilo/Documents/mgr/aes/modules/common/aes_columns_mixer.sv" Line 3. Module aes_columns_mixer doesn't have a timescale but at least one module in design has a timescale.
WARNING: [XSIM 43-4099] "/home/danilo/Documents/mgr/aes/modules/common/aes_round_key_adder.sv" Line 3. Module aes_round_key_adder doesn't have a timescale but at least one module in design has a timescale.
WARNING: [XSIM 43-4099] "/home/danilo/Documents/mgr/aes/modules/common/aes_round.sv" Line 3. Module aes_round doesn't have a timescale but at least one module in design has a timescale.
WARNING: [XSIM 43-4099] "/home/danilo/Documents/mgr/aes/modules/common/aes_bytes_substitutor.sv" Line 3. Module aes_bytes_substitutor_default doesn't have a timescale but at least one module in design has a timescale.
WARNING: [XSIM 43-4099] "/home/danilo/Documents/mgr/aes/modules/common/aes_sbox.sv" Line 1. Module aes_sbox doesn't have a timescale but at least one module in design has a timescale.
WARNING: [XSIM 43-4099] "/home/danilo/Documents/mgr/aes/modules/common/aes_inv_sbox.sv" Line 1. Module aes_inv_sbox doesn't have a timescale but at least one module in design has a timescale.
WARNING: [XSIM 43-4099] "/home/danilo/Documents/mgr/aes/modules/common/aes_sbox.sv" Line 1. Module aes_sbox doesn't have a timescale but at least one module in design has a timescale.
WARNING: [XSIM 43-4099] "/home/danilo/Documents/mgr/aes/modules/common/aes_inv_sbox.sv" Line 1. Module aes_inv_sbox doesn't have a timescale but at least one module in design has a timescale.
WARNING: [XSIM 43-4099] "/home/danilo/Documents/mgr/aes/modules/common/aes_sbox.sv" Line 1. Module aes_sbox doesn't have a timescale but at least one module in design has a timescale.
WARNING: [XSIM 43-4099] "/home/danilo/Documents/mgr/aes/modules/common/aes_inv_sbox.sv" Line 1. Module aes_inv_sbox doesn't have a timescale but at least one module in design has a timescale.
WARNING: [XSIM 43-4099] "/home/danilo/Documents/mgr/aes/modules/common/aes_sbox.sv" Line 1. Module aes_sbox doesn't have a timescale but at least one module in design has a timescale.
WARNING: [XSIM 43-4099] "/home/danilo/Documents/mgr/aes/modules/common/aes_inv_sbox.sv" Line 1. Module aes_inv_sbox doesn't have a timescale but at least one module in design has a timescale.
WARNING: [XSIM 43-4099] "/home/danilo/Documents/mgr/aes/modules/common/aes_sbox.sv" Line 1. Module aes_sbox doesn't have a timescale but at least one module in design has a timescale.
WARNING: [XSIM 43-4099] "/home/danilo/Documents/mgr/aes/modules/common/aes_inv_sbox.sv" Line 1. Module aes_inv_sbox doesn't have a timescale but at least one module in design has a timescale.
WARNING: [XSIM 43-4099] "/home/danilo/Documents/mgr/aes/modules/common/aes_sbox.sv" Line 1. Module aes_sbox doesn't have a timescale but at least one module in design has a timescale.
WARNING: [XSIM 43-4099] "/home/danilo/Documents/mgr/aes/modules/common/aes_inv_sbox.sv" Line 1. Module aes_inv_sbox doesn't have a timescale but at least one module in design has a timescale.
WARNING: [XSIM 43-4099] "/home/danilo/Documents/mgr/aes/modules/common/aes_sbox.sv" Line 1. Module aes_sbox doesn't have a timescale but at least one module in design has a timescale.
WARNING: [XSIM 43-4099] "/home/danilo/Documents/mgr/aes/modules/common/aes_inv_sbox.sv" Line 1. Module aes_inv_sbox doesn't have a timescale but at least one module in design has a timescale.
WARNING: [XSIM 43-4099] "/home/danilo/Documents/mgr/aes/modules/common/aes_sbox.sv" Line 1. Module aes_sbox doesn't have a timescale but at least one module in design has a timescale.
WARNING: [XSIM 43-4099] "/home/danilo/Documents/mgr/aes/modules/common/aes_inv_sbox.sv" Line 1. Module aes_inv_sbox doesn't have a timescale but at least one module in design has a timescale.
WARNING: [XSIM 43-4099] "/home/danilo/Documents/mgr/aes/modules/common/aes_sbox.sv" Line 1. Module aes_sbox doesn't have a timescale but at least one module in design has a timescale.
WARNING: [XSIM 43-4099] "/home/danilo/Documents/mgr/aes/modules/common/aes_inv_sbox.sv" Line 1. Module aes_inv_sbox doesn't have a timescale but at least one module in design has a timescale.
WARNING: [XSIM 43-4099] "/home/danilo/Documents/mgr/aes/modules/common/aes_sbox.sv" Line 1. Module aes_sbox doesn't have a timescale but at least one module in design has a timescale.
WARNING: [XSIM 43-4099] "/home/danilo/Documents/mgr/aes/modules/common/aes_inv_sbox.sv" Line 1. Module aes_inv_sbox doesn't have a timescale but at least one module in design has a timescale.
WARNING: [XSIM 43-4099] "/home/danilo/Documents/mgr/aes/modules/common/aes_sbox.sv" Line 1. Module aes_sbox doesn't have a timescale but at least one module in design has a timescale.
WARNING: [XSIM 43-4099] "/home/danilo/Documents/mgr/aes/modules/common/aes_inv_sbox.sv" Line 1. Module aes_inv_sbox doesn't have a timescale but at least one module in design has a timescale.
WARNING: [XSIM 43-4099] "/home/danilo/Documents/mgr/aes/modules/common/aes_sbox.sv" Line 1. Module aes_sbox doesn't have a timescale but at least one module in design has a timescale.
WARNING: [XSIM 43-4099] "/home/danilo/Documents/mgr/aes/modules/common/aes_inv_sbox.sv" Line 1. Module aes_inv_sbox doesn't have a timescale but at least one module in design has a timescale.
WARNING: [XSIM 43-4099] "/home/danilo/Documents/mgr/aes/modules/common/aes_sbox.sv" Line 1. Module aes_sbox doesn't have a timescale but at least one module in design has a timescale.
WARNING: [XSIM 43-4099] "/home/danilo/Documents/mgr/aes/modules/common/aes_inv_sbox.sv" Line 1. Module aes_inv_sbox doesn't have a timescale but at least one module in design has a timescale.
WARNING: [XSIM 43-4099] "/home/danilo/Documents/mgr/aes/modules/common/aes_sbox.sv" Line 1. Module aes_sbox doesn't have a timescale but at least one module in design has a timescale.
WARNING: [XSIM 43-4099] "/home/danilo/Documents/mgr/aes/modules/common/aes_inv_sbox.sv" Line 1. Module aes_inv_sbox doesn't have a timescale but at least one module in design has a timescale.
WARNING: [XSIM 43-4099] "/home/danilo/Documents/mgr/aes/modules/common/aes_sbox.sv" Line 1. Module aes_sbox doesn't have a timescale but at least one module in design has a timescale.
WARNING: [XSIM 43-4099] "/home/danilo/Documents/mgr/aes/modules/common/aes_inv_sbox.sv" Line 1. Module aes_inv_sbox doesn't have a timescale but at least one module in design has a timescale.
WARNING: [XSIM 43-4099] "/home/danilo/Documents/mgr/aes/modules/common/aes_sbox.sv" Line 1. Module aes_sbox doesn't have a timescale but at least one module in design has a timescale.
WARNING: [XSIM 43-4099] "/home/danilo/Documents/mgr/aes/modules/common/aes_inv_sbox.sv" Line 1. Module aes_inv_sbox doesn't have a timescale but at least one module in design has a timescale.
WARNING: [XSIM 43-4099] "/home/danilo/Documents/mgr/aes/modules/common/aes_rows_shifter.sv" Line 3. Module aes_rows_shifter doesn't have a timescale but at least one module in design has a timescale.
WARNING: [XSIM 43-4099] "/home/danilo/Documents/mgr/aes/modules/common/aes_columns_mixer.sv" Line 3. Module aes_columns_mixer doesn't have a timescale but at least one module in design has a timescale.
WARNING: [XSIM 43-4099] "/home/danilo/Documents/mgr/aes/modules/common/aes_round_key_adder.sv" Line 3. Module aes_round_key_adder doesn't have a timescale but at least one module in design has a timescale.
WARNING: [XSIM 43-4099] "/home/danilo/Documents/mgr/aes/testbench/axis_if.sv" Line 1. Module axis_if_default doesn't have a timescale but at least one module in design has a timescale.
WARNING: [XSIM 43-4099] "/home/danilo/Documents/mgr/aes/testbench/axis_if.sv" Line 23. Module cb doesn't have a timescale but at least one module in design has a timescale.
WARNING: [XSIM 43-4099] "/home/danilo/Documents/mgr/aes/testbench/axis_if.sv" Line 23. Module cb doesn't have a timescale but at least one module in design has a timescale.
WARNING: [XSIM 43-4099] "/home/danilo/Documents/mgr/aes/testbench/axis_if.sv" Line 1. Module axis_if_default doesn't have a timescale but at least one module in design has a timescale.
WARNING: [XSIM 43-4099] "/home/danilo/Documents/mgr/aes/testbench/axis_if.sv" Line 23. Module cb doesn't have a timescale but at least one module in design has a timescale.
WARNING: [XSIM 43-4099] "/home/danilo/Documents/mgr/aes/testbench/axis_if.sv" Line 23. Module cb doesn't have a timescale but at least one module in design has a timescale.
WARNING: [XSIM 43-4099] "/home/danilo/Documents/mgr/aes/modules/aes_cbc_iterative.sv" Line 3. Module aes_cbc_iterative doesn't have a timescale but at least one module in design has a timescale.
WARNING: [XSIM 43-4099] "/home/danilo/Documents/mgr/aes/modules/common/aes_key_expander.sv" Line 3. Module aes_key_expander_default doesn't have a timescale but at least one module in design has a timescale.
WARNING: [XSIM 43-4099] "/home/danilo/Documents/mgr/aes/modules/common/aes_sbox.sv" Line 1. Module aes_sbox doesn't have a timescale but at least one module in design has a timescale.
WARNING: [XSIM 43-4099] "/home/danilo/Documents/mgr/aes/modules/common/aes_sbox.sv" Line 1. Module aes_sbox doesn't have a timescale but at least one module in design has a timescale.
WARNING: [XSIM 43-4099] "/home/danilo/Documents/mgr/aes/modules/common/aes_sbox.sv" Line 1. Module aes_sbox doesn't have a timescale but at least one module in design has a timescale.
WARNING: [XSIM 43-4099] "/home/danilo/Documents/mgr/aes/modules/common/aes_sbox.sv" Line 1. Module aes_sbox doesn't have a timescale but at least one module in design has a timescale.
WARNING: [XSIM 43-4099] "/home/danilo/Documents/mgr/aes/modules/common/aes_columns_mixer.sv" Line 3. Module aes_columns_mixer doesn't have a timescale but at least one module in design has a timescale.
WARNING: [XSIM 43-4099] "/home/danilo/Documents/mgr/aes/modules/common/aes_round_key_adder.sv" Line 3. Module aes_round_key_adder doesn't have a timescale but at least one module in design has a timescale.
WARNING: [XSIM 43-4099] "/home/danilo/Documents/mgr/aes/modules/common/aes_round.sv" Line 3. Module aes_round doesn't have a timescale but at least one module in design has a timescale.
WARNING: [XSIM 43-4099] "/home/danilo/Documents/mgr/aes/modules/common/aes_bytes_substitutor.sv" Line 3. Module aes_bytes_substitutor_default doesn't have a timescale but at least one module in design has a timescale.
WARNING: [XSIM 43-4099] "/home/danilo/Documents/mgr/aes/modules/common/aes_sbox.sv" Line 1. Module aes_sbox doesn't have a timescale but at least one module in design has a timescale.
WARNING: [XSIM 43-4099] "/home/danilo/Documents/mgr/aes/modules/common/aes_inv_sbox.sv" Line 1. Module aes_inv_sbox doesn't have a timescale but at least one module in design has a timescale.
WARNING: [XSIM 43-4099] "/home/danilo/Documents/mgr/aes/modules/common/aes_sbox.sv" Line 1. Module aes_sbox doesn't have a timescale but at least one module in design has a timescale.
WARNING: [XSIM 43-4099] "/home/danilo/Documents/mgr/aes/modules/common/aes_inv_sbox.sv" Line 1. Module aes_inv_sbox doesn't have a timescale but at least one module in design has a timescale.
WARNING: [XSIM 43-4099] "/home/danilo/Documents/mgr/aes/modules/common/aes_sbox.sv" Line 1. Module aes_sbox doesn't have a timescale but at least one module in design has a timescale.
WARNING: [XSIM 43-4099] "/home/danilo/Documents/mgr/aes/modules/common/aes_inv_sbox.sv" Line 1. Module aes_inv_sbox doesn't have a timescale but at least one module in design has a timescale.
WARNING: [XSIM 43-4099] "/home/danilo/Documents/mgr/aes/modules/common/aes_sbox.sv" Line 1. Module aes_sbox doesn't have a timescale but at least one module in design has a timescale.
WARNING: [XSIM 43-4099] "/home/danilo/Documents/mgr/aes/modules/common/aes_inv_sbox.sv" Line 1. Module aes_inv_sbox doesn't have a timescale but at least one module in design has a timescale.
WARNING: [XSIM 43-4099] "/home/danilo/Documents/mgr/aes/modules/common/aes_sbox.sv" Line 1. Module aes_sbox doesn't have a timescale but at least one module in design has a timescale.
WARNING: [XSIM 43-4099] "/home/danilo/Documents/mgr/aes/modules/common/aes_inv_sbox.sv" Line 1. Module aes_inv_sbox doesn't have a timescale but at least one module in design has a timescale.
WARNING: [XSIM 43-4099] "/home/danilo/Documents/mgr/aes/modules/common/aes_sbox.sv" Line 1. Module aes_sbox doesn't have a timescale but at least one module in design has a timescale.
WARNING: [XSIM 43-4099] "/home/danilo/Documents/mgr/aes/modules/common/aes_inv_sbox.sv" Line 1. Module aes_inv_sbox doesn't have a timescale but at least one module in design has a timescale.
WARNING: [XSIM 43-4099] "/home/danilo/Documents/mgr/aes/modules/common/aes_sbox.sv" Line 1. Module aes_sbox doesn't have a timescale but at least one module in design has a timescale.
WARNING: [XSIM 43-4099] "/home/danilo/Documents/mgr/aes/modules/common/aes_inv_sbox.sv" Line 1. Module aes_inv_sbox doesn't have a timescale but at least one module in design has a timescale.
WARNING: [XSIM 43-4099] "/home/danilo/Documents/mgr/aes/modules/common/aes_sbox.sv" Line 1. Module aes_sbox doesn't have a timescale but at least one module in design has a timescale.
WARNING: [XSIM 43-4099] "/home/danilo/Documents/mgr/aes/modules/common/aes_inv_sbox.sv" Line 1. Module aes_inv_sbox doesn't have a timescale but at least one module in design has a timescale.
WARNING: [XSIM 43-4099] "/home/danilo/Documents/mgr/aes/modules/common/aes_sbox.sv" Line 1. Module aes_sbox doesn't have a timescale but at least one module in design has a timescale.
WARNING: [XSIM 43-4099] "/home/danilo/Documents/mgr/aes/modules/common/aes_inv_sbox.sv" Line 1. Module aes_inv_sbox doesn't have a timescale but at least one module in design has a timescale.
WARNING: [XSIM 43-4099] "/home/danilo/Documents/mgr/aes/modules/common/aes_sbox.sv" Line 1. Module aes_sbox doesn't have a timescale but at least one module in design has a timescale.
WARNING: [XSIM 43-4099] "/home/danilo/Documents/mgr/aes/modules/common/aes_inv_sbox.sv" Line 1. Module aes_inv_sbox doesn't have a timescale but at least one module in design has a timescale.
WARNING: [XSIM 43-4099] "/home/danilo/Documents/mgr/aes/modules/common/aes_sbox.sv" Line 1. Module aes_sbox doesn't have a timescale but at least one module in design has a timescale.
WARNING: [XSIM 43-4099] "/home/danilo/Documents/mgr/aes/modules/common/aes_inv_sbox.sv" Line 1. Module aes_inv_sbox doesn't have a timescale but at least one module in design has a timescale.
WARNING: [XSIM 43-4099] "/home/danilo/Documents/mgr/aes/modules/common/aes_sbox.sv" Line 1. Module aes_sbox doesn't have a timescale but at least one module in design has a timescale.
WARNING: [XSIM 43-4099] "/home/danilo/Documents/mgr/aes/modules/common/aes_inv_sbox.sv" Line 1. Module aes_inv_sbox doesn't have a timescale but at least one module in design has a timescale.
WARNING: [XSIM 43-4099] "/home/danilo/Documents/mgr/aes/modules/common/aes_sbox.sv" Line 1. Module aes_sbox doesn't have a timescale but at least one module in design has a timescale.
WARNING: [XSIM 43-4099] "/home/danilo/Documents/mgr/aes/modules/common/aes_inv_sbox.sv" Line 1. Module aes_inv_sbox doesn't have a timescale but at least one module in design has a timescale.
WARNING: [XSIM 43-4099] "/home/danilo/Documents/mgr/aes/modules/common/aes_sbox.sv" Line 1. Module aes_sbox doesn't have a timescale but at least one module in design has a timescale.
WARNING: [XSIM 43-4099] "/home/danilo/Documents/mgr/aes/modules/common/aes_inv_sbox.sv" Line 1. Module aes_inv_sbox doesn't have a timescale but at least one module in design has a timescale.
WARNING: [XSIM 43-4099] "/home/danilo/Documents/mgr/aes/modules/common/aes_sbox.sv" Line 1. Module aes_sbox doesn't have a timescale but at least one module in design has a timescale.
WARNING: [XSIM 43-4099] "/home/danilo/Documents/mgr/aes/modules/common/aes_inv_sbox.sv" Line 1. Module aes_inv_sbox doesn't have a timescale but at least one module in design has a timescale.
WARNING: [XSIM 43-4099] "/home/danilo/Documents/mgr/aes/modules/common/aes_sbox.sv" Line 1. Module aes_sbox doesn't have a timescale but at least one module in design has a timescale.
WARNING: [XSIM 43-4099] "/home/danilo/Documents/mgr/aes/modules/common/aes_inv_sbox.sv" Line 1. Module aes_inv_sbox doesn't have a timescale but at least one module in design has a timescale.
WARNING: [XSIM 43-4099] "/home/danilo/Documents/mgr/aes/modules/common/aes_rows_shifter.sv" Line 3. Module aes_rows_shifter doesn't have a timescale but at least one module in design has a timescale.
WARNING: [XSIM 43-4099] "/home/danilo/Documents/mgr/aes/modules/common/aes_columns_mixer.sv" Line 3. Module aes_columns_mixer doesn't have a timescale but at least one module in design has a timescale.
WARNING: [XSIM 43-4099] "/home/danilo/Documents/mgr/aes/modules/common/aes_round_key_adder.sv" Line 3. Module aes_round_key_adder doesn't have a timescale but at least one module in design has a timescale.
Completed simulation data flow analysis
Time Resolution for simulation is 1ps
Compiling package xil_defaultlib.$unit_aes_bytes_substitutor_sv_5...
WARNING: [XSIM 43-3373] "../../../../../aes/testbench/include/generator.svh" Line 23. System function $sscanf is used as system task. This system function should have a LHS e.g. x=$sscanf().
WARNING: [XSIM 43-3373] "../../../../../aes/testbench/include/generator.svh" Line 29. System function $sscanf is used as system task. This system function should have a LHS e.g. x=$sscanf().
Compiling package xil_defaultlib.tb_pkg
Compiling package std.std
Compiling module xil_defaultlib.cb
Compiling module xil_defaultlib.axis_if_default
Compiling module xil_defaultlib.aes_sbox
Compiling module xil_defaultlib.aes_key_expander_default
Compiling module xil_defaultlib.aes_columns_mixer
Compiling module xil_defaultlib.aes_round_key_adder
Compiling module xil_defaultlib.aes_inv_sbox
Compiling module xil_defaultlib.aes_bytes_substitutor_default
Compiling module xil_defaultlib.aes_rows_shifter
Compiling module xil_defaultlib.aes_round
Compiling module xil_defaultlib.aes_cbc_iterative
Compiling module xil_defaultlib.tb
Compiling module xil_defaultlib.glbl
Built simulation snapshot tb_behav
INFO: [USF-XSim-69] 'elaborate' step finished in '2' seconds
INFO: [USF-XSim-4] XSim::Simulate design
INFO: [USF-XSim-61] Executing 'SIMULATE' step in '/home/danilo/Documents/mgr/project_1/project_1.sim/sim_1/behav/xsim'
INFO: [USF-XSim-98] *** Running xsim
   with args "tb_behav -key {Behavioral:sim_1:Functional:tb} -tclbatch {tb.tcl} -log {simulate.log}"
INFO: [USF-XSim-8] Loading simulator feature
Time resolution is 1 ps
source tb.tcl
# set curr_wave [current_wave_config]
# if { [string length $curr_wave] == 0 } {
#   if { [llength [get_objects]] > 0} {
#     add_wave /
#     set_property needs_save false [current_wave_config]
#   } else {
#      send_msg_id Add_Wave-1 WARNING "No top level signals found. Simulator will start without a wave window. If you want to open a wave window go to 'File->New Waveform Configuration' or type 'create_wave_config' in the TCL console."
#   }
# }
WARNING: Simulation object /tb/gen was not traceable in the design for the following reason:
Vivado Simulator does not support tracing of System Verilog Dynamic Type object.
WARNING: Simulation object /tb/drv was not traceable in the design for the following reason:
Vivado Simulator does not support tracing of System Verilog Dynamic Type object.
WARNING: Simulation object /tb/mon was not traceable in the design for the following reason:
Vivado Simulator does not support tracing of System Verilog Dynamic Type object.
WARNING: Simulation object /tb/scb was not traceable in the design for the following reason:
Vivado Simulator does not support tracing of System Verilog Dynamic Type object.
WARNING: Simulation object /tb/gen2drv_mbx was not traceable in the design for the following reason:
Vivado Simulator does not support tracing of System Verilog Dynamic Type object.
WARNING: Simulation object /tb/gen2scb_mbx was not traceable in the design for the following reason:
Vivado Simulator does not support tracing of System Verilog Dynamic Type object.
WARNING: Simulation object /tb/mon2scb_mbx was not traceable in the design for the following reason:
Vivado Simulator does not support tracing of System Verilog Dynamic Type object.
WARNING: Simulation object /tb/drv2gen_receive_ev was not traceable in the design for the following reason:
Vivado Simulator does not support tracing of event type object.
WARNING: Simulation object /tb/gen2drv_finish_ev was not traceable in the design for the following reason:
Vivado Simulator does not support tracing of event type object.
WARNING: Simulation object /tb/scb2gen_receive_ev was not traceable in the design for the following reason:
Vivado Simulator does not support tracing of event type object.
WARNING: Simulation object /tb/gen2scb_finish_ev was not traceable in the design for the following reason:
Vivado Simulator does not support tracing of event type object.
WARNING: Simulation object /tb/mon2scb_receive_ev was not traceable in the design for the following reason:
Vivado Simulator does not support tracing of event type object.
WARNING: Simulation object /tb/scb2mon_finish_ev was not traceable in the design for the following reason:
Vivado Simulator does not support tracing of event type object.
# run 1000ns
INFO: [USF-XSim-96] XSim completed. Design snapshot 'tb_behav' loaded.
INFO: [USF-XSim-97] XSim simulation ran for 1000ns
launch_simulation: Time (s): cpu = 00:00:03 ; elapsed = 00:00:05 . Memory (MB): peak = 12835.355 ; gain = 0.000 ; free physical = 3789 ; free virtual = 34359
run all
[Driver]     Time:     2996ns, id:   0, data: 7233811879523734ea0590386caae9409c483690aeed58d27b2158ce2dd9333fc19f0e348f801d0e7936e3a716d3e37e354f88557dfa5e27738dd7a7bfa80e95
[Monitor]    Time:     3152ns, id:   0, data: ca3ac3aaf5b22e6fb0eedb4f0a3c911b
[Driver]     Time:     3338ns, id:   1, data: 3b5c32126baab950a1b8b37b1ffdc5b0012737240a47cfda12465117dd25d889f36a5df33f507eae47f8e50a676254b4f352823e5d7adaf3fbd99657db019ae30ba196d65629c1695b9d4b53084baa5c
[Monitor]    Time:     3431ns, id:   1, data: c4ff8ef4bebc81a87a2f5d593205b1b13770e1812ff2f319c89028d0a22974e1
[Driver]     Time:     3715ns, id:   2, data: 7defe11ed8b147424a949f977c41d20651559fe56217a2f9376da6e1d322dab08ac1e0c59b4e1088118ee4e0480bc6248d6f9d17a5621e7cf1bb7364222c597c033e9a15eea8332d2315feae40106b394608f0df71991f8ee5fbecb3c2d3992a
[Monitor]    Time:     3808ns, id:   2, data: 2d41cf702625f471a6266f39fc029e6014526295ad329fe16ab035e3fe28712217b14a9a54eac00f3b17514f5fda413c
[Driver]     Time:     4191ns, id:   3, data: 93f32fe682ff04a06c99d6bf6a3abe458896cf19a293f603fbcbfe1e1b27a746a4ce33efd0d023ab932406ead58887d6fec9766a9d1815221ceab2dcf7b0c176f72b9b43f55fde0086f1083dcaae94fb8ee79d4f5704a6fa4ffaea705aecc578f7474b8661b3658aec9748d6b676d884
[Monitor]    Time:     4283ns, id:   3, data: dd1160260b70220beb579cca598c300b994e3a5c73e832c7d9645c489c25d78111461e3092a698dd36e10571e737f99dd18b93810b872843e3c07b68782b91db
[Driver]     Time:     4765ns, id:   4, data: 17ba9b710584ee1b83e7576c83c99bb60b3374af0c75c89760c5328b0df17d81588e2d4e7ed6ee6d03937bdf0d705b1d279adcc86dd4ac0fea7f0b81e4d72923e77da414f0e56896eab526088af47d3f00489ada20bf7916bb7428d9b88dfc2af6b001318f9d569b18d13a1e563b424d5b665f57415b3634f5789a9be1a95b5e
[Monitor]    Time:     4858ns, id:   4, data: 9b777ada9afdfe5030dd16b7447361d34b609f5e90870e0b783cba796566ec499a2fd192ae8a7d396dca76e3e6640bd639dbc1b0c7fdafbff1bf6dcfcf5b398d8fb94ecd31c58fd39e9163d474ff74f7
[Driver]     Time:     5438ns, id:   5, data: 7656546fe3fb04c75efa19bd41a4ab1fabb1dc57cc389cc2e789cb955816cac4061c3cb5861e25d224f543aaae2c42327b6583e42146d88cc4a86aa50c5f7a43e2c03d2695fd637f8df01af5695a83de7059005e0eed16d8df30e76d5483473d7b98cf3ada885634b68c3f969b9f810131b1c63c38d03669f5e247ff49983924e49ac5b955314ad63e444e75fb67cc0b
[Monitor]    Time:     5530ns, id:   5, data: b2661b2e4bd7bc905cc4d951f1fd064b1cf114d4a91f9c84ff1455158b89dbc756e61b7f8287ddb0f706b484e2e7e6898f46b6105fca135f29ca068bdf37f5d9494e348cbb53e8e6925818b1ea84434cc4339359e35cfaecb57c940153aa0716
[Driver]     Time:     6209ns, id:   6, data: 3f8cd63528c390d96a26376262369f329c8603b93924c81c98c34a7e4ca11096fa9878ddeacea924587f7c43ff4b3646d3cf0bb7f5c4c4a8e7cbbeef475c1445a2d5172d248e5ef4e85cd76862565f61e894dba1b34756f40ee2c4670ada0e3dd7f8e59f4a8d2ca677d800a2b29fe079363e90ebbcd94a7dcc6eed65a5a54d73b84edcb55ce2ea0389afa6a99be2fbbd0ff192e502c05daf37188f49625257a4
[Monitor]    Time:     6302ns, id:   6, data: 008c6c066615286fd3639ca7667d8fc0dfe14770baedbb58b7f522b19df36513124085968ca6de2c7c415675fd4c5a29907ce99e7739fe9a2a40366f4054c84ac016080482435091ab29876bc6feb47a15c76e12326d6efda5248bace125a8296f3391a6c4d3409a5a2ab89b00c8ee53
[Driver]     Time:     7079ns, id:   7, data: 4e1915d1fa9ab7f8da23ac03f7be82fbb257340acde36bbff60fda5f2f967efc5281cc85e7ac6844f5b6ee310655471707d848dc9a3775f9ccdc867a0eadeeea75f15c25ea4a14637e7eeaa7e8db654902d20e1a932c2e391b024f9820c36b019edb67495f070f678119eb44f54452144e50901659eba66f2310d44ca430526aae27928594a3b4d7f1c84db99e817def887f5ed0429625e118e44d221c3cd130cbb617fa59f0ed913106996dbe5016df
[Monitor]    Time:     7172ns, id:   7, data: 42dcb3349bf020009c944f085b64f6f2137f19159a87682d60edb67c85d491e7d924009f5c48c1c2e7e6628f3beda479c08b0233913adb805858f00299c174ba5a49c08986368cf404ca8fe1075baf5137e209f49c0e98a7e94cadb95c280da53e33631937f5b771abddca5e11d9200986c52e27a1e6d483474059eb06f64c91
[Driver]     Time:     8048ns, id:   8, data: 9aad3e0a7f829ccea2be5798da86795fa925a67094f8b7ba8df4bec0b6311ec0464075868d5107bbfedb36249639990183d2744449c366bf2d658761af616b9945c8bcfce422bbd9df9da2d44d94630ac95ef8e95f119c41d230ae4d7eca58c95b41c2168d5162afee346f5c75feeef1a87d6b9d7815b09437cff73e05fecf050ba798d1f6c9e702385c625a4d6af52575be10b60c747c6a9428fd03ba405229ddf4ea6cd232ab8fb0d8fe04f9b79a220cd0ecb423863555002e372421b5a3a8
[Monitor]    Time:     8140ns, id:   8, data: 45d2e0c42d40b67ad8a4ab2f825ce00ae8dcd77436d90d0bcb0afd15c997c26537993447a4b18ef1e629e194fc6243ca1804ad85a841115259a78cbc5d68afd3731975d26596e96911761bc4e663ab12316b99216eaf32880b18e3cef9cf46244070d662b4579f06a0a59e592b7ab344032a69a6ba0d5d8cf2623afb5434446e1efce5e90852b5cf737d26551ddae3e8
[Driver]     Time:     9115ns, id:   9, data: 2275b7de1b5f0b52d8b891437f97d37b4fb2f1e9711c64a54f311ff6c7fd4178f9d6148f38fa379d9a4af0d4bf9e080ee5f837078b9ab9315e6a856d75b1ac2260d1932e4bcc43196e12a297dbed79599e4883175450eb8a4a4414a2796f0c4ea7d55c72629b4e5de69d678d4ffd32c97ccd585dc4cc1220588bded9fdeaa6687b87b4d791ea5ee94e71cbf45ef1a56db55959a9ca5d8f2387f60bf1e32f1b65058622945fd1700e396174d65da2b1798e2c541df4d13f9ebfd14eb68d545607b1c4086679a7fb04730557e23f02e314
[Monitor]    Time:     9208ns, id:   9, data: ef16105ddac94eaa4fe7419d548e50b71ed219a60db8f858067505ad3012dfdecc0ddc2a40a311f5766dd4aac899ce3aa927a51e097652012b3af90c62663037a6fa3e206b0a77a3809bcd5cdbe2938c36233941a0e3fce92c7d958a0b3b97ef7b161ef49a469a6fac0358bc173ec273a12d28c9331cb36381e0b25c1bacfb4e7cc85ad2c83143c1415b88ba50d976be465fff4fe0e3a32d4615ce06d4674532
[Driver]     Time:    10281ns, id:  10, data: e4715925e8133ae415f81c651141b5334ee0776d3dbe48f9aa6354663739689af250090839380ec7a5e9ff72597b6054588f9ced402d790d6ddf9417748530ca38f7e2d82dca921d2d331236f382816477cb8ca6c826e27a5f5da4fd68bcccbd1901b1b3945f0aae43b091032e0523f28c257a5beb9a42f359922b31692edf5de7e085660d12256a2f43dde7a1fda0166d22b01589bb2842ced3f00ae5c5bb323771297fecd6f484c397647cafda9f0a15e9f7d15e3dd013c4069f09bb040b7ea003c99c8d312f91789e264d08790f1cb7b688b47512787ee53130b2ac5ad0bd
[Monitor]    Time:    10373ns, id:  10, data: eed443c15646424c4f291942e89336af480669c6e17ce379765c487c544c6f3566e38eeb13daad1c5dffc68b9648293f6567350ea37de0afebf08ad79ea707d638f82bbb140bfa2de3e03f5156ed40b13fb6ed4038bb18f911027a95ea649d8572e37aaef48a183be2ed060ee4057ee94aabec7726c73f07daafd93c5ec9368c636e9c48c785806562f1638316d12bb8e0b8e5135501d20c7c97656f5b2b24424df31de475c06da9299a35a3cb338ed1
[Driver]     Time:    11545ns, id:  11, data: 64c83e67913230ae42a4e5900953f1ab5dadbd7b9bd62727eb4028d96fadc91b9a8408fe3e38d27c1e4c113b7f11a9b65e841dc6021ed97e0a7a1cc31ba23ac1f128375dcd7e87089ef2b10691f2fc2edc05aa83f30efe4cec00035dce1ccd94656bb6e0fb5336ad6af31a517f21503fde483cd5023be382524019665208cc352df791849ecb81e0cc26b77665e4aadddcfa2723d6ef785d41a6c7d508282bc0920d5e231f40072d8e7f7283ee64eaf4b692dbfea52f545dc831d7ea4cc265bc4d07dd6db917538b8887e8bf9aab8f71a202e143c1f039fa2bfe07907a27b21d1d7ff411ddaad0613093a7be1266c8ab
[Monitor]    Time:    11638ns, id:  11, data: f3e73137f11b38557cf65f4aa24b4a785d33c164f41b6fe80ce856b5008f9d1df6bce0b2e23d999160b3087774ddfe784fb0f0ef84f436936cac4db29dc8c741fbe9ddedf913c1cbf852127390c0a2b4e8837fa58bb0b2ed269506b04176d759e0904cf2181ea936a50ae4df704c1220073892037a900e39a9599f1c69393e73d5d8894b74ba18cf4dbdae6e381d0e26e62527467afd8057a5d70f457f2e4e4d893f6222adc3a42edabea0e381c0dd309757feebadd5bd31b6488ebba77af147
[Driver]     Time:    12908ns, id:  12, data: 00a44bf557758510cada6f70afd90a1d03bd623df70c9432756a76943dba53d0fcc89aaf1a2176739b7bdf7b0cf1f781a38a06b93cbb4be7d6d961b293881389348850c18c22b59d91762bafb3a99d23f4c90581523026b8204814f990362d75e682acb5bc769f1cd7e628b8eb9ac14f5fbe9e16dcff9023d3f228a8b6f2c275ef96152fe88564bab159265537d5303c107abc8394dcce8452b28dac7f32873bcc3ab692dc6e1d69779b8953bca4b88a2be6e14a23f42ea7bc1d35b352a4495d40f850d84bad5b7ea5101e03881d26762dc3f8f46a7b680b5586f01cb7805da8c3cbf2ee9cc8153cf9415789a0ac4691d2ba30807ccf121e63f536ea3f1b3cb7
[Monitor]    Time:    13001ns, id:  12, data: 193f30281b1767dd1f3bda9e65641a1817a80b27233288af99bc753c552b1dd2f010c3a271cf911c867474214511b7ea41f9c16d2a9a8fe557944b51e5103a6f9b900e58fc7098cdf3b7c93e072ae670733df48c6d157b645416abf14efb524d2d41e4583ae01bd77ce1de82ff4da842e26382d07b4c8e47c9a5d604df2d9d79325c2a5581917fd3aa1981988fabbf4d0de7f207540d9f0ae385834274477e18f4f486663ff7cf16da541882b97f6525d953d1ca0cb8450e701628725efedd89ddb04f4180c4c384d1f688cbfee222da
[Driver]     Time:    14370ns, id:  13, data: 37ddf79e9fe3a45993cf5bad3a6ebf38990e0ba1f2ee9f75b8a92f046a308b9c9bf9f3a7133c7a2e3792f4397b957b67503afe4e3c3bfd804a3f6f82cce57b2f3abec343373ab6b5f375ae0ef3e6524f0ce3ad12dead02461f794f59819f8c30894136c691a5ed410ce9d047fefa0d1e19c3a13a4cbfeb5eefa6622aab914ff35f991f61991c6455592a8e4660cfed491e3b9ee3dc8624fcea022376499b272fa893c1a0337f79f29cb7c2454a474137dcc805e03de532809f368430794a2f27cb265137c1ef066c182e0ce6e3d0e37ffe132203fbf2234b518a94e37e5b66911bc0e5793dd4a42262985b9cc1459a2737bc54eea7cdb76fe2d79ee51a251ccc571b32a8e01bc7d806841fa1423d23a0
[Monitor]    Time:    14462ns, id:  13, data: 399f5a128d52a86287280a21ef1a338a1fc2c5c994e80b92c5d021d68e8249fe917415fee3b4ea245aff403767154043509af26eb09ff67c62fa4312db6e41e80e084d02bc5933720711b20d866fc91ce6b629fa5fc8fb514a077ab1e1e0fda80fd177fa2183a03627be536b3b5f85e596ecb587bd1c85c8395330a4da6bff71631b952b48917f4cb552884ebe3e12334de13525dd7999b47eb985663d9feedfdbb62e7dd97ddfdd7be7ee00b121a7120103d1ff6fe86ecd972a777ac4bad931d07b2cbda2a35e01152745986bed073ba75bcd799a79a202aec6751658a2d042
[Driver]     Time:    15930ns, id:  14, data: d2feabd1aa14e98c07770b3b779f2c846a9bb96260f91b3cbfeb3a6b22ac7a87efa92d911f78b2fb10f40d3cb7c08424a4ee5751b63868ff19deaf7813953885866c37ea31d30713203f595342f1837d206336529a0cc0be038ba8694ee9de36b5b4a403f8e4f20e1e79c46e207d766c1f34c889ed664781f72ea5cb18fe9a6b7d513a4d9d40ff371fb97bb991985861aae76fa9cf188f7d914699295012a575147581a58d4dfb9c463d3e71a99a2510cf1c9091689203b6f134d691679865e6a575b6f645fca65dca3a5e893dd6f811ae705c951de3be27a76a37161bcbd616522f6b0292b604ad225359a7c241bbd6d4aaef4de7dc40317c52c78dec997f35950f8a747987c3c1f82f02c5b1cec5a0f47ca9d00fcefa6634f2f74629e0d687
[Monitor]    Time:    16023ns, id:  14, data: 66511dbe395e2add400bd7e03a4ac5e3f03cc0acf48ff0b729bbf67e22e7ea1a9e4d692409e18c2ba84f7c5031a06da5122863bb5ee2ebc813bd7c0199a7488610148c1132b079cfbe55d3a22c5be1f8674174fc74339ce5f9f21c0f3a26ecbfb4b8e5af2cdb8d634f694bf5a9e94f44515917c9d1cab48fdced5596753ac935d6037a668231679bedd1dbbf6c74726715fa87fd08f5a96ca7c50b96c1a02992ba937f770bb7870b7c953c59d57d5115b8334914d9a2d8c3f2cfd4ee1d6b6c43824d99d2e66056fa12e677f7033ba2227e567b0115b3ac6c87120c194e3f09e86e09e4c71b7a73a8b56d86e6539057b0
[Driver]     Time:    17589ns, id:  15, data: 2738c9cc4a5c8262cd292717bb0a722a6260f0912727c46208de012987e63653e54799e68b9b8571ee0ea5e4f9f986a4a844d9df93418ac53df09d9d896b9a403c7503454df46a664b6966b72e6e75d84aa8aeb4868d362b9a9b7e475c74cb6607af110035943272f4bd005eb44a913c3f520ef2fb53b80dca52d17298c724468dfefd4151684171a40d4d662b93730b903697051cb599cc4e522b1f25cfcb66ebf11287ec2fd0111ec08cc5d43b6352a0c5fb747c9f9995d37764235de4d4a63ecc6da940c13132fdf7f396a5a95095a2f2d8f8dd83019c09c2704b43b2415a50df803345963721643aa451f13f88d78aa24c2d9ca3ecdd5003e657962a6957de7e053d15968c0a10aa7485b79e77fba9bd2594279f3df7e6b390c7b04efb41b63bbe481912571561250aaaed7fa5bc
[Monitor]    Time:    17681ns, id:  15, data: 73c09e92163edb02260a9770beb9e9249ba3a306f80a8ffb69d4ef4d8a6646c320ff2838b11bf8285df4370f85e225cc194c093ab31e69f1ad68cb356eab838993a0c377eee15c9c548eb9cc52541efe495fc36480be7d802bff836429b2c94b8ec752987c0f79bcd7ee3a275202354fc34168edbf9020183362a16bf7f742952ee11b68d4b405b737ec097ee69d08f9a5ad65528ebe48820f0417afce809fad0b3120e360587a3ab7e8efa23c69079c21431aa24f6e56949c5c331be023f71e74fe473829b829eb40ba41f611a35e616401bd8ee93618ec6bbc334ffebb7bf79c6d0465668d85c8a62011f97c989745a9e0c54187f911f982449c5bef60c311

TEST COMPLETED.
$finish called at time : 17687100 ps : File "/home/danilo/Documents/mgr/aes/testbench/tb.sv" Line 96
