launch_simulation
Command: launch_simulation 
INFO: [Vivado 12-12493] Simulation top is 'tb'
INFO: [Vivado 12-5682] Launching behavioral simulation in '/home/danilo/Documents/mgr/project_1/project_1.sim/sim_1/behav/xsim'
INFO: [SIM-utils-51] Simulation object is 'sim_1'
INFO: [SIM-utils-72] Using boost library from '/tools/Xilinx/Vivado/2024.2/tps/boost_1_72_0'
INFO: [SIM-utils-54] Inspecting design source files for 'tb' in fileset 'sim_1'...
INFO: [SIM-utils-43] Exported '/home/danilo/Documents/mgr/project_1/project_1.sim/sim_1/behav/xsim/pkts_in.txt'
INFO: [SIM-utils-43] Exported '/home/danilo/Documents/mgr/project_1/project_1.sim/sim_1/behav/xsim/pkts_out.txt'
INFO: [USF-XSim-97] Finding global include files...
INFO: [USF-XSim-98] Fetching design files from 'sim_1'...
INFO: [USF-XSim-2] XSim::Compile design
INFO: [USF-XSim-61] Executing 'COMPILE and ANALYZE' step in '/home/danilo/Documents/mgr/project_1/project_1.sim/sim_1/behav/xsim'
xvlog --incr --relax -L uvm -prj tb_vlog.prj
INFO: [VRFC 10-2263] Analyzing SystemVerilog file "/home/danilo/Documents/mgr/aes/modules/common/aes_bytes_substitutor.sv" into library xil_defaultlib
INFO: [VRFC 10-311] analyzing module aes_bytes_substitutor
INFO: [VRFC 10-2263] Analyzing SystemVerilog file "/home/danilo/Documents/mgr/aes/modules/common/aes_columns_mixer.sv" into library xil_defaultlib
INFO: [VRFC 10-311] analyzing module aes_columns_mixer
INFO: [VRFC 10-2263] Analyzing SystemVerilog file "/home/danilo/Documents/mgr/aes/modules/aes_ctr_iterative.sv" into library xil_defaultlib
INFO: [VRFC 10-311] analyzing module aes_ctr_iterative
INFO: [VRFC 10-2263] Analyzing SystemVerilog file "/home/danilo/Documents/mgr/aes/modules/common/aes_inv_sbox.sv" into library xil_defaultlib
INFO: [VRFC 10-311] analyzing module aes_inv_sbox
INFO: [VRFC 10-2263] Analyzing SystemVerilog file "/home/danilo/Documents/mgr/aes/modules/common/aes_key_expander.sv" into library xil_defaultlib
INFO: [VRFC 10-311] analyzing module aes_key_expander
INFO: [VRFC 10-2263] Analyzing SystemVerilog file "/home/danilo/Documents/mgr/aes/modules/common/aes_round.sv" into library xil_defaultlib
INFO: [VRFC 10-311] analyzing module aes_round
INFO: [VRFC 10-2263] Analyzing SystemVerilog file "/home/danilo/Documents/mgr/aes/modules/common/aes_round_key_adder.sv" into library xil_defaultlib
INFO: [VRFC 10-311] analyzing module aes_round_key_adder
INFO: [VRFC 10-2263] Analyzing SystemVerilog file "/home/danilo/Documents/mgr/aes/modules/common/aes_rows_shifter.sv" into library xil_defaultlib
INFO: [VRFC 10-311] analyzing module aes_rows_shifter
INFO: [VRFC 10-2263] Analyzing SystemVerilog file "/home/danilo/Documents/mgr/aes/modules/common/aes_sbox.sv" into library xil_defaultlib
INFO: [VRFC 10-311] analyzing module aes_sbox
INFO: [VRFC 10-2263] Analyzing SystemVerilog file "/home/danilo/Documents/mgr/aes/testbench/axis_if.sv" into library xil_defaultlib
INFO: [VRFC 10-2263] Analyzing SystemVerilog file "/home/danilo/Documents/mgr/aes/testbench/tb_pkg.sv" into library xil_defaultlib
INFO: [VRFC 10-2263] Analyzing SystemVerilog file "/home/danilo/Documents/mgr/aes/testbench/tb.sv" into library xil_defaultlib
INFO: [VRFC 10-311] analyzing module tb
Waiting for jobs to finish...
No pending jobs, compilation finished.
INFO: [USF-XSim-69] 'compile' step finished in '1' seconds
INFO: [USF-XSim-3] XSim::Elaborate design
INFO: [USF-XSim-61] Executing 'ELABORATE' step in '/home/danilo/Documents/mgr/project_1/project_1.sim/sim_1/behav/xsim'
xelab --incr --debug typical --relax --mt 8 -L xil_defaultlib -L uvm -L unisims_ver -L unimacro_ver -L secureip --snapshot tb_behav xil_defaultlib.tb xil_defaultlib.glbl -log elaborate.log
Vivado Simulator v2024.2.0
Copyright 1986-2022 Xilinx, Inc. All Rights Reserved.
Copyright 2022-2024 Advanced Micro Devices, Inc. All Rights Reserved.
Running: /tools/Xilinx/Vivado/2024.2/bin/unwrapped/lnx64.o/xelab --incr --debug typical --relax --mt 8 -L xil_defaultlib -L uvm -L unisims_ver -L unimacro_ver -L secureip --snapshot tb_behav xil_defaultlib.tb xil_defaultlib.glbl -log elaborate.log 
Using 8 slave threads.
Starting static elaboration
Pass Through NonSizing Optimizer
Completed static elaboration
Starting simulation data flow analysis
WARNING: [XSIM 43-4099] "/home/danilo/Documents/mgr/aes/testbench/tb_pkg.sv" Line 1. Module tb_pkg doesn't have a timescale but at least one module in design has a timescale.
WARNING: [XSIM 43-4099] "/home/danilo/Documents/mgr/aes/testbench/tb_pkg.sv" Line 1. Module tb_pkg doesn't have a timescale but at least one module in design has a timescale.
WARNING: [XSIM 43-4099] "/home/danilo/Documents/mgr/aes/testbench/axis_if.sv" Line 1. Module axis_if_default doesn't have a timescale but at least one module in design has a timescale.
WARNING: [XSIM 43-4099] "/home/danilo/Documents/mgr/aes/testbench/axis_if.sv" Line 23. Module cb doesn't have a timescale but at least one module in design has a timescale.
WARNING: [XSIM 43-4099] "/home/danilo/Documents/mgr/aes/testbench/axis_if.sv" Line 1. Module axis_if_default doesn't have a timescale but at least one module in design has a timescale.
WARNING: [XSIM 43-4099] "/home/danilo/Documents/mgr/aes/testbench/axis_if.sv" Line 23. Module cb doesn't have a timescale but at least one module in design has a timescale.
WARNING: [XSIM 43-4099] "/home/danilo/Documents/mgr/aes/modules/aes_ctr_iterative.sv" Line 3. Module aes_ctr_iterative doesn't have a timescale but at least one module in design has a timescale.
WARNING: [XSIM 43-4099] "/home/danilo/Documents/mgr/aes/modules/common/aes_key_expander.sv" Line 3. Module aes_key_expander_default doesn't have a timescale but at least one module in design has a timescale.
WARNING: [XSIM 43-4099] "/home/danilo/Documents/mgr/aes/modules/common/aes_sbox.sv" Line 1. Module aes_sbox doesn't have a timescale but at least one module in design has a timescale.
WARNING: [XSIM 43-4099] "/home/danilo/Documents/mgr/aes/modules/common/aes_sbox.sv" Line 1. Module aes_sbox doesn't have a timescale but at least one module in design has a timescale.
WARNING: [XSIM 43-4099] "/home/danilo/Documents/mgr/aes/modules/common/aes_sbox.sv" Line 1. Module aes_sbox doesn't have a timescale but at least one module in design has a timescale.
WARNING: [XSIM 43-4099] "/home/danilo/Documents/mgr/aes/modules/common/aes_sbox.sv" Line 1. Module aes_sbox doesn't have a timescale but at least one module in design has a timescale.
WARNING: [XSIM 43-4099] "/home/danilo/Documents/mgr/aes/modules/common/aes_round_key_adder.sv" Line 3. Module aes_round_key_adder doesn't have a timescale but at least one module in design has a timescale.
WARNING: [XSIM 43-4099] "/home/danilo/Documents/mgr/aes/modules/common/aes_round.sv" Line 3. Module aes_round doesn't have a timescale but at least one module in design has a timescale.
WARNING: [XSIM 43-4099] "/home/danilo/Documents/mgr/aes/modules/common/aes_bytes_substitutor.sv" Line 3. Module aes_bytes_substitutor_default doesn't have a timescale but at least one module in design has a timescale.
WARNING: [XSIM 43-4099] "/home/danilo/Documents/mgr/aes/modules/common/aes_sbox.sv" Line 1. Module aes_sbox doesn't have a timescale but at least one module in design has a timescale.
WARNING: [XSIM 43-4099] "/home/danilo/Documents/mgr/aes/modules/common/aes_inv_sbox.sv" Line 1. Module aes_inv_sbox doesn't have a timescale but at least one module in design has a timescale.
WARNING: [XSIM 43-4099] "/home/danilo/Documents/mgr/aes/modules/common/aes_sbox.sv" Line 1. Module aes_sbox doesn't have a timescale but at least one module in design has a timescale.
WARNING: [XSIM 43-4099] "/home/danilo/Documents/mgr/aes/modules/common/aes_inv_sbox.sv" Line 1. Module aes_inv_sbox doesn't have a timescale but at least one module in design has a timescale.
WARNING: [XSIM 43-4099] "/home/danilo/Documents/mgr/aes/modules/common/aes_sbox.sv" Line 1. Module aes_sbox doesn't have a timescale but at least one module in design has a timescale.
WARNING: [XSIM 43-4099] "/home/danilo/Documents/mgr/aes/modules/common/aes_inv_sbox.sv" Line 1. Module aes_inv_sbox doesn't have a timescale but at least one module in design has a timescale.
WARNING: [XSIM 43-4099] "/home/danilo/Documents/mgr/aes/modules/common/aes_sbox.sv" Line 1. Module aes_sbox doesn't have a timescale but at least one module in design has a timescale.
WARNING: [XSIM 43-4099] "/home/danilo/Documents/mgr/aes/modules/common/aes_inv_sbox.sv" Line 1. Module aes_inv_sbox doesn't have a timescale but at least one module in design has a timescale.
WARNING: [XSIM 43-4099] "/home/danilo/Documents/mgr/aes/modules/common/aes_sbox.sv" Line 1. Module aes_sbox doesn't have a timescale but at least one module in design has a timescale.
WARNING: [XSIM 43-4099] "/home/danilo/Documents/mgr/aes/modules/common/aes_inv_sbox.sv" Line 1. Module aes_inv_sbox doesn't have a timescale but at least one module in design has a timescale.
WARNING: [XSIM 43-4099] "/home/danilo/Documents/mgr/aes/modules/common/aes_sbox.sv" Line 1. Module aes_sbox doesn't have a timescale but at least one module in design has a timescale.
WARNING: [XSIM 43-4099] "/home/danilo/Documents/mgr/aes/modules/common/aes_inv_sbox.sv" Line 1. Module aes_inv_sbox doesn't have a timescale but at least one module in design has a timescale.
WARNING: [XSIM 43-4099] "/home/danilo/Documents/mgr/aes/modules/common/aes_sbox.sv" Line 1. Module aes_sbox doesn't have a timescale but at least one module in design has a timescale.
WARNING: [XSIM 43-4099] "/home/danilo/Documents/mgr/aes/modules/common/aes_inv_sbox.sv" Line 1. Module aes_inv_sbox doesn't have a timescale but at least one module in design has a timescale.
WARNING: [XSIM 43-4099] "/home/danilo/Documents/mgr/aes/modules/common/aes_sbox.sv" Line 1. Module aes_sbox doesn't have a timescale but at least one module in design has a timescale.
WARNING: [XSIM 43-4099] "/home/danilo/Documents/mgr/aes/modules/common/aes_inv_sbox.sv" Line 1. Module aes_inv_sbox doesn't have a timescale but at least one module in design has a timescale.
WARNING: [XSIM 43-4099] "/home/danilo/Documents/mgr/aes/modules/common/aes_sbox.sv" Line 1. Module aes_sbox doesn't have a timescale but at least one module in design has a timescale.
WARNING: [XSIM 43-4099] "/home/danilo/Documents/mgr/aes/modules/common/aes_inv_sbox.sv" Line 1. Module aes_inv_sbox doesn't have a timescale but at least one module in design has a timescale.
WARNING: [XSIM 43-4099] "/home/danilo/Documents/mgr/aes/modules/common/aes_sbox.sv" Line 1. Module aes_sbox doesn't have a timescale but at least one module in design has a timescale.
WARNING: [XSIM 43-4099] "/home/danilo/Documents/mgr/aes/modules/common/aes_inv_sbox.sv" Line 1. Module aes_inv_sbox doesn't have a timescale but at least one module in design has a timescale.
WARNING: [XSIM 43-4099] "/home/danilo/Documents/mgr/aes/modules/common/aes_sbox.sv" Line 1. Module aes_sbox doesn't have a timescale but at least one module in design has a timescale.
WARNING: [XSIM 43-4099] "/home/danilo/Documents/mgr/aes/modules/common/aes_inv_sbox.sv" Line 1. Module aes_inv_sbox doesn't have a timescale but at least one module in design has a timescale.
WARNING: [XSIM 43-4099] "/home/danilo/Documents/mgr/aes/modules/common/aes_sbox.sv" Line 1. Module aes_sbox doesn't have a timescale but at least one module in design has a timescale.
WARNING: [XSIM 43-4099] "/home/danilo/Documents/mgr/aes/modules/common/aes_inv_sbox.sv" Line 1. Module aes_inv_sbox doesn't have a timescale but at least one module in design has a timescale.
WARNING: [XSIM 43-4099] "/home/danilo/Documents/mgr/aes/modules/common/aes_sbox.sv" Line 1. Module aes_sbox doesn't have a timescale but at least one module in design has a timescale.
WARNING: [XSIM 43-4099] "/home/danilo/Documents/mgr/aes/modules/common/aes_inv_sbox.sv" Line 1. Module aes_inv_sbox doesn't have a timescale but at least one module in design has a timescale.
WARNING: [XSIM 43-4099] "/home/danilo/Documents/mgr/aes/modules/common/aes_sbox.sv" Line 1. Module aes_sbox doesn't have a timescale but at least one module in design has a timescale.
WARNING: [XSIM 43-4099] "/home/danilo/Documents/mgr/aes/modules/common/aes_inv_sbox.sv" Line 1. Module aes_inv_sbox doesn't have a timescale but at least one module in design has a timescale.
WARNING: [XSIM 43-4099] "/home/danilo/Documents/mgr/aes/modules/common/aes_sbox.sv" Line 1. Module aes_sbox doesn't have a timescale but at least one module in design has a timescale.
WARNING: [XSIM 43-4099] "/home/danilo/Documents/mgr/aes/modules/common/aes_inv_sbox.sv" Line 1. Module aes_inv_sbox doesn't have a timescale but at least one module in design has a timescale.
WARNING: [XSIM 43-4099] "/home/danilo/Documents/mgr/aes/modules/common/aes_sbox.sv" Line 1. Module aes_sbox doesn't have a timescale but at least one module in design has a timescale.
WARNING: [XSIM 43-4099] "/home/danilo/Documents/mgr/aes/modules/common/aes_inv_sbox.sv" Line 1. Module aes_inv_sbox doesn't have a timescale but at least one module in design has a timescale.
WARNING: [XSIM 43-4099] "/home/danilo/Documents/mgr/aes/modules/common/aes_rows_shifter.sv" Line 3. Module aes_rows_shifter doesn't have a timescale but at least one module in design has a timescale.
WARNING: [XSIM 43-4099] "/home/danilo/Documents/mgr/aes/modules/common/aes_columns_mixer.sv" Line 3. Module aes_columns_mixer doesn't have a timescale but at least one module in design has a timescale.
WARNING: [XSIM 43-4099] "/home/danilo/Documents/mgr/aes/modules/common/aes_round_key_adder.sv" Line 3. Module aes_round_key_adder doesn't have a timescale but at least one module in design has a timescale.
WARNING: [XSIM 43-4099] "/home/danilo/Documents/mgr/aes/testbench/axis_if.sv" Line 1. Module axis_if_default doesn't have a timescale but at least one module in design has a timescale.
WARNING: [XSIM 43-4099] "/home/danilo/Documents/mgr/aes/testbench/axis_if.sv" Line 23. Module cb doesn't have a timescale but at least one module in design has a timescale.
WARNING: [XSIM 43-4099] "/home/danilo/Documents/mgr/aes/testbench/axis_if.sv" Line 23. Module cb doesn't have a timescale but at least one module in design has a timescale.
WARNING: [XSIM 43-4099] "/home/danilo/Documents/mgr/aes/testbench/axis_if.sv" Line 1. Module axis_if_default doesn't have a timescale but at least one module in design has a timescale.
WARNING: [XSIM 43-4099] "/home/danilo/Documents/mgr/aes/testbench/axis_if.sv" Line 23. Module cb doesn't have a timescale but at least one module in design has a timescale.
WARNING: [XSIM 43-4099] "/home/danilo/Documents/mgr/aes/testbench/axis_if.sv" Line 23. Module cb doesn't have a timescale but at least one module in design has a timescale.
WARNING: [XSIM 43-4099] "/home/danilo/Documents/mgr/aes/modules/aes_ctr_iterative.sv" Line 3. Module aes_ctr_iterative doesn't have a timescale but at least one module in design has a timescale.
WARNING: [XSIM 43-4099] "/home/danilo/Documents/mgr/aes/modules/common/aes_key_expander.sv" Line 3. Module aes_key_expander_default doesn't have a timescale but at least one module in design has a timescale.
WARNING: [XSIM 43-4099] "/home/danilo/Documents/mgr/aes/modules/common/aes_sbox.sv" Line 1. Module aes_sbox doesn't have a timescale but at least one module in design has a timescale.
WARNING: [XSIM 43-4099] "/home/danilo/Documents/mgr/aes/modules/common/aes_sbox.sv" Line 1. Module aes_sbox doesn't have a timescale but at least one module in design has a timescale.
WARNING: [XSIM 43-4099] "/home/danilo/Documents/mgr/aes/modules/common/aes_sbox.sv" Line 1. Module aes_sbox doesn't have a timescale but at least one module in design has a timescale.
WARNING: [XSIM 43-4099] "/home/danilo/Documents/mgr/aes/modules/common/aes_sbox.sv" Line 1. Module aes_sbox doesn't have a timescale but at least one module in design has a timescale.
WARNING: [XSIM 43-4099] "/home/danilo/Documents/mgr/aes/modules/common/aes_round_key_adder.sv" Line 3. Module aes_round_key_adder doesn't have a timescale but at least one module in design has a timescale.
WARNING: [XSIM 43-4099] "/home/danilo/Documents/mgr/aes/modules/common/aes_round.sv" Line 3. Module aes_round doesn't have a timescale but at least one module in design has a timescale.
WARNING: [XSIM 43-4099] "/home/danilo/Documents/mgr/aes/modules/common/aes_bytes_substitutor.sv" Line 3. Module aes_bytes_substitutor_default doesn't have a timescale but at least one module in design has a timescale.
WARNING: [XSIM 43-4099] "/home/danilo/Documents/mgr/aes/modules/common/aes_sbox.sv" Line 1. Module aes_sbox doesn't have a timescale but at least one module in design has a timescale.
WARNING: [XSIM 43-4099] "/home/danilo/Documents/mgr/aes/modules/common/aes_inv_sbox.sv" Line 1. Module aes_inv_sbox doesn't have a timescale but at least one module in design has a timescale.
WARNING: [XSIM 43-4099] "/home/danilo/Documents/mgr/aes/modules/common/aes_sbox.sv" Line 1. Module aes_sbox doesn't have a timescale but at least one module in design has a timescale.
WARNING: [XSIM 43-4099] "/home/danilo/Documents/mgr/aes/modules/common/aes_inv_sbox.sv" Line 1. Module aes_inv_sbox doesn't have a timescale but at least one module in design has a timescale.
WARNING: [XSIM 43-4099] "/home/danilo/Documents/mgr/aes/modules/common/aes_sbox.sv" Line 1. Module aes_sbox doesn't have a timescale but at least one module in design has a timescale.
WARNING: [XSIM 43-4099] "/home/danilo/Documents/mgr/aes/modules/common/aes_inv_sbox.sv" Line 1. Module aes_inv_sbox doesn't have a timescale but at least one module in design has a timescale.
WARNING: [XSIM 43-4099] "/home/danilo/Documents/mgr/aes/modules/common/aes_sbox.sv" Line 1. Module aes_sbox doesn't have a timescale but at least one module in design has a timescale.
WARNING: [XSIM 43-4099] "/home/danilo/Documents/mgr/aes/modules/common/aes_inv_sbox.sv" Line 1. Module aes_inv_sbox doesn't have a timescale but at least one module in design has a timescale.
WARNING: [XSIM 43-4099] "/home/danilo/Documents/mgr/aes/modules/common/aes_sbox.sv" Line 1. Module aes_sbox doesn't have a timescale but at least one module in design has a timescale.
WARNING: [XSIM 43-4099] "/home/danilo/Documents/mgr/aes/modules/common/aes_inv_sbox.sv" Line 1. Module aes_inv_sbox doesn't have a timescale but at least one module in design has a timescale.
WARNING: [XSIM 43-4099] "/home/danilo/Documents/mgr/aes/modules/common/aes_sbox.sv" Line 1. Module aes_sbox doesn't have a timescale but at least one module in design has a timescale.
WARNING: [XSIM 43-4099] "/home/danilo/Documents/mgr/aes/modules/common/aes_inv_sbox.sv" Line 1. Module aes_inv_sbox doesn't have a timescale but at least one module in design has a timescale.
WARNING: [XSIM 43-4099] "/home/danilo/Documents/mgr/aes/modules/common/aes_sbox.sv" Line 1. Module aes_sbox doesn't have a timescale but at least one module in design has a timescale.
WARNING: [XSIM 43-4099] "/home/danilo/Documents/mgr/aes/modules/common/aes_inv_sbox.sv" Line 1. Module aes_inv_sbox doesn't have a timescale but at least one module in design has a timescale.
WARNING: [XSIM 43-4099] "/home/danilo/Documents/mgr/aes/modules/common/aes_sbox.sv" Line 1. Module aes_sbox doesn't have a timescale but at least one module in design has a timescale.
WARNING: [XSIM 43-4099] "/home/danilo/Documents/mgr/aes/modules/common/aes_inv_sbox.sv" Line 1. Module aes_inv_sbox doesn't have a timescale but at least one module in design has a timescale.
WARNING: [XSIM 43-4099] "/home/danilo/Documents/mgr/aes/modules/common/aes_sbox.sv" Line 1. Module aes_sbox doesn't have a timescale but at least one module in design has a timescale.
WARNING: [XSIM 43-4099] "/home/danilo/Documents/mgr/aes/modules/common/aes_inv_sbox.sv" Line 1. Module aes_inv_sbox doesn't have a timescale but at least one module in design has a timescale.
WARNING: [XSIM 43-4099] "/home/danilo/Documents/mgr/aes/modules/common/aes_sbox.sv" Line 1. Module aes_sbox doesn't have a timescale but at least one module in design has a timescale.
WARNING: [XSIM 43-4099] "/home/danilo/Documents/mgr/aes/modules/common/aes_inv_sbox.sv" Line 1. Module aes_inv_sbox doesn't have a timescale but at least one module in design has a timescale.
WARNING: [XSIM 43-4099] "/home/danilo/Documents/mgr/aes/modules/common/aes_sbox.sv" Line 1. Module aes_sbox doesn't have a timescale but at least one module in design has a timescale.
WARNING: [XSIM 43-4099] "/home/danilo/Documents/mgr/aes/modules/common/aes_inv_sbox.sv" Line 1. Module aes_inv_sbox doesn't have a timescale but at least one module in design has a timescale.
WARNING: [XSIM 43-4099] "/home/danilo/Documents/mgr/aes/modules/common/aes_sbox.sv" Line 1. Module aes_sbox doesn't have a timescale but at least one module in design has a timescale.
WARNING: [XSIM 43-4099] "/home/danilo/Documents/mgr/aes/modules/common/aes_inv_sbox.sv" Line 1. Module aes_inv_sbox doesn't have a timescale but at least one module in design has a timescale.
WARNING: [XSIM 43-4099] "/home/danilo/Documents/mgr/aes/modules/common/aes_sbox.sv" Line 1. Module aes_sbox doesn't have a timescale but at least one module in design has a timescale.
WARNING: [XSIM 43-4099] "/home/danilo/Documents/mgr/aes/modules/common/aes_inv_sbox.sv" Line 1. Module aes_inv_sbox doesn't have a timescale but at least one module in design has a timescale.
WARNING: [XSIM 43-4099] "/home/danilo/Documents/mgr/aes/modules/common/aes_sbox.sv" Line 1. Module aes_sbox doesn't have a timescale but at least one module in design has a timescale.
WARNING: [XSIM 43-4099] "/home/danilo/Documents/mgr/aes/modules/common/aes_inv_sbox.sv" Line 1. Module aes_inv_sbox doesn't have a timescale but at least one module in design has a timescale.
WARNING: [XSIM 43-4099] "/home/danilo/Documents/mgr/aes/modules/common/aes_sbox.sv" Line 1. Module aes_sbox doesn't have a timescale but at least one module in design has a timescale.
WARNING: [XSIM 43-4099] "/home/danilo/Documents/mgr/aes/modules/common/aes_inv_sbox.sv" Line 1. Module aes_inv_sbox doesn't have a timescale but at least one module in design has a timescale.
WARNING: [XSIM 43-4099] "/home/danilo/Documents/mgr/aes/modules/common/aes_sbox.sv" Line 1. Module aes_sbox doesn't have a timescale but at least one module in design has a timescale.
WARNING: [XSIM 43-4099] "/home/danilo/Documents/mgr/aes/modules/common/aes_inv_sbox.sv" Line 1. Module aes_inv_sbox doesn't have a timescale but at least one module in design has a timescale.
WARNING: [XSIM 43-4099] "/home/danilo/Documents/mgr/aes/modules/common/aes_rows_shifter.sv" Line 3. Module aes_rows_shifter doesn't have a timescale but at least one module in design has a timescale.
WARNING: [XSIM 43-4099] "/home/danilo/Documents/mgr/aes/modules/common/aes_columns_mixer.sv" Line 3. Module aes_columns_mixer doesn't have a timescale but at least one module in design has a timescale.
WARNING: [XSIM 43-4099] "/home/danilo/Documents/mgr/aes/modules/common/aes_round_key_adder.sv" Line 3. Module aes_round_key_adder doesn't have a timescale but at least one module in design has a timescale.
Completed simulation data flow analysis
Time Resolution for simulation is 1ps
Compiling package xil_defaultlib.$unit_aes_bytes_substitutor_sv_3...
WARNING: [XSIM 43-3373] "../../../../../aes/testbench/include/generator.svh" Line 23. System function $sscanf is used as system task. This system function should have a LHS e.g. x=$sscanf().
WARNING: [XSIM 43-3373] "../../../../../aes/testbench/include/generator.svh" Line 29. System function $sscanf is used as system task. This system function should have a LHS e.g. x=$sscanf().
Compiling package xil_defaultlib.tb_pkg
Compiling package std.std
Compiling module xil_defaultlib.cb
Compiling module xil_defaultlib.axis_if_default
Compiling module xil_defaultlib.aes_sbox
Compiling module xil_defaultlib.aes_key_expander_default
Compiling module xil_defaultlib.aes_round_key_adder
Compiling module xil_defaultlib.aes_inv_sbox
Compiling module xil_defaultlib.aes_bytes_substitutor_default
Compiling module xil_defaultlib.aes_rows_shifter
Compiling module xil_defaultlib.aes_columns_mixer
Compiling module xil_defaultlib.aes_round
Compiling module xil_defaultlib.aes_ctr_iterative
Compiling module xil_defaultlib.tb
Compiling module xil_defaultlib.glbl
Built simulation snapshot tb_behav
INFO: [USF-XSim-69] 'elaborate' step finished in '1' seconds
INFO: [USF-XSim-4] XSim::Simulate design
INFO: [USF-XSim-61] Executing 'SIMULATE' step in '/home/danilo/Documents/mgr/project_1/project_1.sim/sim_1/behav/xsim'
INFO: [USF-XSim-98] *** Running xsim
   with args "tb_behav -key {Behavioral:sim_1:Functional:tb} -tclbatch {tb.tcl} -log {simulate.log}"
INFO: [USF-XSim-8] Loading simulator feature
Time resolution is 1 ps
source tb.tcl
# set curr_wave [current_wave_config]
# if { [string length $curr_wave] == 0 } {
#   if { [llength [get_objects]] > 0} {
#     add_wave /
#     set_property needs_save false [current_wave_config]
#   } else {
#      send_msg_id Add_Wave-1 WARNING "No top level signals found. Simulator will start without a wave window. If you want to open a wave window go to 'File->New Waveform Configuration' or type 'create_wave_config' in the TCL console."
#   }
# }
WARNING: Simulation object /tb/gen was not traceable in the design for the following reason:
Vivado Simulator does not support tracing of System Verilog Dynamic Type object.
WARNING: Simulation object /tb/drv was not traceable in the design for the following reason:
Vivado Simulator does not support tracing of System Verilog Dynamic Type object.
WARNING: Simulation object /tb/mon was not traceable in the design for the following reason:
Vivado Simulator does not support tracing of System Verilog Dynamic Type object.
WARNING: Simulation object /tb/scb was not traceable in the design for the following reason:
Vivado Simulator does not support tracing of System Verilog Dynamic Type object.
WARNING: Simulation object /tb/gen2drv_mbx was not traceable in the design for the following reason:
Vivado Simulator does not support tracing of System Verilog Dynamic Type object.
WARNING: Simulation object /tb/gen2scb_mbx was not traceable in the design for the following reason:
Vivado Simulator does not support tracing of System Verilog Dynamic Type object.
WARNING: Simulation object /tb/mon2scb_mbx was not traceable in the design for the following reason:
Vivado Simulator does not support tracing of System Verilog Dynamic Type object.
WARNING: Simulation object /tb/drv2gen_receive_ev was not traceable in the design for the following reason:
Vivado Simulator does not support tracing of event type object.
WARNING: Simulation object /tb/gen2drv_finish_ev was not traceable in the design for the following reason:
Vivado Simulator does not support tracing of event type object.
WARNING: Simulation object /tb/scb2gen_receive_ev was not traceable in the design for the following reason:
Vivado Simulator does not support tracing of event type object.
WARNING: Simulation object /tb/gen2scb_finish_ev was not traceable in the design for the following reason:
Vivado Simulator does not support tracing of event type object.
WARNING: Simulation object /tb/mon2scb_receive_ev was not traceable in the design for the following reason:
Vivado Simulator does not support tracing of event type object.
WARNING: Simulation object /tb/scb2mon_finish_ev was not traceable in the design for the following reason:
Vivado Simulator does not support tracing of event type object.
# run 1000ns
INFO: [USF-XSim-96] XSim completed. Design snapshot 'tb_behav' loaded.
INFO: [USF-XSim-97] XSim simulation ran for 1000ns
launch_simulation: Time (s): cpu = 00:00:04 ; elapsed = 00:00:05 . Memory (MB): peak = 12849.340 ; gain = 7.000 ; free physical = 3920 ; free virtual = 34372
run all
[Driver]     Time:     3019ns, id:   0, data: 54678083e64165389b5ea7e2ce7b833e3886513ff835c6cbba465a54d7bce9dde9a4927d7c512ae0e3a3c193cca14dbf6f
[Monitor]    Time:     3106ns, id:   0, data: 9a
[Driver]     Time:     3147ns, id:   1, data: 27df291a2dcbbaf4b171ceb643876480eed065362957bd3946680c8aad08ed9da14a3a5663ad57eaea6c6ed0417744b4a80e
[Monitor]    Time:     3234ns, id:   1, data: 9c26
[Driver]     Time:     3274ns, id:   2, data: 3bb18a96f5ccc8019bb9a46ef824a4147dec086a54697201ebbc2aad9e8e3bebba51c7c2bdf29fd04eb688317abc8a475b4651
[Monitor]    Time:     3361ns, id:   2, data: dd1016
[Driver]     Time:     3402ns, id:   3, data: 0db883c956acd955823965602b8c973efe7adfbaf4a443312901c8bf6dae6c7135672c2448c62182a960b3edff2c66b6e47e7748
[Monitor]    Time:     3489ns, id:   3, data: 6217c11a
[Driver]     Time:     3529ns, id:   4, data: 6b187d7bd666518bc48107875ae4dd085ac39d0417f3d87bf1f4de1c4db3d17ad7cafc0f59f775d903111183625da3eac3ffe6addc
[Monitor]    Time:     3616ns, id:   4, data: 7fdebb1e63
[Driver]     Time:     3657ns, id:   5, data: 71e989e1fed60cdd120f38970a47ea0d97d59a447477c1dd94d431b653d0cbbee803ef288c708948ba15a2db28651906230e33de85d3
[Monitor]    Time:     3744ns, id:   5, data: 529bc4788c96
[Driver]     Time:     3785ns, id:   6, data: 4af80543ceb2db4a923d75ea82b28c63e05dbf1ee142ce5460ebe4bc62919c845183f0eeeff171e55d6bfbbc530a7c6750c0d64d18babd
[Monitor]    Time:     3872ns, id:   6, data: 6fd327a107be6e
[Driver]     Time:     3912ns, id:   7, data: faa7e038ffeab3fb13b8db6873175b098512b1574be0dddaa710537133f22d9adca7e1a36cf87ef482a66ea884cd3dee22b24b403be744bb
[Monitor]    Time:     3999ns, id:   7, data: 64572d1eacef1221
[Driver]     Time:     4040ns, id:   8, data: 52f45d85a2877b99b0214ff3f98d6f5cffec259b6f82cbd9fcaa73bf69aa1b14be31f74897a6e03022773a00ebec8c4e826d6fe9f166848014
[Monitor]    Time:     4127ns, id:   8, data: 5c95ad53cf9f936d63
[Driver]     Time:     4167ns, id:   9, data: b14ea30df2b9aced24ead05217ab04e4f3e6cec7153bf712e634b1d97f367dc371ada72d09fa04ad7a615e2a60db39a3136437ac7ad6ea0d3ef6
[Monitor]    Time:     4254ns, id:   9, data: 8e4f0f5807023bc22ce6
[Driver]     Time:     4295ns, id:  10, data: 27787dccf20d046b097fee8cb45f70d4b033ee0b36a33815f79087f9615c6325c5a89f1a7f92a88711a748f4b149b4ef5f5fc5ed73d626a84c006e
[Monitor]    Time:     4382ns, id:  10, data: f1aa652a2b77dd2bd7f5a4
[Driver]     Time:     4423ns, id:  11, data: 21efd160799cb4ae2e7c14f858fca73fd329a64ce3efa0e8a251adf6afd8ff16cb2afcbdaa08aec003673a8f0c19bb1541a6309e7edc945379e83a67
[Monitor]    Time:     4510ns, id:  11, data: b5ec678fb7f7822eaba85d84
[Driver]     Time:     4550ns, id:  12, data: e895b610b50ca000720faebd41cdc7ccc4dcc9efa72847261a3ae8df442ff7de9ed5ed30e4f0fbe67e7563b48895e86ac764d8a251f377d0bfe41944c7
[Monitor]    Time:     4637ns, id:  12, data: 0854c5c4ff378b40a87bcd55cb
[Driver]     Time:     4678ns, id:  13, data: 86cae53c2c4298f7b24fbcb314a68f415cca4f96b710f51e5368b263ff892934c57cbc9ef4a9e7c14ba01ec23cef0a1480767f328a8d17d2ab97c4d6bcda
[Monitor]    Time:     4765ns, id:  13, data: a71f472e1ddf64557e0fc358fbdc
[Driver]     Time:     4805ns, id:  14, data: afd2bc0e8b4d16ff321b8392187916d7a8c562ef9a03ab694a5ead0b2b14f26dd00ab23f08d7da6c4a78b4b65d876d3fce043cacea67cb2a75367f3b90f3c1
[Monitor]    Time:     4892ns, id:  14, data: 98bb062ad3f6027a92e243edd210af
[Driver]     Time:     4933ns, id:  15, data: f0a17cf012bb7d9ff6ba9198197d01f5161a63b30b7aa34091bbe9bcffc5ddc945feb25f5b877b09694ced4a51c7b9d586c6f77d5c70cfd20669f4201310b73a
[Monitor]    Time:     5020ns, id:  15, data: 0de90cd56cea8302b227390e5244ef38
[Driver]     Time:     5153ns, id:  16, data: d35667b021ba77fc65d7331b3b2030992e1c400f24bd4625e323c5822441770c2b6f2074feb81489d19b89a338aa14a3d3fc42c22e0cb8e9d7ca0c00eb441f4f37
[Monitor]    Time:     5240ns, id:  16, data: 6f33b8847841e27c226428841f4b2fc184
[Driver]     Time:     5374ns, id:  17, data: 1ea5338c6877b89ed950c0dcf8425ec3ed42e7e4953c052300bd912c8dd6842fc1918537b19d5f83bfe9952d200754ad53b0a3fb280431b5b2bd19638c56259e1445
[Monitor]    Time:     5461ns, id:  17, data: 3fe728f286078a5e83bcab9b5c4f371c68c5
[Driver]     Time:     5594ns, id:  18, data: 376f7616577ac14620e2517aff5bf988d9a02e43be768565fa1168627dbb8a90966f1e0006a5c14c2a56d80eae4b4344d1e5bb53b908e64271b2997094ff309b138721
[Monitor]    Time:     5681ns, id:  18, data: fa04c0e30b827700ed8adc82163f00a7235b25
[Driver]     Time:     5815ns, id:  19, data: 51965580d51a41af9fb548df8b190d8aec3396c8edf88bd05d82f44f9147f510675cbae020e5b83f883d21768fbafe2a5af74171f5433a38fbb7d8687fe07846ffc1747f
[Monitor]    Time:     5902ns, id:  19, data: c3aeb83ea9f0cd1e7774fb7c02df14d3a01330f8
[Driver]     Time:     6035ns, id:  20, data: 3c54e951f1ead1d8962b4b9ee3ad66e21f59a9f08c68669ecffa226fff81b6a690aca884f09cdc2160192a1f5921b1d9821da0162b5b9754741c1ac071a6eedde13f0ed873
[Monitor]    Time:     6122ns, id:  20, data: 6d4f038a1a590cf6156b0f0d819c37be81f1926f0d
[Driver]     Time:     6255ns, id:  21, data: 7098a16e69b36e86c564b4398b662e3b54a6eefcea1403547c981066194094bf801b5c22e601f8d3ec618a0aeadbef22311e8b9ea8b3a6ec6a10c4736381ab71567631b33caa
[Monitor]    Time:     6342ns, id:  21, data: d346d96b6e40dffbbd4df01339b246b2041668285777
[Driver]     Time:     6476ns, id:  22, data: 2fb468f763c85da808114e39765598108e1f9ce28da10866ab33ac53d7a02cbdf25825a62fc80616936051668dfa501de85f88b25b72b194656617593cc2a07aa20fe57e45c765
[Monitor]    Time:     6563ns, id:  22, data: f621d9afdbec39573e4b3855d355c1658487d8680afbb1
[Driver]     Time:     6696ns, id:  23, data: 7ae3107164822ca54235303b720ca73e38fe797c9863c333152b8a84b08b5f153ea8efced29aced7c85a3dc916d703b6251a7a3e406f96268eb6361a3097383b69815d11f4d0b3ea
[Monitor]    Time:     6783ns, id:  23, data: 02b7cd63998ab687bb2e26859373a2a785615f086cdea5cd
[Driver]     Time:     6917ns, id:  24, data: 837e79e2ae7c5e94eea71b5eaca622e99b54dd4b2e9e5d1cf4a6513e3716112ff12bcd0a807b56f50222d9f468a952f08205ff616f50d6361592b8a372a92ec6115eee609a94005d3d
[Monitor]    Time:     7004ns, id:  24, data: f48f4233ddfcae1055b4181131e0af747370ab41af8c736fac
[Driver]     Time:     7137ns, id:  25, data: b4a624fc01ee603a9a44badfc261df735a89fd2b0195da35706fcd624ff6168da12edba77b00654b5bcf2c042962dbd2b2b4cd6109b1c8cd3594e4bbfad65f924ef02b2e135568e1d4cc
[Monitor]    Time:     7224ns, id:  25, data: 246bba5350acdbc61ad5ee905371a71510bbf4d476458c78a45e
[Driver]     Time:     7357ns, id:  26, data: 8b47e24d499f3807620ce05087cefe56455d7b5622c84833c2006198f96b35b6da793360d256fdb6cff7c10f0d5a16ccfc2141b2a0d6b7436f03f53918009f24b0a20896be5708d0d58b6d
[Monitor]    Time:     7444ns, id:  26, data: 2be352fed73187719238399ae3068dd94d30315f424c1c7d32772a
[Driver]     Time:     7578ns, id:  27, data: 37f796b54d16e1fa0ff9a3ebbe43d2bc13e008badc3f598515341373b5e606389d98c8e079d2e3bb1708dbd38add4d62d6e5996bca8ea857db39c3196fe0c9a8d5558e4c76d3bfdaa52f6509
[Monitor]    Time:     7665ns, id:  27, data: 2ca81d9b4c825321aa1b8cb283bcb4ea2a1e59ff33f9dd69c1af70ea
[Driver]     Time:     7798ns, id:  28, data: 7817f322ba992fa1b1c5967f877f350662b31754145b4e31a0e1aed9e18730584be233d1bb8f6ad771fdb2a7d93c21f025d131b81b8523d87b3eba3361929be0da6013d3a84dbbb24a3766cad3
[Monitor]    Time:     7885ns, id:  28, data: 1501d9a93b80365c5e4bb37c130385d4c1647462fd2716a9f02f9893c5
[Driver]     Time:     8019ns, id:  29, data: 90efeea04f8a484c0f54b5aef5d62d4cc46bb6d7d3649b7338e52d4fdd370757e98aff1606b2fe538fb3d26373017ac47d82101736e0df0dc2ba31166152d2298d434a4291eccdb67446ee5c62f8
[Monitor]    Time:     8106ns, id:  29, data: 4e87ad092bc6eaa5fdfee20c662ee263f5b99dca2841ada32c1b7a3af45e
[Driver]     Time:     8239ns, id:  30, data: 1589751a71ec150617a59a1cf6ee4feb92487e9242e6af41fc651361d80c6f217e9dd23f4eb07e66084c3c6d5f5f74de12e625eb2fbc004174384e11651bcd6f528504ab6eb52f8f3ff72b0ae6589c
[Monitor]    Time:     8326ns, id:  30, data: e0e07c3f37613ddf4b1775087cfda121bacc50ff22e624227cabe1a653f7e3
[Driver]     Time:     8459ns, id:  31, data: 06212acd092b4c91ea26f328df723e1769329a1fbe450b72c32994023f8be4b70f5c025407a7180568bf66283ae87f1ffd73257ac06d00d397f4442c8ebefc34bb142137bcac3ecef7ce2b9bcb170c15
[Monitor]    Time:     8546ns, id:  31, data: dfe92799299c34a5cb151364884eb2cae4dda6b24ea74fdafc08ba2dfa2ee842
[Driver]     Time:     8773ns, id:  32, data: d75e43b48e88db4bc65fd700d1b5ba9d927e624f194ea0e442e0b903a38926ce4f6f7b1b82fc2beb72f2ce73f566577bf3594b6cd67e6bebfd2baf519a27a1fb978914a4fae151f7831452f030c75ae68d
[Monitor]    Time:     8860ns, id:  32, data: f4f7b6b6762e4baae787e06fefbbfc1c1eac91c5240ddf8b1bd7ef3bcaae14b5a2

TEST COMPLETED.
$finish called at time : 8865300 ps : File "/home/danilo/Documents/mgr/aes/testbench/tb.sv" Line 96
