launch_simulation
Command: launch_simulation 
INFO: [Vivado 12-12493] Simulation top is 'tb'
INFO: [Vivado 12-5682] Launching behavioral simulation in '/home/danilo/Documents/mgr/project_1/project_1.sim/sim_1/behav/xsim'
INFO: [SIM-utils-51] Simulation object is 'sim_1'
INFO: [SIM-utils-72] Using boost library from '/tools/Xilinx/Vivado/2024.2/tps/boost_1_72_0'
INFO: [SIM-utils-54] Inspecting design source files for 'tb' in fileset 'sim_1'...
INFO: [SIM-utils-43] Exported '/home/danilo/Documents/mgr/project_1/project_1.sim/sim_1/behav/xsim/pkts_in.txt'
INFO: [SIM-utils-43] Exported '/home/danilo/Documents/mgr/project_1/project_1.sim/sim_1/behav/xsim/pkts_out.txt'
INFO: [USF-XSim-97] Finding global include files...
INFO: [USF-XSim-98] Fetching design files from 'sim_1'...
INFO: [USF-XSim-2] XSim::Compile design
INFO: [USF-XSim-61] Executing 'COMPILE and ANALYZE' step in '/home/danilo/Documents/mgr/project_1/project_1.sim/sim_1/behav/xsim'
xvlog --incr --relax -L uvm -prj tb_vlog.prj
INFO: [VRFC 10-2263] Analyzing SystemVerilog file "/home/danilo/Documents/mgr/aes/modules/common/aes_bytes_substitutor.sv" into library xil_defaultlib
INFO: [VRFC 10-311] analyzing module aes_bytes_substitutor
INFO: [VRFC 10-2263] Analyzing SystemVerilog file "/home/danilo/Documents/mgr/aes/modules/common/aes_columns_mixer.sv" into library xil_defaultlib
INFO: [VRFC 10-311] analyzing module aes_columns_mixer
INFO: [VRFC 10-2263] Analyzing SystemVerilog file "/home/danilo/Documents/mgr/aes/modules/aes_ctr_iterative.sv" into library xil_defaultlib
INFO: [VRFC 10-311] analyzing module aes_ctr_iterative
INFO: [VRFC 10-2263] Analyzing SystemVerilog file "/home/danilo/Documents/mgr/aes/modules/common/aes_inv_sbox.sv" into library xil_defaultlib
INFO: [VRFC 10-311] analyzing module aes_inv_sbox
INFO: [VRFC 10-2263] Analyzing SystemVerilog file "/home/danilo/Documents/mgr/aes/modules/common/aes_key_expander.sv" into library xil_defaultlib
INFO: [VRFC 10-311] analyzing module aes_key_expander
INFO: [VRFC 10-2263] Analyzing SystemVerilog file "/home/danilo/Documents/mgr/aes/modules/common/aes_round.sv" into library xil_defaultlib
INFO: [VRFC 10-311] analyzing module aes_round
INFO: [VRFC 10-2263] Analyzing SystemVerilog file "/home/danilo/Documents/mgr/aes/modules/common/aes_round_key_adder.sv" into library xil_defaultlib
INFO: [VRFC 10-311] analyzing module aes_round_key_adder
INFO: [VRFC 10-2263] Analyzing SystemVerilog file "/home/danilo/Documents/mgr/aes/modules/common/aes_rows_shifter.sv" into library xil_defaultlib
INFO: [VRFC 10-311] analyzing module aes_rows_shifter
INFO: [VRFC 10-2263] Analyzing SystemVerilog file "/home/danilo/Documents/mgr/aes/modules/common/aes_sbox.sv" into library xil_defaultlib
INFO: [VRFC 10-311] analyzing module aes_sbox
INFO: [VRFC 10-2263] Analyzing SystemVerilog file "/home/danilo/Documents/mgr/aes/testbench/axis_if.sv" into library xil_defaultlib
INFO: [VRFC 10-2263] Analyzing SystemVerilog file "/home/danilo/Documents/mgr/aes/testbench/tb_pkg.sv" into library xil_defaultlib
INFO: [VRFC 10-2263] Analyzing SystemVerilog file "/home/danilo/Documents/mgr/aes/testbench/tb.sv" into library xil_defaultlib
INFO: [VRFC 10-311] analyzing module tb
Waiting for jobs to finish...
No pending jobs, compilation finished.
INFO: [USF-XSim-69] 'compile' step finished in '1' seconds
INFO: [USF-XSim-3] XSim::Elaborate design
INFO: [USF-XSim-61] Executing 'ELABORATE' step in '/home/danilo/Documents/mgr/project_1/project_1.sim/sim_1/behav/xsim'
xelab --incr --debug typical --relax --mt 8 -L xil_defaultlib -L uvm -L unisims_ver -L unimacro_ver -L secureip --snapshot tb_behav xil_defaultlib.tb xil_defaultlib.glbl -log elaborate.log
Vivado Simulator v2024.2.0
Copyright 1986-2022 Xilinx, Inc. All Rights Reserved.
Copyright 2022-2024 Advanced Micro Devices, Inc. All Rights Reserved.
Running: /tools/Xilinx/Vivado/2024.2/bin/unwrapped/lnx64.o/xelab --incr --debug typical --relax --mt 8 -L xil_defaultlib -L uvm -L unisims_ver -L unimacro_ver -L secureip --snapshot tb_behav xil_defaultlib.tb xil_defaultlib.glbl -log elaborate.log 
Using 8 slave threads.
Starting static elaboration
Pass Through NonSizing Optimizer
Completed static elaboration
Starting simulation data flow analysis
WARNING: [XSIM 43-4099] "/home/danilo/Documents/mgr/aes/testbench/tb_pkg.sv" Line 1. Module tb_pkg doesn't have a timescale but at least one module in design has a timescale.
WARNING: [XSIM 43-4099] "/home/danilo/Documents/mgr/aes/testbench/tb_pkg.sv" Line 1. Module tb_pkg doesn't have a timescale but at least one module in design has a timescale.
WARNING: [XSIM 43-4099] "/home/danilo/Documents/mgr/aes/testbench/axis_if.sv" Line 1. Module axis_if_default doesn't have a timescale but at least one module in design has a timescale.
WARNING: [XSIM 43-4099] "/home/danilo/Documents/mgr/aes/testbench/axis_if.sv" Line 23. Module cb doesn't have a timescale but at least one module in design has a timescale.
WARNING: [XSIM 43-4099] "/home/danilo/Documents/mgr/aes/testbench/axis_if.sv" Line 1. Module axis_if_default doesn't have a timescale but at least one module in design has a timescale.
WARNING: [XSIM 43-4099] "/home/danilo/Documents/mgr/aes/testbench/axis_if.sv" Line 23. Module cb doesn't have a timescale but at least one module in design has a timescale.
WARNING: [XSIM 43-4099] "/home/danilo/Documents/mgr/aes/modules/aes_ctr_iterative.sv" Line 3. Module aes_ctr_iterative doesn't have a timescale but at least one module in design has a timescale.
WARNING: [XSIM 43-4099] "/home/danilo/Documents/mgr/aes/modules/common/aes_key_expander.sv" Line 3. Module aes_key_expander_default doesn't have a timescale but at least one module in design has a timescale.
WARNING: [XSIM 43-4099] "/home/danilo/Documents/mgr/aes/modules/common/aes_sbox.sv" Line 1. Module aes_sbox doesn't have a timescale but at least one module in design has a timescale.
WARNING: [XSIM 43-4099] "/home/danilo/Documents/mgr/aes/modules/common/aes_sbox.sv" Line 1. Module aes_sbox doesn't have a timescale but at least one module in design has a timescale.
WARNING: [XSIM 43-4099] "/home/danilo/Documents/mgr/aes/modules/common/aes_sbox.sv" Line 1. Module aes_sbox doesn't have a timescale but at least one module in design has a timescale.
WARNING: [XSIM 43-4099] "/home/danilo/Documents/mgr/aes/modules/common/aes_sbox.sv" Line 1. Module aes_sbox doesn't have a timescale but at least one module in design has a timescale.
WARNING: [XSIM 43-4099] "/home/danilo/Documents/mgr/aes/modules/common/aes_round_key_adder.sv" Line 3. Module aes_round_key_adder doesn't have a timescale but at least one module in design has a timescale.
WARNING: [XSIM 43-4099] "/home/danilo/Documents/mgr/aes/modules/common/aes_round.sv" Line 3. Module aes_round doesn't have a timescale but at least one module in design has a timescale.
WARNING: [XSIM 43-4099] "/home/danilo/Documents/mgr/aes/modules/common/aes_bytes_substitutor.sv" Line 3. Module aes_bytes_substitutor_default doesn't have a timescale but at least one module in design has a timescale.
WARNING: [XSIM 43-4099] "/home/danilo/Documents/mgr/aes/modules/common/aes_sbox.sv" Line 1. Module aes_sbox doesn't have a timescale but at least one module in design has a timescale.
WARNING: [XSIM 43-4099] "/home/danilo/Documents/mgr/aes/modules/common/aes_inv_sbox.sv" Line 1. Module aes_inv_sbox doesn't have a timescale but at least one module in design has a timescale.
WARNING: [XSIM 43-4099] "/home/danilo/Documents/mgr/aes/modules/common/aes_sbox.sv" Line 1. Module aes_sbox doesn't have a timescale but at least one module in design has a timescale.
WARNING: [XSIM 43-4099] "/home/danilo/Documents/mgr/aes/modules/common/aes_inv_sbox.sv" Line 1. Module aes_inv_sbox doesn't have a timescale but at least one module in design has a timescale.
WARNING: [XSIM 43-4099] "/home/danilo/Documents/mgr/aes/modules/common/aes_sbox.sv" Line 1. Module aes_sbox doesn't have a timescale but at least one module in design has a timescale.
WARNING: [XSIM 43-4099] "/home/danilo/Documents/mgr/aes/modules/common/aes_inv_sbox.sv" Line 1. Module aes_inv_sbox doesn't have a timescale but at least one module in design has a timescale.
WARNING: [XSIM 43-4099] "/home/danilo/Documents/mgr/aes/modules/common/aes_sbox.sv" Line 1. Module aes_sbox doesn't have a timescale but at least one module in design has a timescale.
WARNING: [XSIM 43-4099] "/home/danilo/Documents/mgr/aes/modules/common/aes_inv_sbox.sv" Line 1. Module aes_inv_sbox doesn't have a timescale but at least one module in design has a timescale.
WARNING: [XSIM 43-4099] "/home/danilo/Documents/mgr/aes/modules/common/aes_sbox.sv" Line 1. Module aes_sbox doesn't have a timescale but at least one module in design has a timescale.
WARNING: [XSIM 43-4099] "/home/danilo/Documents/mgr/aes/modules/common/aes_inv_sbox.sv" Line 1. Module aes_inv_sbox doesn't have a timescale but at least one module in design has a timescale.
WARNING: [XSIM 43-4099] "/home/danilo/Documents/mgr/aes/modules/common/aes_sbox.sv" Line 1. Module aes_sbox doesn't have a timescale but at least one module in design has a timescale.
WARNING: [XSIM 43-4099] "/home/danilo/Documents/mgr/aes/modules/common/aes_inv_sbox.sv" Line 1. Module aes_inv_sbox doesn't have a timescale but at least one module in design has a timescale.
WARNING: [XSIM 43-4099] "/home/danilo/Documents/mgr/aes/modules/common/aes_sbox.sv" Line 1. Module aes_sbox doesn't have a timescale but at least one module in design has a timescale.
WARNING: [XSIM 43-4099] "/home/danilo/Documents/mgr/aes/modules/common/aes_inv_sbox.sv" Line 1. Module aes_inv_sbox doesn't have a timescale but at least one module in design has a timescale.
WARNING: [XSIM 43-4099] "/home/danilo/Documents/mgr/aes/modules/common/aes_sbox.sv" Line 1. Module aes_sbox doesn't have a timescale but at least one module in design has a timescale.
WARNING: [XSIM 43-4099] "/home/danilo/Documents/mgr/aes/modules/common/aes_inv_sbox.sv" Line 1. Module aes_inv_sbox doesn't have a timescale but at least one module in design has a timescale.
WARNING: [XSIM 43-4099] "/home/danilo/Documents/mgr/aes/modules/common/aes_sbox.sv" Line 1. Module aes_sbox doesn't have a timescale but at least one module in design has a timescale.
WARNING: [XSIM 43-4099] "/home/danilo/Documents/mgr/aes/modules/common/aes_inv_sbox.sv" Line 1. Module aes_inv_sbox doesn't have a timescale but at least one module in design has a timescale.
WARNING: [XSIM 43-4099] "/home/danilo/Documents/mgr/aes/modules/common/aes_sbox.sv" Line 1. Module aes_sbox doesn't have a timescale but at least one module in design has a timescale.
WARNING: [XSIM 43-4099] "/home/danilo/Documents/mgr/aes/modules/common/aes_inv_sbox.sv" Line 1. Module aes_inv_sbox doesn't have a timescale but at least one module in design has a timescale.
WARNING: [XSIM 43-4099] "/home/danilo/Documents/mgr/aes/modules/common/aes_sbox.sv" Line 1. Module aes_sbox doesn't have a timescale but at least one module in design has a timescale.
WARNING: [XSIM 43-4099] "/home/danilo/Documents/mgr/aes/modules/common/aes_inv_sbox.sv" Line 1. Module aes_inv_sbox doesn't have a timescale but at least one module in design has a timescale.
WARNING: [XSIM 43-4099] "/home/danilo/Documents/mgr/aes/modules/common/aes_sbox.sv" Line 1. Module aes_sbox doesn't have a timescale but at least one module in design has a timescale.
WARNING: [XSIM 43-4099] "/home/danilo/Documents/mgr/aes/modules/common/aes_inv_sbox.sv" Line 1. Module aes_inv_sbox doesn't have a timescale but at least one module in design has a timescale.
WARNING: [XSIM 43-4099] "/home/danilo/Documents/mgr/aes/modules/common/aes_sbox.sv" Line 1. Module aes_sbox doesn't have a timescale but at least one module in design has a timescale.
WARNING: [XSIM 43-4099] "/home/danilo/Documents/mgr/aes/modules/common/aes_inv_sbox.sv" Line 1. Module aes_inv_sbox doesn't have a timescale but at least one module in design has a timescale.
WARNING: [XSIM 43-4099] "/home/danilo/Documents/mgr/aes/modules/common/aes_sbox.sv" Line 1. Module aes_sbox doesn't have a timescale but at least one module in design has a timescale.
WARNING: [XSIM 43-4099] "/home/danilo/Documents/mgr/aes/modules/common/aes_inv_sbox.sv" Line 1. Module aes_inv_sbox doesn't have a timescale but at least one module in design has a timescale.
WARNING: [XSIM 43-4099] "/home/danilo/Documents/mgr/aes/modules/common/aes_sbox.sv" Line 1. Module aes_sbox doesn't have a timescale but at least one module in design has a timescale.
WARNING: [XSIM 43-4099] "/home/danilo/Documents/mgr/aes/modules/common/aes_inv_sbox.sv" Line 1. Module aes_inv_sbox doesn't have a timescale but at least one module in design has a timescale.
WARNING: [XSIM 43-4099] "/home/danilo/Documents/mgr/aes/modules/common/aes_sbox.sv" Line 1. Module aes_sbox doesn't have a timescale but at least one module in design has a timescale.
WARNING: [XSIM 43-4099] "/home/danilo/Documents/mgr/aes/modules/common/aes_inv_sbox.sv" Line 1. Module aes_inv_sbox doesn't have a timescale but at least one module in design has a timescale.
WARNING: [XSIM 43-4099] "/home/danilo/Documents/mgr/aes/modules/common/aes_rows_shifter.sv" Line 3. Module aes_rows_shifter doesn't have a timescale but at least one module in design has a timescale.
WARNING: [XSIM 43-4099] "/home/danilo/Documents/mgr/aes/modules/common/aes_columns_mixer.sv" Line 3. Module aes_columns_mixer doesn't have a timescale but at least one module in design has a timescale.
WARNING: [XSIM 43-4099] "/home/danilo/Documents/mgr/aes/modules/common/aes_round_key_adder.sv" Line 3. Module aes_round_key_adder doesn't have a timescale but at least one module in design has a timescale.
WARNING: [XSIM 43-4099] "/home/danilo/Documents/mgr/aes/testbench/axis_if.sv" Line 1. Module axis_if_default doesn't have a timescale but at least one module in design has a timescale.
WARNING: [XSIM 43-4099] "/home/danilo/Documents/mgr/aes/testbench/axis_if.sv" Line 23. Module cb doesn't have a timescale but at least one module in design has a timescale.
WARNING: [XSIM 43-4099] "/home/danilo/Documents/mgr/aes/testbench/axis_if.sv" Line 23. Module cb doesn't have a timescale but at least one module in design has a timescale.
WARNING: [XSIM 43-4099] "/home/danilo/Documents/mgr/aes/testbench/axis_if.sv" Line 1. Module axis_if_default doesn't have a timescale but at least one module in design has a timescale.
WARNING: [XSIM 43-4099] "/home/danilo/Documents/mgr/aes/testbench/axis_if.sv" Line 23. Module cb doesn't have a timescale but at least one module in design has a timescale.
WARNING: [XSIM 43-4099] "/home/danilo/Documents/mgr/aes/testbench/axis_if.sv" Line 23. Module cb doesn't have a timescale but at least one module in design has a timescale.
WARNING: [XSIM 43-4099] "/home/danilo/Documents/mgr/aes/modules/aes_ctr_iterative.sv" Line 3. Module aes_ctr_iterative doesn't have a timescale but at least one module in design has a timescale.
WARNING: [XSIM 43-4099] "/home/danilo/Documents/mgr/aes/modules/common/aes_key_expander.sv" Line 3. Module aes_key_expander_default doesn't have a timescale but at least one module in design has a timescale.
WARNING: [XSIM 43-4099] "/home/danilo/Documents/mgr/aes/modules/common/aes_sbox.sv" Line 1. Module aes_sbox doesn't have a timescale but at least one module in design has a timescale.
WARNING: [XSIM 43-4099] "/home/danilo/Documents/mgr/aes/modules/common/aes_sbox.sv" Line 1. Module aes_sbox doesn't have a timescale but at least one module in design has a timescale.
WARNING: [XSIM 43-4099] "/home/danilo/Documents/mgr/aes/modules/common/aes_sbox.sv" Line 1. Module aes_sbox doesn't have a timescale but at least one module in design has a timescale.
WARNING: [XSIM 43-4099] "/home/danilo/Documents/mgr/aes/modules/common/aes_sbox.sv" Line 1. Module aes_sbox doesn't have a timescale but at least one module in design has a timescale.
WARNING: [XSIM 43-4099] "/home/danilo/Documents/mgr/aes/modules/common/aes_round_key_adder.sv" Line 3. Module aes_round_key_adder doesn't have a timescale but at least one module in design has a timescale.
WARNING: [XSIM 43-4099] "/home/danilo/Documents/mgr/aes/modules/common/aes_round.sv" Line 3. Module aes_round doesn't have a timescale but at least one module in design has a timescale.
WARNING: [XSIM 43-4099] "/home/danilo/Documents/mgr/aes/modules/common/aes_bytes_substitutor.sv" Line 3. Module aes_bytes_substitutor_default doesn't have a timescale but at least one module in design has a timescale.
WARNING: [XSIM 43-4099] "/home/danilo/Documents/mgr/aes/modules/common/aes_sbox.sv" Line 1. Module aes_sbox doesn't have a timescale but at least one module in design has a timescale.
WARNING: [XSIM 43-4099] "/home/danilo/Documents/mgr/aes/modules/common/aes_inv_sbox.sv" Line 1. Module aes_inv_sbox doesn't have a timescale but at least one module in design has a timescale.
WARNING: [XSIM 43-4099] "/home/danilo/Documents/mgr/aes/modules/common/aes_sbox.sv" Line 1. Module aes_sbox doesn't have a timescale but at least one module in design has a timescale.
WARNING: [XSIM 43-4099] "/home/danilo/Documents/mgr/aes/modules/common/aes_inv_sbox.sv" Line 1. Module aes_inv_sbox doesn't have a timescale but at least one module in design has a timescale.
WARNING: [XSIM 43-4099] "/home/danilo/Documents/mgr/aes/modules/common/aes_sbox.sv" Line 1. Module aes_sbox doesn't have a timescale but at least one module in design has a timescale.
WARNING: [XSIM 43-4099] "/home/danilo/Documents/mgr/aes/modules/common/aes_inv_sbox.sv" Line 1. Module aes_inv_sbox doesn't have a timescale but at least one module in design has a timescale.
WARNING: [XSIM 43-4099] "/home/danilo/Documents/mgr/aes/modules/common/aes_sbox.sv" Line 1. Module aes_sbox doesn't have a timescale but at least one module in design has a timescale.
WARNING: [XSIM 43-4099] "/home/danilo/Documents/mgr/aes/modules/common/aes_inv_sbox.sv" Line 1. Module aes_inv_sbox doesn't have a timescale but at least one module in design has a timescale.
WARNING: [XSIM 43-4099] "/home/danilo/Documents/mgr/aes/modules/common/aes_sbox.sv" Line 1. Module aes_sbox doesn't have a timescale but at least one module in design has a timescale.
WARNING: [XSIM 43-4099] "/home/danilo/Documents/mgr/aes/modules/common/aes_inv_sbox.sv" Line 1. Module aes_inv_sbox doesn't have a timescale but at least one module in design has a timescale.
WARNING: [XSIM 43-4099] "/home/danilo/Documents/mgr/aes/modules/common/aes_sbox.sv" Line 1. Module aes_sbox doesn't have a timescale but at least one module in design has a timescale.
WARNING: [XSIM 43-4099] "/home/danilo/Documents/mgr/aes/modules/common/aes_inv_sbox.sv" Line 1. Module aes_inv_sbox doesn't have a timescale but at least one module in design has a timescale.
WARNING: [XSIM 43-4099] "/home/danilo/Documents/mgr/aes/modules/common/aes_sbox.sv" Line 1. Module aes_sbox doesn't have a timescale but at least one module in design has a timescale.
WARNING: [XSIM 43-4099] "/home/danilo/Documents/mgr/aes/modules/common/aes_inv_sbox.sv" Line 1. Module aes_inv_sbox doesn't have a timescale but at least one module in design has a timescale.
WARNING: [XSIM 43-4099] "/home/danilo/Documents/mgr/aes/modules/common/aes_sbox.sv" Line 1. Module aes_sbox doesn't have a timescale but at least one module in design has a timescale.
WARNING: [XSIM 43-4099] "/home/danilo/Documents/mgr/aes/modules/common/aes_inv_sbox.sv" Line 1. Module aes_inv_sbox doesn't have a timescale but at least one module in design has a timescale.
WARNING: [XSIM 43-4099] "/home/danilo/Documents/mgr/aes/modules/common/aes_sbox.sv" Line 1. Module aes_sbox doesn't have a timescale but at least one module in design has a timescale.
WARNING: [XSIM 43-4099] "/home/danilo/Documents/mgr/aes/modules/common/aes_inv_sbox.sv" Line 1. Module aes_inv_sbox doesn't have a timescale but at least one module in design has a timescale.
WARNING: [XSIM 43-4099] "/home/danilo/Documents/mgr/aes/modules/common/aes_sbox.sv" Line 1. Module aes_sbox doesn't have a timescale but at least one module in design has a timescale.
WARNING: [XSIM 43-4099] "/home/danilo/Documents/mgr/aes/modules/common/aes_inv_sbox.sv" Line 1. Module aes_inv_sbox doesn't have a timescale but at least one module in design has a timescale.
WARNING: [XSIM 43-4099] "/home/danilo/Documents/mgr/aes/modules/common/aes_sbox.sv" Line 1. Module aes_sbox doesn't have a timescale but at least one module in design has a timescale.
WARNING: [XSIM 43-4099] "/home/danilo/Documents/mgr/aes/modules/common/aes_inv_sbox.sv" Line 1. Module aes_inv_sbox doesn't have a timescale but at least one module in design has a timescale.
WARNING: [XSIM 43-4099] "/home/danilo/Documents/mgr/aes/modules/common/aes_sbox.sv" Line 1. Module aes_sbox doesn't have a timescale but at least one module in design has a timescale.
WARNING: [XSIM 43-4099] "/home/danilo/Documents/mgr/aes/modules/common/aes_inv_sbox.sv" Line 1. Module aes_inv_sbox doesn't have a timescale but at least one module in design has a timescale.
WARNING: [XSIM 43-4099] "/home/danilo/Documents/mgr/aes/modules/common/aes_sbox.sv" Line 1. Module aes_sbox doesn't have a timescale but at least one module in design has a timescale.
WARNING: [XSIM 43-4099] "/home/danilo/Documents/mgr/aes/modules/common/aes_inv_sbox.sv" Line 1. Module aes_inv_sbox doesn't have a timescale but at least one module in design has a timescale.
WARNING: [XSIM 43-4099] "/home/danilo/Documents/mgr/aes/modules/common/aes_sbox.sv" Line 1. Module aes_sbox doesn't have a timescale but at least one module in design has a timescale.
WARNING: [XSIM 43-4099] "/home/danilo/Documents/mgr/aes/modules/common/aes_inv_sbox.sv" Line 1. Module aes_inv_sbox doesn't have a timescale but at least one module in design has a timescale.
WARNING: [XSIM 43-4099] "/home/danilo/Documents/mgr/aes/modules/common/aes_sbox.sv" Line 1. Module aes_sbox doesn't have a timescale but at least one module in design has a timescale.
WARNING: [XSIM 43-4099] "/home/danilo/Documents/mgr/aes/modules/common/aes_inv_sbox.sv" Line 1. Module aes_inv_sbox doesn't have a timescale but at least one module in design has a timescale.
WARNING: [XSIM 43-4099] "/home/danilo/Documents/mgr/aes/modules/common/aes_sbox.sv" Line 1. Module aes_sbox doesn't have a timescale but at least one module in design has a timescale.
WARNING: [XSIM 43-4099] "/home/danilo/Documents/mgr/aes/modules/common/aes_inv_sbox.sv" Line 1. Module aes_inv_sbox doesn't have a timescale but at least one module in design has a timescale.
WARNING: [XSIM 43-4099] "/home/danilo/Documents/mgr/aes/modules/common/aes_rows_shifter.sv" Line 3. Module aes_rows_shifter doesn't have a timescale but at least one module in design has a timescale.
WARNING: [XSIM 43-4099] "/home/danilo/Documents/mgr/aes/modules/common/aes_columns_mixer.sv" Line 3. Module aes_columns_mixer doesn't have a timescale but at least one module in design has a timescale.
WARNING: [XSIM 43-4099] "/home/danilo/Documents/mgr/aes/modules/common/aes_round_key_adder.sv" Line 3. Module aes_round_key_adder doesn't have a timescale but at least one module in design has a timescale.
Completed simulation data flow analysis
Time Resolution for simulation is 1ps
Compiling package xil_defaultlib.$unit_aes_bytes_substitutor_sv_3...
WARNING: [XSIM 43-3373] "../../../../../aes/testbench/include/generator.svh" Line 23. System function $sscanf is used as system task. This system function should have a LHS e.g. x=$sscanf().
WARNING: [XSIM 43-3373] "../../../../../aes/testbench/include/generator.svh" Line 29. System function $sscanf is used as system task. This system function should have a LHS e.g. x=$sscanf().
Compiling package xil_defaultlib.tb_pkg
Compiling package std.std
Compiling module xil_defaultlib.cb
Compiling module xil_defaultlib.axis_if_default
Compiling module xil_defaultlib.aes_sbox
Compiling module xil_defaultlib.aes_key_expander_default
Compiling module xil_defaultlib.aes_round_key_adder
Compiling module xil_defaultlib.aes_inv_sbox
Compiling module xil_defaultlib.aes_bytes_substitutor_default
Compiling module xil_defaultlib.aes_rows_shifter
Compiling module xil_defaultlib.aes_columns_mixer
Compiling module xil_defaultlib.aes_round
Compiling module xil_defaultlib.aes_ctr_iterative
Compiling module xil_defaultlib.tb
Compiling module xil_defaultlib.glbl
Built simulation snapshot tb_behav
INFO: [USF-XSim-69] 'elaborate' step finished in '1' seconds
INFO: [USF-XSim-4] XSim::Simulate design
INFO: [USF-XSim-61] Executing 'SIMULATE' step in '/home/danilo/Documents/mgr/project_1/project_1.sim/sim_1/behav/xsim'
INFO: [USF-XSim-98] *** Running xsim
   with args "tb_behav -key {Behavioral:sim_1:Functional:tb} -tclbatch {tb.tcl} -log {simulate.log}"
INFO: [USF-XSim-8] Loading simulator feature
Time resolution is 1 ps
source tb.tcl
# set curr_wave [current_wave_config]
# if { [string length $curr_wave] == 0 } {
#   if { [llength [get_objects]] > 0} {
#     add_wave /
#     set_property needs_save false [current_wave_config]
#   } else {
#      send_msg_id Add_Wave-1 WARNING "No top level signals found. Simulator will start without a wave window. If you want to open a wave window go to 'File->New Waveform Configuration' or type 'create_wave_config' in the TCL console."
#   }
# }
WARNING: Simulation object /tb/gen was not traceable in the design for the following reason:
Vivado Simulator does not support tracing of System Verilog Dynamic Type object.
WARNING: Simulation object /tb/drv was not traceable in the design for the following reason:
Vivado Simulator does not support tracing of System Verilog Dynamic Type object.
WARNING: Simulation object /tb/mon was not traceable in the design for the following reason:
Vivado Simulator does not support tracing of System Verilog Dynamic Type object.
WARNING: Simulation object /tb/scb was not traceable in the design for the following reason:
Vivado Simulator does not support tracing of System Verilog Dynamic Type object.
WARNING: Simulation object /tb/gen2drv_mbx was not traceable in the design for the following reason:
Vivado Simulator does not support tracing of System Verilog Dynamic Type object.
WARNING: Simulation object /tb/gen2scb_mbx was not traceable in the design for the following reason:
Vivado Simulator does not support tracing of System Verilog Dynamic Type object.
WARNING: Simulation object /tb/mon2scb_mbx was not traceable in the design for the following reason:
Vivado Simulator does not support tracing of System Verilog Dynamic Type object.
WARNING: Simulation object /tb/drv2gen_receive_ev was not traceable in the design for the following reason:
Vivado Simulator does not support tracing of event type object.
WARNING: Simulation object /tb/gen2drv_finish_ev was not traceable in the design for the following reason:
Vivado Simulator does not support tracing of event type object.
WARNING: Simulation object /tb/scb2gen_receive_ev was not traceable in the design for the following reason:
Vivado Simulator does not support tracing of event type object.
WARNING: Simulation object /tb/gen2scb_finish_ev was not traceable in the design for the following reason:
Vivado Simulator does not support tracing of event type object.
WARNING: Simulation object /tb/mon2scb_receive_ev was not traceable in the design for the following reason:
Vivado Simulator does not support tracing of event type object.
WARNING: Simulation object /tb/scb2mon_finish_ev was not traceable in the design for the following reason:
Vivado Simulator does not support tracing of event type object.
# run 1000ns
INFO: [USF-XSim-96] XSim completed. Design snapshot 'tb_behav' loaded.
INFO: [USF-XSim-97] XSim simulation ran for 1000ns
launch_simulation: Time (s): cpu = 00:00:03 ; elapsed = 00:00:05 . Memory (MB): peak = 12876.348 ; gain = 17.004 ; free physical = 3983 ; free virtual = 34441
run all
[Driver]     Time:     3019ns, id:   0, data: 99d4a27252fc5b1f3adb3e94c64d8613c581da93568f1356dfc4b43971f56601dd26d9874c36be47e341949c886ce85e06
[Monitor]    Time:     3112ns, id:   0, data: b1
[Driver]     Time:     3152ns, id:   1, data: b10a0c925daf9edbef0b63c9c644fcd162d9436c1ce299ef0b23f147e2e43ab0aae6ca47ddacd4a0ec6643a664e0b3423b1d
[Monitor]    Time:     3245ns, id:   1, data: 37f4
[Driver]     Time:     3286ns, id:   2, data: c7dfe983875d72f850df5b0d91ffd0e7ac3a8e9ab97e0ccd283ed4399d8fdc1f160fd86e430d203d65a78f0d1045344af12681
[Monitor]    Time:     3379ns, id:   2, data: 0d44f6
[Driver]     Time:     3419ns, id:   3, data: 0138105fb7d216e99c5ac1e0653b1c393b56f5787ee5d2e555d54f1cfd4d266805b3ded0a3cb6042e06d067cc3f774d69ad11983
[Monitor]    Time:     3512ns, id:   3, data: 88aa0471
[Driver]     Time:     3553ns, id:   4, data: a987b4930a27ce04309868fe1c1b5b151c5f571ccaae98734677c7d5a739dfca4986f6cebd24d927ce4b1a997f3bb7fbe005a02aaa
[Monitor]    Time:     3645ns, id:   4, data: ea3f93b452
[Driver]     Time:     3686ns, id:   5, data: ba881cc0f4472b2febfb42d88db7dd6364145eb80b19692a7cd57ffc649da2f32a9786884d7b963a90e06dab5cd10eebcc00c09df477
[Monitor]    Time:     3779ns, id:   5, data: 290315289bbc
[Driver]     Time:     3819ns, id:   6, data: f6fe34d5fdbb034f4ca168c6b54f849df63598cff1c8f7a2ee250b4d4312b0bd3bd69eaed848cf1a176ce3b9322d550798b99bad85a04b
[Monitor]    Time:     3912ns, id:   6, data: a0f7b8ed80c1d1
[Driver]     Time:     3953ns, id:   7, data: 53f9e32c6cdac7ba58217f665cb4b51ba955d0d4563c17f62b0b2d3b3b3e20c27222f3624af8f33640fa22ea2ffc9cefbf9e6a33c92ce5b5
[Monitor]    Time:     4046ns, id:   7, data: 9aa0b64033c4e38c
[Driver]     Time:     4086ns, id:   8, data: 9527c0182d3222026b83d2568ee2c86819f6897fd474e12a7392611c4dca203e948c0562dd7c27051482f9f42bb3c516b5062b09bcd7c37c20
[Monitor]    Time:     4179ns, id:   8, data: 5319a9847050e0c526
[Driver]     Time:     4220ns, id:   9, data: 45aa217bbd47189d3a17b7769d9ee5f992766eebe974bc76a74106c9ec751fe5535495c359d5eb366f6f73f2eef61673ba04e4f5794e1667e6c5
[Monitor]    Time:     4312ns, id:   9, data: 3ebe81bb46ab47cb8651
[Driver]     Time:     4353ns, id:  10, data: 7f4f69fb25fbf3b28e4d576def683a470b36bf7c4d889c6839a87e56cfed3a79b5acdbdaa5212cc27b2bcff7ee9f7f35456e3f64ea24393cd5df34
[Monitor]    Time:     4446ns, id:  10, data: e07f05c967000b5aa74d74
[Driver]     Time:     4486ns, id:  11, data: f118ead99059ac1aae68f967c009bbbbed639963f33ac87c366ab4986144b244221975ed0abcaf1b33f34322cece425158c68fc942e4cd2dba3f00de
[Monitor]    Time:     4579ns, id:  11, data: af58932bdf56bb04adace9bc
[Driver]     Time:     4620ns, id:  12, data: 9fabde2168bd7fda71b811ec9b9be8ea1569976d5302f988f5b053423e7fdda5373087b82824905265ac12bf45a889d8994a707e3f0865bf9f9752450e
[Monitor]    Time:     4713ns, id:  12, data: a187a7aae37ce701634dcedf78
[Driver]     Time:     4753ns, id:  13, data: 7f35cb6894363937ab62b8248b4ca006aba17c489b7b92d542b36d878a11924459fac596450e3be80719f095b3cd7e476c9742df37149ae2eb9cb0fc615d
[Monitor]    Time:     4846ns, id:  13, data: 743dd04ccb9f4fe5d02d5ff7b61d
[Driver]     Time:     4887ns, id:  14, data: 46f12d6fd23c1e267b7edb4ea8adf5f331414d99ba1d8fbeacf16a7153a397213b00116408b8473350dfd0a728dd21ad5d2d7fb1042aabd746c008c793fab2
[Monitor]    Time:     4979ns, id:  14, data: cb303d09d1f97c6404ccef0248ed45
[Driver]     Time:     5020ns, id:  15, data: 27e02ce5a8c166319974c6a270e2ca1ea1aae0eea319acca54566f7a063a4073fe9bd8847240180b7e34242a3a2f2a968d785ce4a7b35c9b6f884cd3778143e2
[Monitor]    Time:     5113ns, id:  15, data: 0b75bc4cda9cc1bf703bb205e9291e69
[Driver]     Time:     5252ns, id:  16, data: 45d939b72b93fe85129b01b7824c2b3f7a60b369f1e82cc54176daa06396cbeb1d8ef9f8a3ddcb2d2e6ef018057ec035d494d3ae7696e62f127cfbb7d7d145afcb
[Monitor]    Time:     5345ns, id:  16, data: e6ebd7c4f39211f83dab8584c87648bbda
[Driver]     Time:     5484ns, id:  17, data: 4c0f9e8c6e1fc8f97771be6910ff025a82aac13fa970a1fab60d54fc23ba07026a491d0691acc1868ba44063d8b77e8a8e4f97973c9d0003c5e2f8a24a9c928ad54b
[Monitor]    Time:     5577ns, id:  17, data: 4d4be216adcbd8f8df26b9c9fefaccb2366b
[Driver]     Time:     5716ns, id:  18, data: 0335d55188d40cf927f69b9fa745ca05d31f2b99b33e60c94dabd7ff1aa0bd1e0dbc87450560967b9b877dcd82969145d4fa34ee0f20f987b4fb3009683e66592053d1
[Monitor]    Time:     5809ns, id:  18, data: 9aa6ecb7408e4215d0a33c91370d2a349a2a85
[Driver]     Time:     5948ns, id:  19, data: 908bbe3b80f5ccf53bfc63d8e32df183565f31bcdf6ec7215eecfdf82006619c1f681b2e5eeefec90796cc3feeeaf84ff3f57da22eb4993eceaf7b1e8f47a7ad482726c5
[Monitor]    Time:     6041ns, id:  19, data: 37bbb14d1531b67f8af9d00616ce41e12fd0cd67
[Driver]     Time:     6180ns, id:  20, data: 3dcc5052d62295dd297e34346ef5de156f135fa06f7061b4ca9003c9497e44415c378735ff1482d0b56b6e31fec2c493dfd8107ef8fc67024fdd478f7c0a6825d76bab596d
[Monitor]    Time:     6273ns, id:  20, data: 9109979909a90e60e0fbd46cccef24ae6049f3f3ff
[Driver]     Time:     6412ns, id:  21, data: fd507105e4fcd14dbcf6bd34897ff7aa4ed574227ce58183f1c8dd6fbe68cb88c219cf68993a980133420fdb2e93ccc41b5788c55936935450460a9c6b254633f13ac8a6f332
[Monitor]    Time:     6505ns, id:  21, data: ba5a318caabb732434b3d8daef57a922ba9bdc258f27
[Driver]     Time:     6644ns, id:  22, data: b5a23e5a549426b04246cc0709be0c570a6fb0d2a03b7db2f51585732b448d0a5a67b902a1c0092c95c314bc0d2625d1f9850dcfd1697eb6ca9b184997628e1a011f1a7d30bedd
[Monitor]    Time:     6737ns, id:  22, data: b3aa9d1c6e25b50a2dab4085648764db7d511bd3d93668
[Driver]     Time:     6876ns, id:  23, data: 4a21465327880cce999b733825c4238d2dbe15aa1c65909e2af56f83eede265dce7d65a8e252d30cb1a908754f4ce77a8f28b360a9e6c77da6e1c99fffdd3d24c287729136bf0278
[Monitor]    Time:     6969ns, id:  23, data: 2ca37aa1dcd48458d59fa3cc3ffdbf4cb2d727e127675017
[Driver]     Time:     7108ns, id:  24, data: bee7e38c244994967f190a625bf3e68ac2e5337bcfa3d79c624e3a75ddd032667bec402668021d2a9301192ebb3c4d17b12309e9875a0fe69092ddfc08d75c244f754fc26185cf0f28
[Monitor]    Time:     7201ns, id:  24, data: b90db9152934b6825b13328eef5bfc046df22dcfa75033928f
[Driver]     Time:     7340ns, id:  25, data: 0448d62b51ef151067bf94313c2120a9977a88dd06a82bbe0ece89b5189e94314b934d52b9e772c12c41ea00528607d32c7096fa18ed33a0e845824c675ec11de8ae7c10ce35e4f360db
[Monitor]    Time:     7433ns, id:  25, data: 4440942f585ef627e5c971248806243e5d0d9491971a067313f6
[Driver]     Time:     7572ns, id:  26, data: b9b45b02a678cfffbb8cb8a59e66469877aebf567db9b24b21efd572a762d79eebefb7b631fedf3a2d0c9bf7415c3d845616df6c822ab046c4015f4ebffeb1a02d101330489fe0ff3dc445
[Monitor]    Time:     7665ns, id:  26, data: ee8119b3f1b1fc8d0804bc8ace6c2c2c2dfb4d4b347556acf46afc
[Driver]     Time:     7804ns, id:  27, data: 167c1cca3f946520da0d82efabbde31226784aea492af5b4f8cf00df6e5932ea8a57b721e74d0a3d5bc3a543adaa316a95c1220123d6556dfceec6175bd8e2d22e80af99a2dc6e977f083683
[Monitor]    Time:     7897ns, id:  27, data: 6cd26ed13fcf14273511eb0acb96ab9782120209782cd265c5cec1a1
[Driver]     Time:     8036ns, id:  28, data: 044b3f95061f9f987db984fc7b104a8ff907759cb341c6babe35360c90e6b357c8847f9059a0d7d441d71bdc6b68b56ec9796c6db09e26a4e472157057185483376e50b4a138730c5a45765730
[Monitor]    Time:     8129ns, id:  28, data: 281c3bc836cddc88818696701137ab4f4bd60a5fd46318a4c96e33cf61
[Driver]     Time:     8268ns, id:  29, data: 7d129291a97b14e9506b9f20deb342134287239fe9b1f3083209cb5ec24b71a7466a0e713d56454e6ad277fa931f1cec46a38af1d4e2213f9325f6799d3e8dc09369cea4670ccb7b399fed1e805e
[Monitor]    Time:     8361ns, id:  29, data: 7a683dfc301873b51e80b82476414435b0362e381659fdd46515b2c5cb2a
[Driver]     Time:     8500ns, id:  30, data: 55ba0df3de17957aad4b69c8bda6f3ca6bed2a300127db168709848007b47c1e205cabb8d4b56ade266a4bf748c4fa97428b9a52276fe7071cfb83000fd981ff6d8718458aef68007f8ac465064927
[Monitor]    Time:     8593ns, id:  30, data: 25a250c0a3ae63de39a22c4669627e0c124f2f2f677e68114389db3b6f4ec2
[Driver]     Time:     8732ns, id:  31, data: 3bd988a4101b4613798ebb30da683d9a84e3539fae660456538b63144d8ffd4f967c4d326de5389897c49562ff4eb380eb7fc3947abe049ffb1b7e8b3108954b9f6df8292f5a7f305b0b5ee0ee4eac28
[Monitor]    Time:     8825ns, id:  31, data: 586cd2ee4ba9e1925266516baa5e90c91fa14f3bb7645c38b93f26e35ef2dff5
[Driver]     Time:     9063ns, id:  32, data: db43b162586ce49170a4728a05b8f3ede4bbb70ec6fcfb2c1031a0ed496300cb8a8b8944d0c73c89fc2acd7a76ea430296e45c56b5619a62db6cb43ab74525d43bc06a782b20ff99be22c5c5e2c137ab0b
[Monitor]    Time:     9155ns, id:  32, data: 80c97d0cc56b90c2fbe961d737b61e3c616d85442dbe635231357de3852679a9d0

TEST COMPLETED.
$finish called at time : 9161100 ps : File "/home/danilo/Documents/mgr/aes/testbench/tb.sv" Line 96
