launch_simulation
Command: launch_simulation 
INFO: [Vivado 12-12493] Simulation top is 'tb'
INFO: [Vivado 12-5682] Launching behavioral simulation in '/home/danilo/Documents/mgr/project_1/project_1.sim/sim_1/behav/xsim'
INFO: [SIM-utils-51] Simulation object is 'sim_1'
INFO: [SIM-utils-72] Using boost library from '/tools/Xilinx/Vivado/2024.2/tps/boost_1_72_0'
INFO: [SIM-utils-54] Inspecting design source files for 'tb' in fileset 'sim_1'...
INFO: [SIM-utils-43] Exported '/home/danilo/Documents/mgr/project_1/project_1.sim/sim_1/behav/xsim/pkts_in.txt'
INFO: [SIM-utils-43] Exported '/home/danilo/Documents/mgr/project_1/project_1.sim/sim_1/behav/xsim/pkts_out.txt'
INFO: [USF-XSim-97] Finding global include files...
INFO: [USF-XSim-98] Fetching design files from 'sim_1'...
INFO: [USF-XSim-2] XSim::Compile design
INFO: [USF-XSim-61] Executing 'COMPILE and ANALYZE' step in '/home/danilo/Documents/mgr/project_1/project_1.sim/sim_1/behav/xsim'
xvlog --incr --relax -L uvm -prj tb_vlog.prj
INFO: [VRFC 10-2263] Analyzing SystemVerilog file "/home/danilo/Documents/mgr/aes/modules/common/aes_bytes_substitutor.sv" into library xil_defaultlib
INFO: [VRFC 10-311] analyzing module aes_bytes_substitutor
INFO: [VRFC 10-2263] Analyzing SystemVerilog file "/home/danilo/Documents/mgr/aes/modules/aes_cbc_iterative.sv" into library xil_defaultlib
INFO: [VRFC 10-311] analyzing module aes_cbc_iterative
INFO: [VRFC 10-2263] Analyzing SystemVerilog file "/home/danilo/Documents/mgr/aes/modules/common/aes_columns_mixer.sv" into library xil_defaultlib
INFO: [VRFC 10-311] analyzing module aes_columns_mixer
INFO: [VRFC 10-2263] Analyzing SystemVerilog file "/home/danilo/Documents/mgr/aes/modules/common/aes_inv_sbox.sv" into library xil_defaultlib
INFO: [VRFC 10-311] analyzing module aes_inv_sbox
INFO: [VRFC 10-2263] Analyzing SystemVerilog file "/home/danilo/Documents/mgr/aes/modules/common/aes_key_expander.sv" into library xil_defaultlib
INFO: [VRFC 10-311] analyzing module aes_key_expander
INFO: [VRFC 10-2263] Analyzing SystemVerilog file "/home/danilo/Documents/mgr/aes/modules/common/aes_round.sv" into library xil_defaultlib
INFO: [VRFC 10-311] analyzing module aes_round
INFO: [VRFC 10-2263] Analyzing SystemVerilog file "/home/danilo/Documents/mgr/aes/modules/common/aes_round_key_adder.sv" into library xil_defaultlib
INFO: [VRFC 10-311] analyzing module aes_round_key_adder
INFO: [VRFC 10-2263] Analyzing SystemVerilog file "/home/danilo/Documents/mgr/aes/modules/common/aes_rows_shifter.sv" into library xil_defaultlib
INFO: [VRFC 10-311] analyzing module aes_rows_shifter
INFO: [VRFC 10-2263] Analyzing SystemVerilog file "/home/danilo/Documents/mgr/aes/modules/common/aes_sbox.sv" into library xil_defaultlib
INFO: [VRFC 10-311] analyzing module aes_sbox
INFO: [VRFC 10-2263] Analyzing SystemVerilog file "/home/danilo/Documents/mgr/aes/testbench/axis_if.sv" into library xil_defaultlib
INFO: [VRFC 10-2263] Analyzing SystemVerilog file "/home/danilo/Documents/mgr/aes/testbench/tb_pkg.sv" into library xil_defaultlib
INFO: [VRFC 10-2263] Analyzing SystemVerilog file "/home/danilo/Documents/mgr/aes/testbench/tb.sv" into library xil_defaultlib
INFO: [VRFC 10-311] analyzing module tb
Waiting for jobs to finish...
No pending jobs, compilation finished.
INFO: [USF-XSim-69] 'compile' step finished in '1' seconds
INFO: [USF-XSim-3] XSim::Elaborate design
INFO: [USF-XSim-61] Executing 'ELABORATE' step in '/home/danilo/Documents/mgr/project_1/project_1.sim/sim_1/behav/xsim'
xelab --incr --debug typical --relax --mt 8 -L xil_defaultlib -L uvm -L unisims_ver -L unimacro_ver -L secureip --snapshot tb_behav xil_defaultlib.tb xil_defaultlib.glbl -log elaborate.log
Vivado Simulator v2024.2.0
Copyright 1986-2022 Xilinx, Inc. All Rights Reserved.
Copyright 2022-2024 Advanced Micro Devices, Inc. All Rights Reserved.
Running: /tools/Xilinx/Vivado/2024.2/bin/unwrapped/lnx64.o/xelab --incr --debug typical --relax --mt 8 -L xil_defaultlib -L uvm -L unisims_ver -L unimacro_ver -L secureip --snapshot tb_behav xil_defaultlib.tb xil_defaultlib.glbl -log elaborate.log 
Using 8 slave threads.
Starting static elaboration
Pass Through NonSizing Optimizer
Completed static elaboration
Starting simulation data flow analysis
WARNING: [XSIM 43-4099] "/home/danilo/Documents/mgr/aes/testbench/tb_pkg.sv" Line 1. Module tb_pkg doesn't have a timescale but at least one module in design has a timescale.
WARNING: [XSIM 43-4099] "/home/danilo/Documents/mgr/aes/testbench/tb_pkg.sv" Line 1. Module tb_pkg doesn't have a timescale but at least one module in design has a timescale.
WARNING: [XSIM 43-4099] "/home/danilo/Documents/mgr/aes/testbench/axis_if.sv" Line 1. Module axis_if_default doesn't have a timescale but at least one module in design has a timescale.
WARNING: [XSIM 43-4099] "/home/danilo/Documents/mgr/aes/testbench/axis_if.sv" Line 23. Module cb doesn't have a timescale but at least one module in design has a timescale.
WARNING: [XSIM 43-4099] "/home/danilo/Documents/mgr/aes/testbench/axis_if.sv" Line 1. Module axis_if_default doesn't have a timescale but at least one module in design has a timescale.
WARNING: [XSIM 43-4099] "/home/danilo/Documents/mgr/aes/testbench/axis_if.sv" Line 23. Module cb doesn't have a timescale but at least one module in design has a timescale.
WARNING: [XSIM 43-4099] "/home/danilo/Documents/mgr/aes/modules/aes_cbc_iterative.sv" Line 3. Module aes_cbc_iterative doesn't have a timescale but at least one module in design has a timescale.
WARNING: [XSIM 43-4099] "/home/danilo/Documents/mgr/aes/modules/common/aes_key_expander.sv" Line 3. Module aes_key_expander_default doesn't have a timescale but at least one module in design has a timescale.
WARNING: [XSIM 43-4099] "/home/danilo/Documents/mgr/aes/modules/common/aes_sbox.sv" Line 1. Module aes_sbox doesn't have a timescale but at least one module in design has a timescale.
WARNING: [XSIM 43-4099] "/home/danilo/Documents/mgr/aes/modules/common/aes_sbox.sv" Line 1. Module aes_sbox doesn't have a timescale but at least one module in design has a timescale.
WARNING: [XSIM 43-4099] "/home/danilo/Documents/mgr/aes/modules/common/aes_sbox.sv" Line 1. Module aes_sbox doesn't have a timescale but at least one module in design has a timescale.
WARNING: [XSIM 43-4099] "/home/danilo/Documents/mgr/aes/modules/common/aes_sbox.sv" Line 1. Module aes_sbox doesn't have a timescale but at least one module in design has a timescale.
WARNING: [XSIM 43-4099] "/home/danilo/Documents/mgr/aes/modules/common/aes_columns_mixer.sv" Line 3. Module aes_columns_mixer doesn't have a timescale but at least one module in design has a timescale.
WARNING: [XSIM 43-4099] "/home/danilo/Documents/mgr/aes/modules/common/aes_round_key_adder.sv" Line 3. Module aes_round_key_adder doesn't have a timescale but at least one module in design has a timescale.
WARNING: [XSIM 43-4099] "/home/danilo/Documents/mgr/aes/modules/common/aes_round.sv" Line 3. Module aes_round doesn't have a timescale but at least one module in design has a timescale.
WARNING: [XSIM 43-4099] "/home/danilo/Documents/mgr/aes/modules/common/aes_bytes_substitutor.sv" Line 3. Module aes_bytes_substitutor_default doesn't have a timescale but at least one module in design has a timescale.
WARNING: [XSIM 43-4099] "/home/danilo/Documents/mgr/aes/modules/common/aes_sbox.sv" Line 1. Module aes_sbox doesn't have a timescale but at least one module in design has a timescale.
WARNING: [XSIM 43-4099] "/home/danilo/Documents/mgr/aes/modules/common/aes_inv_sbox.sv" Line 1. Module aes_inv_sbox doesn't have a timescale but at least one module in design has a timescale.
WARNING: [XSIM 43-4099] "/home/danilo/Documents/mgr/aes/modules/common/aes_sbox.sv" Line 1. Module aes_sbox doesn't have a timescale but at least one module in design has a timescale.
WARNING: [XSIM 43-4099] "/home/danilo/Documents/mgr/aes/modules/common/aes_inv_sbox.sv" Line 1. Module aes_inv_sbox doesn't have a timescale but at least one module in design has a timescale.
WARNING: [XSIM 43-4099] "/home/danilo/Documents/mgr/aes/modules/common/aes_sbox.sv" Line 1. Module aes_sbox doesn't have a timescale but at least one module in design has a timescale.
WARNING: [XSIM 43-4099] "/home/danilo/Documents/mgr/aes/modules/common/aes_inv_sbox.sv" Line 1. Module aes_inv_sbox doesn't have a timescale but at least one module in design has a timescale.
WARNING: [XSIM 43-4099] "/home/danilo/Documents/mgr/aes/modules/common/aes_sbox.sv" Line 1. Module aes_sbox doesn't have a timescale but at least one module in design has a timescale.
WARNING: [XSIM 43-4099] "/home/danilo/Documents/mgr/aes/modules/common/aes_inv_sbox.sv" Line 1. Module aes_inv_sbox doesn't have a timescale but at least one module in design has a timescale.
WARNING: [XSIM 43-4099] "/home/danilo/Documents/mgr/aes/modules/common/aes_sbox.sv" Line 1. Module aes_sbox doesn't have a timescale but at least one module in design has a timescale.
WARNING: [XSIM 43-4099] "/home/danilo/Documents/mgr/aes/modules/common/aes_inv_sbox.sv" Line 1. Module aes_inv_sbox doesn't have a timescale but at least one module in design has a timescale.
WARNING: [XSIM 43-4099] "/home/danilo/Documents/mgr/aes/modules/common/aes_sbox.sv" Line 1. Module aes_sbox doesn't have a timescale but at least one module in design has a timescale.
WARNING: [XSIM 43-4099] "/home/danilo/Documents/mgr/aes/modules/common/aes_inv_sbox.sv" Line 1. Module aes_inv_sbox doesn't have a timescale but at least one module in design has a timescale.
WARNING: [XSIM 43-4099] "/home/danilo/Documents/mgr/aes/modules/common/aes_sbox.sv" Line 1. Module aes_sbox doesn't have a timescale but at least one module in design has a timescale.
WARNING: [XSIM 43-4099] "/home/danilo/Documents/mgr/aes/modules/common/aes_inv_sbox.sv" Line 1. Module aes_inv_sbox doesn't have a timescale but at least one module in design has a timescale.
WARNING: [XSIM 43-4099] "/home/danilo/Documents/mgr/aes/modules/common/aes_sbox.sv" Line 1. Module aes_sbox doesn't have a timescale but at least one module in design has a timescale.
WARNING: [XSIM 43-4099] "/home/danilo/Documents/mgr/aes/modules/common/aes_inv_sbox.sv" Line 1. Module aes_inv_sbox doesn't have a timescale but at least one module in design has a timescale.
WARNING: [XSIM 43-4099] "/home/danilo/Documents/mgr/aes/modules/common/aes_sbox.sv" Line 1. Module aes_sbox doesn't have a timescale but at least one module in design has a timescale.
WARNING: [XSIM 43-4099] "/home/danilo/Documents/mgr/aes/modules/common/aes_inv_sbox.sv" Line 1. Module aes_inv_sbox doesn't have a timescale but at least one module in design has a timescale.
WARNING: [XSIM 43-4099] "/home/danilo/Documents/mgr/aes/modules/common/aes_sbox.sv" Line 1. Module aes_sbox doesn't have a timescale but at least one module in design has a timescale.
WARNING: [XSIM 43-4099] "/home/danilo/Documents/mgr/aes/modules/common/aes_inv_sbox.sv" Line 1. Module aes_inv_sbox doesn't have a timescale but at least one module in design has a timescale.
WARNING: [XSIM 43-4099] "/home/danilo/Documents/mgr/aes/modules/common/aes_sbox.sv" Line 1. Module aes_sbox doesn't have a timescale but at least one module in design has a timescale.
WARNING: [XSIM 43-4099] "/home/danilo/Documents/mgr/aes/modules/common/aes_inv_sbox.sv" Line 1. Module aes_inv_sbox doesn't have a timescale but at least one module in design has a timescale.
WARNING: [XSIM 43-4099] "/home/danilo/Documents/mgr/aes/modules/common/aes_sbox.sv" Line 1. Module aes_sbox doesn't have a timescale but at least one module in design has a timescale.
WARNING: [XSIM 43-4099] "/home/danilo/Documents/mgr/aes/modules/common/aes_inv_sbox.sv" Line 1. Module aes_inv_sbox doesn't have a timescale but at least one module in design has a timescale.
WARNING: [XSIM 43-4099] "/home/danilo/Documents/mgr/aes/modules/common/aes_sbox.sv" Line 1. Module aes_sbox doesn't have a timescale but at least one module in design has a timescale.
WARNING: [XSIM 43-4099] "/home/danilo/Documents/mgr/aes/modules/common/aes_inv_sbox.sv" Line 1. Module aes_inv_sbox doesn't have a timescale but at least one module in design has a timescale.
WARNING: [XSIM 43-4099] "/home/danilo/Documents/mgr/aes/modules/common/aes_sbox.sv" Line 1. Module aes_sbox doesn't have a timescale but at least one module in design has a timescale.
WARNING: [XSIM 43-4099] "/home/danilo/Documents/mgr/aes/modules/common/aes_inv_sbox.sv" Line 1. Module aes_inv_sbox doesn't have a timescale but at least one module in design has a timescale.
WARNING: [XSIM 43-4099] "/home/danilo/Documents/mgr/aes/modules/common/aes_sbox.sv" Line 1. Module aes_sbox doesn't have a timescale but at least one module in design has a timescale.
WARNING: [XSIM 43-4099] "/home/danilo/Documents/mgr/aes/modules/common/aes_inv_sbox.sv" Line 1. Module aes_inv_sbox doesn't have a timescale but at least one module in design has a timescale.
WARNING: [XSIM 43-4099] "/home/danilo/Documents/mgr/aes/modules/common/aes_sbox.sv" Line 1. Module aes_sbox doesn't have a timescale but at least one module in design has a timescale.
WARNING: [XSIM 43-4099] "/home/danilo/Documents/mgr/aes/modules/common/aes_inv_sbox.sv" Line 1. Module aes_inv_sbox doesn't have a timescale but at least one module in design has a timescale.
WARNING: [XSIM 43-4099] "/home/danilo/Documents/mgr/aes/modules/common/aes_rows_shifter.sv" Line 3. Module aes_rows_shifter doesn't have a timescale but at least one module in design has a timescale.
WARNING: [XSIM 43-4099] "/home/danilo/Documents/mgr/aes/modules/common/aes_columns_mixer.sv" Line 3. Module aes_columns_mixer doesn't have a timescale but at least one module in design has a timescale.
WARNING: [XSIM 43-4099] "/home/danilo/Documents/mgr/aes/modules/common/aes_round_key_adder.sv" Line 3. Module aes_round_key_adder doesn't have a timescale but at least one module in design has a timescale.
WARNING: [XSIM 43-4099] "/home/danilo/Documents/mgr/aes/testbench/axis_if.sv" Line 1. Module axis_if_default doesn't have a timescale but at least one module in design has a timescale.
WARNING: [XSIM 43-4099] "/home/danilo/Documents/mgr/aes/testbench/axis_if.sv" Line 23. Module cb doesn't have a timescale but at least one module in design has a timescale.
WARNING: [XSIM 43-4099] "/home/danilo/Documents/mgr/aes/testbench/axis_if.sv" Line 23. Module cb doesn't have a timescale but at least one module in design has a timescale.
WARNING: [XSIM 43-4099] "/home/danilo/Documents/mgr/aes/testbench/axis_if.sv" Line 1. Module axis_if_default doesn't have a timescale but at least one module in design has a timescale.
WARNING: [XSIM 43-4099] "/home/danilo/Documents/mgr/aes/testbench/axis_if.sv" Line 23. Module cb doesn't have a timescale but at least one module in design has a timescale.
WARNING: [XSIM 43-4099] "/home/danilo/Documents/mgr/aes/testbench/axis_if.sv" Line 23. Module cb doesn't have a timescale but at least one module in design has a timescale.
WARNING: [XSIM 43-4099] "/home/danilo/Documents/mgr/aes/modules/aes_cbc_iterative.sv" Line 3. Module aes_cbc_iterative doesn't have a timescale but at least one module in design has a timescale.
WARNING: [XSIM 43-4099] "/home/danilo/Documents/mgr/aes/modules/common/aes_key_expander.sv" Line 3. Module aes_key_expander_default doesn't have a timescale but at least one module in design has a timescale.
WARNING: [XSIM 43-4099] "/home/danilo/Documents/mgr/aes/modules/common/aes_sbox.sv" Line 1. Module aes_sbox doesn't have a timescale but at least one module in design has a timescale.
WARNING: [XSIM 43-4099] "/home/danilo/Documents/mgr/aes/modules/common/aes_sbox.sv" Line 1. Module aes_sbox doesn't have a timescale but at least one module in design has a timescale.
WARNING: [XSIM 43-4099] "/home/danilo/Documents/mgr/aes/modules/common/aes_sbox.sv" Line 1. Module aes_sbox doesn't have a timescale but at least one module in design has a timescale.
WARNING: [XSIM 43-4099] "/home/danilo/Documents/mgr/aes/modules/common/aes_sbox.sv" Line 1. Module aes_sbox doesn't have a timescale but at least one module in design has a timescale.
WARNING: [XSIM 43-4099] "/home/danilo/Documents/mgr/aes/modules/common/aes_columns_mixer.sv" Line 3. Module aes_columns_mixer doesn't have a timescale but at least one module in design has a timescale.
WARNING: [XSIM 43-4099] "/home/danilo/Documents/mgr/aes/modules/common/aes_round_key_adder.sv" Line 3. Module aes_round_key_adder doesn't have a timescale but at least one module in design has a timescale.
WARNING: [XSIM 43-4099] "/home/danilo/Documents/mgr/aes/modules/common/aes_round.sv" Line 3. Module aes_round doesn't have a timescale but at least one module in design has a timescale.
WARNING: [XSIM 43-4099] "/home/danilo/Documents/mgr/aes/modules/common/aes_bytes_substitutor.sv" Line 3. Module aes_bytes_substitutor_default doesn't have a timescale but at least one module in design has a timescale.
WARNING: [XSIM 43-4099] "/home/danilo/Documents/mgr/aes/modules/common/aes_sbox.sv" Line 1. Module aes_sbox doesn't have a timescale but at least one module in design has a timescale.
WARNING: [XSIM 43-4099] "/home/danilo/Documents/mgr/aes/modules/common/aes_inv_sbox.sv" Line 1. Module aes_inv_sbox doesn't have a timescale but at least one module in design has a timescale.
WARNING: [XSIM 43-4099] "/home/danilo/Documents/mgr/aes/modules/common/aes_sbox.sv" Line 1. Module aes_sbox doesn't have a timescale but at least one module in design has a timescale.
WARNING: [XSIM 43-4099] "/home/danilo/Documents/mgr/aes/modules/common/aes_inv_sbox.sv" Line 1. Module aes_inv_sbox doesn't have a timescale but at least one module in design has a timescale.
WARNING: [XSIM 43-4099] "/home/danilo/Documents/mgr/aes/modules/common/aes_sbox.sv" Line 1. Module aes_sbox doesn't have a timescale but at least one module in design has a timescale.
WARNING: [XSIM 43-4099] "/home/danilo/Documents/mgr/aes/modules/common/aes_inv_sbox.sv" Line 1. Module aes_inv_sbox doesn't have a timescale but at least one module in design has a timescale.
WARNING: [XSIM 43-4099] "/home/danilo/Documents/mgr/aes/modules/common/aes_sbox.sv" Line 1. Module aes_sbox doesn't have a timescale but at least one module in design has a timescale.
WARNING: [XSIM 43-4099] "/home/danilo/Documents/mgr/aes/modules/common/aes_inv_sbox.sv" Line 1. Module aes_inv_sbox doesn't have a timescale but at least one module in design has a timescale.
WARNING: [XSIM 43-4099] "/home/danilo/Documents/mgr/aes/modules/common/aes_sbox.sv" Line 1. Module aes_sbox doesn't have a timescale but at least one module in design has a timescale.
WARNING: [XSIM 43-4099] "/home/danilo/Documents/mgr/aes/modules/common/aes_inv_sbox.sv" Line 1. Module aes_inv_sbox doesn't have a timescale but at least one module in design has a timescale.
WARNING: [XSIM 43-4099] "/home/danilo/Documents/mgr/aes/modules/common/aes_sbox.sv" Line 1. Module aes_sbox doesn't have a timescale but at least one module in design has a timescale.
WARNING: [XSIM 43-4099] "/home/danilo/Documents/mgr/aes/modules/common/aes_inv_sbox.sv" Line 1. Module aes_inv_sbox doesn't have a timescale but at least one module in design has a timescale.
WARNING: [XSIM 43-4099] "/home/danilo/Documents/mgr/aes/modules/common/aes_sbox.sv" Line 1. Module aes_sbox doesn't have a timescale but at least one module in design has a timescale.
WARNING: [XSIM 43-4099] "/home/danilo/Documents/mgr/aes/modules/common/aes_inv_sbox.sv" Line 1. Module aes_inv_sbox doesn't have a timescale but at least one module in design has a timescale.
WARNING: [XSIM 43-4099] "/home/danilo/Documents/mgr/aes/modules/common/aes_sbox.sv" Line 1. Module aes_sbox doesn't have a timescale but at least one module in design has a timescale.
WARNING: [XSIM 43-4099] "/home/danilo/Documents/mgr/aes/modules/common/aes_inv_sbox.sv" Line 1. Module aes_inv_sbox doesn't have a timescale but at least one module in design has a timescale.
WARNING: [XSIM 43-4099] "/home/danilo/Documents/mgr/aes/modules/common/aes_sbox.sv" Line 1. Module aes_sbox doesn't have a timescale but at least one module in design has a timescale.
WARNING: [XSIM 43-4099] "/home/danilo/Documents/mgr/aes/modules/common/aes_inv_sbox.sv" Line 1. Module aes_inv_sbox doesn't have a timescale but at least one module in design has a timescale.
WARNING: [XSIM 43-4099] "/home/danilo/Documents/mgr/aes/modules/common/aes_sbox.sv" Line 1. Module aes_sbox doesn't have a timescale but at least one module in design has a timescale.
WARNING: [XSIM 43-4099] "/home/danilo/Documents/mgr/aes/modules/common/aes_inv_sbox.sv" Line 1. Module aes_inv_sbox doesn't have a timescale but at least one module in design has a timescale.
WARNING: [XSIM 43-4099] "/home/danilo/Documents/mgr/aes/modules/common/aes_sbox.sv" Line 1. Module aes_sbox doesn't have a timescale but at least one module in design has a timescale.
WARNING: [XSIM 43-4099] "/home/danilo/Documents/mgr/aes/modules/common/aes_inv_sbox.sv" Line 1. Module aes_inv_sbox doesn't have a timescale but at least one module in design has a timescale.
WARNING: [XSIM 43-4099] "/home/danilo/Documents/mgr/aes/modules/common/aes_sbox.sv" Line 1. Module aes_sbox doesn't have a timescale but at least one module in design has a timescale.
WARNING: [XSIM 43-4099] "/home/danilo/Documents/mgr/aes/modules/common/aes_inv_sbox.sv" Line 1. Module aes_inv_sbox doesn't have a timescale but at least one module in design has a timescale.
WARNING: [XSIM 43-4099] "/home/danilo/Documents/mgr/aes/modules/common/aes_sbox.sv" Line 1. Module aes_sbox doesn't have a timescale but at least one module in design has a timescale.
WARNING: [XSIM 43-4099] "/home/danilo/Documents/mgr/aes/modules/common/aes_inv_sbox.sv" Line 1. Module aes_inv_sbox doesn't have a timescale but at least one module in design has a timescale.
WARNING: [XSIM 43-4099] "/home/danilo/Documents/mgr/aes/modules/common/aes_sbox.sv" Line 1. Module aes_sbox doesn't have a timescale but at least one module in design has a timescale.
WARNING: [XSIM 43-4099] "/home/danilo/Documents/mgr/aes/modules/common/aes_inv_sbox.sv" Line 1. Module aes_inv_sbox doesn't have a timescale but at least one module in design has a timescale.
WARNING: [XSIM 43-4099] "/home/danilo/Documents/mgr/aes/modules/common/aes_sbox.sv" Line 1. Module aes_sbox doesn't have a timescale but at least one module in design has a timescale.
WARNING: [XSIM 43-4099] "/home/danilo/Documents/mgr/aes/modules/common/aes_inv_sbox.sv" Line 1. Module aes_inv_sbox doesn't have a timescale but at least one module in design has a timescale.
WARNING: [XSIM 43-4099] "/home/danilo/Documents/mgr/aes/modules/common/aes_sbox.sv" Line 1. Module aes_sbox doesn't have a timescale but at least one module in design has a timescale.
WARNING: [XSIM 43-4099] "/home/danilo/Documents/mgr/aes/modules/common/aes_inv_sbox.sv" Line 1. Module aes_inv_sbox doesn't have a timescale but at least one module in design has a timescale.
WARNING: [XSIM 43-4099] "/home/danilo/Documents/mgr/aes/modules/common/aes_rows_shifter.sv" Line 3. Module aes_rows_shifter doesn't have a timescale but at least one module in design has a timescale.
WARNING: [XSIM 43-4099] "/home/danilo/Documents/mgr/aes/modules/common/aes_columns_mixer.sv" Line 3. Module aes_columns_mixer doesn't have a timescale but at least one module in design has a timescale.
WARNING: [XSIM 43-4099] "/home/danilo/Documents/mgr/aes/modules/common/aes_round_key_adder.sv" Line 3. Module aes_round_key_adder doesn't have a timescale but at least one module in design has a timescale.
Completed simulation data flow analysis
Time Resolution for simulation is 1ps
Compiling package xil_defaultlib.$unit_aes_bytes_substitutor_sv_5...
WARNING: [XSIM 43-3373] "../../../../../aes/testbench/include/generator.svh" Line 23. System function $sscanf is used as system task. This system function should have a LHS e.g. x=$sscanf().
WARNING: [XSIM 43-3373] "../../../../../aes/testbench/include/generator.svh" Line 29. System function $sscanf is used as system task. This system function should have a LHS e.g. x=$sscanf().
Compiling package xil_defaultlib.tb_pkg
Compiling package std.std
Compiling module xil_defaultlib.cb
Compiling module xil_defaultlib.axis_if_default
Compiling module xil_defaultlib.aes_sbox
Compiling module xil_defaultlib.aes_key_expander_default
Compiling module xil_defaultlib.aes_columns_mixer
Compiling module xil_defaultlib.aes_round_key_adder
Compiling module xil_defaultlib.aes_inv_sbox
Compiling module xil_defaultlib.aes_bytes_substitutor_default
Compiling module xil_defaultlib.aes_rows_shifter
Compiling module xil_defaultlib.aes_round
Compiling module xil_defaultlib.aes_cbc_iterative
Compiling module xil_defaultlib.tb
Compiling module xil_defaultlib.glbl
Built simulation snapshot tb_behav
INFO: [USF-XSim-69] 'elaborate' step finished in '1' seconds
INFO: [USF-XSim-4] XSim::Simulate design
INFO: [USF-XSim-61] Executing 'SIMULATE' step in '/home/danilo/Documents/mgr/project_1/project_1.sim/sim_1/behav/xsim'
INFO: [USF-XSim-98] *** Running xsim
   with args "tb_behav -key {Behavioral:sim_1:Functional:tb} -tclbatch {tb.tcl} -log {simulate.log}"
INFO: [USF-XSim-8] Loading simulator feature
Time resolution is 1 ps
source tb.tcl
# set curr_wave [current_wave_config]
# if { [string length $curr_wave] == 0 } {
#   if { [llength [get_objects]] > 0} {
#     add_wave /
#     set_property needs_save false [current_wave_config]
#   } else {
#      send_msg_id Add_Wave-1 WARNING "No top level signals found. Simulator will start without a wave window. If you want to open a wave window go to 'File->New Waveform Configuration' or type 'create_wave_config' in the TCL console."
#   }
# }
WARNING: Simulation object /tb/gen was not traceable in the design for the following reason:
Vivado Simulator does not support tracing of System Verilog Dynamic Type object.
WARNING: Simulation object /tb/drv was not traceable in the design for the following reason:
Vivado Simulator does not support tracing of System Verilog Dynamic Type object.
WARNING: Simulation object /tb/mon was not traceable in the design for the following reason:
Vivado Simulator does not support tracing of System Verilog Dynamic Type object.
WARNING: Simulation object /tb/scb was not traceable in the design for the following reason:
Vivado Simulator does not support tracing of System Verilog Dynamic Type object.
WARNING: Simulation object /tb/gen2drv_mbx was not traceable in the design for the following reason:
Vivado Simulator does not support tracing of System Verilog Dynamic Type object.
WARNING: Simulation object /tb/gen2scb_mbx was not traceable in the design for the following reason:
Vivado Simulator does not support tracing of System Verilog Dynamic Type object.
WARNING: Simulation object /tb/mon2scb_mbx was not traceable in the design for the following reason:
Vivado Simulator does not support tracing of System Verilog Dynamic Type object.
WARNING: Simulation object /tb/drv2gen_receive_ev was not traceable in the design for the following reason:
Vivado Simulator does not support tracing of event type object.
WARNING: Simulation object /tb/gen2drv_finish_ev was not traceable in the design for the following reason:
Vivado Simulator does not support tracing of event type object.
WARNING: Simulation object /tb/scb2gen_receive_ev was not traceable in the design for the following reason:
Vivado Simulator does not support tracing of event type object.
WARNING: Simulation object /tb/gen2scb_finish_ev was not traceable in the design for the following reason:
Vivado Simulator does not support tracing of event type object.
WARNING: Simulation object /tb/mon2scb_receive_ev was not traceable in the design for the following reason:
Vivado Simulator does not support tracing of event type object.
WARNING: Simulation object /tb/scb2mon_finish_ev was not traceable in the design for the following reason:
Vivado Simulator does not support tracing of event type object.
# run 1000ns
INFO: [USF-XSim-96] XSim completed. Design snapshot 'tb_behav' loaded.
INFO: [USF-XSim-97] XSim simulation ran for 1000ns
launch_simulation: Time (s): cpu = 00:00:04 ; elapsed = 00:00:05 . Memory (MB): peak = 12835.355 ; gain = 0.000 ; free physical = 3953 ; free virtual = 34517
run all
[Driver]     Time:     3019ns, id:   0, data: 6268e0650871101e6fe4c4a5a94fedcb35688902f0d7c0a49d5dd6225c06109ae3554ab3901ebccf72242618fec7c0adedb199711aaa715e525310c281e1b4ad
[Monitor]    Time:     3158ns, id:   0, data: 91e01bd85727d29aacfbfed34e103d09
[Driver]     Time:     3344ns, id:   1, data: e946ae497be3cf1912e6e9aff9d14ad95c202035023beb6fa1ba4abf0dc789046cd6043651b6cfa0cea482b8f619ead4d13f9fc9d9b047cdfbe1bfb35afed69a3f6a4cba00763b6385d07aba8b93392a
[Monitor]    Time:     3431ns, id:   1, data: d574b6de6e1d9d34979060957300d7a0802ee7ead844d73622f349dfefea164c
[Driver]     Time:     3709ns, id:   2, data: a1c64c29a5c67e76d24aef1975223f227903330cff2b10614e05e7340a6250badf24410f4ecb8a2934832d30680900f9c585006167d132b4becd58587068da73f4b0c5e50fab4efd954e7010c3f1b81a8fae5b2736d5a4300fef727079010b73
[Monitor]    Time:     3796ns, id:   2, data: 88bc3fe3af2371fc20309f1ca01df1770538abf4178f85a410c8c90a04d31dc2a46ea0be83c5b5f48e032e3e97435b08
[Driver]     Time:     4167ns, id:   3, data: 6b0bb1b80a82520e0351c133a5f1e79f5c6b20a72d1d6045be83c0723e00e893e139af164bab6dd090c2eee198e4d06652e371d41e7fa4c39138bfa7ab490248de7860d3a7ebf1be1612f82e2ef1cd5fd87a835bf8649a45f25ac55905a324644bcb89bedd539c670850ed418c5d5078
[Monitor]    Time:     4254ns, id:   3, data: 9d17b67e3d3b46f1da99c2fd48e55f779c90a8dafed050470ec97d0fdbc7db7f4ec8096f7e263b3b6c5ddf33c015b1438dcf41e66a39f4af552100fd1c1ad2d5
[Driver]     Time:     4718ns, id:   4, data: 862aca8fea83ad25f31e879da17675e8ae721270b555db1aaa8d17af5db11b01e029ec167ba84e9b27e3208f0e39d5ccfb00b71bab14b7a74494cc5c494b1b72c2ad649b56e7e59bde64869d2e5045f476ebe3499262519e1b6034bf6da58fd3e2533ebd16c0258f4f0f44ad2e3ac9981f31fa7af21c00d1092a6896c3607a9e
[Monitor]    Time:     4805ns, id:   4, data: eb139c292fed2f3d870c5171a29c6f26add9159818fea1f685d315c244e5bd7a38d298040b523020613a8a208bb14e9f56ff9642ed3dccdd11446101a6ccb4b7f29a458efe6e1634b443a03e340525c3
[Driver]     Time:     5362ns, id:   5, data: 41fed9c778d540089740fc369bb0946c488a9b783240485d61a1eca09aa6a5ac8054f66ace603120da4667cae2e9aa510f0040635bccd23cb7cf5f2212625d7f04d44ba51877983fde6ed32cdfb7e470096ea4e0ae68795652ea69466990148b59408409a6142eccab0d40bf31db89f5930b491ceb2cd3c6481d2a58265e993e16f30d2e0b450ed87630fb30a3b363a6
[Monitor]    Time:     5449ns, id:   5, data: 62f6e04c5196f346db9f9b54705ca7fde234b1f14024af1ac6a74e1bead27243d8c7aaf64cf85022245707b633077984b6f0cf5d58b8c1007ca4e6ba7bfff01c90e64a090ac57c67210895a0bb261b8cdae4b0617522b3dcd587bddb67361069
[Driver]     Time:     6099ns, id:   6, data: aadb3ee90dcc9147cb4ab4e2adce185e8e5ad1179455156a70efacc47d6a61172e1a7acf8bea28d9c18d33685354b591316e49c64652ce339dbb4036530b58c2d2e93cb5ee36c54697806c9080a360ccb6513b66aac095a5ea7326e99d6e5023c53cb6344db81ece934494b4e9405ccc2d9a751667e7bd8cf36952b011e1f09f3ee2ef7d0bcafb3c03d602240b94d7ce1d41b4e8a887d93b2a418106e0959627
[Monitor]    Time:     6186ns, id:   6, data: a64d1ea619774ea3619cde67a94593eb63486903b1888cdbfd78ee7a2bb2fd11c5b5ec8fe5d454eb3bafc22bbcf1001ba7ae80f0bf44cd4f92b1d052e564e4d0380ab318426a9568775359b4b253ebe2d4450ce3fbf7323acd1e58ff60d9a2f6db53d70325d146c064e654e245189b5b
[Driver]     Time:     6928ns, id:   7, data: cd3f973d5e80e31f5505fc39a2e712029ca942f6dd3040d10a0f8966cac2f893a2b053fee54e7912286ab27bdb7158f3bcc9c90f792a0e38b0007874000b57466f43442edb99e1ba6892ba5ed60a48afac7f234e4b33f2e7268fae4aeed995742f5c2e6fcb610e9a202ad79339a3487b02e92703e691bee59996a8f2e2bc5c6e66a786ca3a80f0bab3d77a817b7815d5c206a3c59f5c6c274b0ff5843b3c41cae464adac777b7afd507bcf6c1f5ee2d8
[Monitor]    Time:     7015ns, id:   7, data: d4aca478b3f81222dc933474421ed6fb49fde3fa53f45a152536d68f280325c9200b882950043cfcd34ab0ae04be9a85e25f9d8454f744b74a344346addc451b1f22fd3030d0a86fe2a719f110a2078c362dbd1cbc374ea6fcced7c7f4fe61ec23487e7af05cbff67d3e609fcfdaa8f33021624e9b62f440d74c9b30417d5619
[Driver]     Time:     7850ns, id:   8, data: 8cff17bafbb6ebae2085bed18eb2c8f8ab407afe6d8b7cb007f3449b2917ed7dd9f55c67424461f7bd4741057bc7742b55fcdd957b1052bf166ac5779024187570e3f089c1d30a519e5307f44578b23485af365c9f13dbd3ce8786ce4c13a464928a71ebe55a032feb93277c404e5602569c7f36288708daebe5256357d05907dd2fc84ff573a6145c120170dd6c48728d7152d76e9479bc63ca75fa02fee21de58f0e8d0810490f361664aac8343a5abf07bd3a8ba9a9c25269b525da97fb84
[Monitor]    Time:     7937ns, id:   8, data: 84a1e33cabd6a4da2b61c01dd135d63f4c5ed3e3eba5de54411cf6529b2db718b59859529eb8b031b0d97f661f22b32f22394010e26f6525d950d101b3503970c508a00ad65835b8c7acf9a583f5eb529232ad0df8a39509b1ccb48db925dfb24faf3fa76955f2415268819c477b60ffc5cb9b6501f0d2e87eb4553cd29ed599fa260a834f6bedf317d322007711cdc0
[Driver]     Time:     8865ns, id:   9, data: e72099aa9dceb4e442ce161b8321bdf10dfd34923c7dd5a578fb3ac2a23b3698b903ca473dc61b2c4618cb2013fbe7434b9d94b3ff7b2e4ddf239c17aa09416265dbb4a17515b2fb061f1ebb357b9cd58038fbaf4949bd7e07a7849d6074f9777ede82ee4ebefd1651e4ddb79216e133b34acd69a3d769d58eb546eba53358f5c0e6c99ca624e870cb7d9a32ea4bc94909348801bb56c3019769a7a4844b819e2eb91f6ed69365d0d908dbdde890018cf425f1ccc90a7e82c79e69417567fa1751850bcec9567554162cdb3460a4fe9d
[Monitor]    Time:     8952ns, id:   9, data: 1829a43c3a461daf04987c6cf96102ddc6de5bf8390057f1c324ab6e982642fd4a13e618087e28325cf30cc6a26d4832f12b272f83d7ee4995fb69c7830d9d5c7a87d7f081f5facce08c57b86fd354f8643ea38bf882c61629b93140f84b6a4a41772d269f28b8e7f663a3050e69a2e3bc1b4435c4756d21099e05571f356f145579e4e4358f6c0452c8e7bed84b3da3b1a18b6c66e630d5fd6822dc668f0e63
[Driver]     Time:     9973ns, id:  10, data: 1a844e3f43e31ef7a5e15076c6655cea67508c26c615f29c49f27746e2178ed57a96556b70faeaa6159973e8a62b77c52baf3d6124a2484fafca8da4b78b07f21a0289bd49b231c6aa333f4c394c1acc748f201bd8d21946820d79f2f7213361d235101505c443cb30cee4bb5c85bcaba2948293fc403f33db7fc8890ec9b0567e5d33a54eb8d549989be4f5024aa9cdc9c25c9ace070455104e8eb4c2a338497c905447eaa55ee2f1a30ccb6ec3ca9c3e6c88482947e393b9e702d3b917107575b2596c30f68a5f16d74bf7da6ae3cc1428ecc19c27cb56827b1b50a059f0bb
[Monitor]    Time:    10060ns, id:  10, data: 4f6d4a1ed31ed4ac2715b42ef2ae636da7ea5ca5cb89137989a2fff01cddf5bf4e0a079f9c6cb571ff91fad192d85d9eec74ee90633b429c96dc6d29e6f7fa0ab06bda4b9a5d7be5125465626dfb96d157bca892de34b0f0c825aa5cf458418a9a3bdd0f98280191a9d777734981d6fd3d7487f3c51820de3f307bc3006a087f279726db0d0a75b06e114bfd9d13de83f3a7eb62380aec2895748c170760529a0fa20922f032b9f6c685c668b4d57c9f
[Driver]     Time:    11174ns, id:  11, data: 5c9f7cc63131c96927b5a205fa3bb45cdd319fff63f9aa8256851ff914a0bd78b36ecff2a294f6733fb068f0a5b2cc495203730e1e280b57ad3207d6e064b94c3a570064a53d3beeba521468c712448c038132ddffb1a7d8b1f55fac7fdf942f0251c5e780b32674d861666b1bc46b8c67e0253a8a6e861ae33fc8c0144787d62362f5587219582a1c8f8f3d16e32871f205294dde12392e0fdf364805c7446ab059d6887012f3b66c3d6f8f8a16c03370043283c4b5538e680814cff156795618fa229308b59f561bd1ceac947c401e68caf1890ea37f5dfa221e40fc5dd4b05561c1cf782df0871c1b7275f415bf5b
[Monitor]    Time:    11261ns, id:  11, data: 486703b022f27ddbf6c1bac4de06644dc5c6f6e89a9f4e45c3e235c9e5760e7752701208c40b358d12e498f4812c094a566f499f639d9097cc3a3ae2f5a1a6365e8f2b3144bd8131f55cd5fb3d923247bac5b745b812fc0ae41dd62580008f65ec98f47e14208bac59f473b7b9f7d43370667cedb756c5a4414d5dea28c215b8f48282558702c98f493ff1a8c85332b45600e90a6c31a64970998694bdac6db23cfc06a6327207554be2a2cf6b2882f24058b5f7712220279b335505bdc7ffdf
[Driver]     Time:    12467ns, id:  12, data: 82539f3c7cdb53e8ae7c3629202080c1d8cdd2f48a4bb413114507dacb14a8d583270a36c26ef4ce1efea776075ae3150fbef5b0816bf33d18fa24858b4fefeae6984eaa8241814181163924a647d640a7601e9555d1de9ff23ff49ce8b9048747b7db0c3af259d95a9f95332dd70ed6c5a455a4cdcbd80798e3a76f62eca63bdd8122d765cc7980ce383d54fe8971f426ae3bff09420146a46f6a8e1652e6f2b0a1d77e77cbcb149d870725e1c177f066ac86efae725d6923a502472948973515ebff8e84bf424ba7ee661e4dfd5fa14d9aeb7ba81d04454a70e863325b59bf135a82484e9c608a87fbdadd63e630f1b5034fed4f976f3b64a4d96e4fbdc45c
[Monitor]    Time:    12554ns, id:  12, data: 4f77f765f5276244e49388086146974b0868c71f6962b0c6cce1188d0b654ce915f43027954366c7f8597df8740b2e434262273d99ae20d6abdba07a790e9b5bea02fa8ef182355742d5a3b498755e93947f80bfc29a033c3b984f989bc75eddb67253860225c6429f75c11dfe9f7b76baa6a7e658973695c44fc9256d6108cd6057f40b4bf8ed3ebe73c56dbd7b18945061e630a779e11b05158559d41ccec70fa083a707f05a8d33cb88ffe72d54dba63e92d0ea9e14b277beed3dbb809fa2f0b444082b6bf4a17e57111e04fc183d
[Driver]     Time:    13853ns, id:  13, data: ff137f3963897f5b063b394846db83604d5ee5e56fe67272731562299a0c4b0f7fdebbf32978cd16383a88262fe5bedef8ded1d5eba81ebbd1b5b422f1658474cbdf28c2cf19487d96a03680144fb0a243c8ed52f503b919f9e494831eaf26687ff8f2e99369ac2f0f9d5e79db6da5a9b1b5cda2fff0f684837c0f4f0c4f2a0d9b3d37ff280524edd56624777d8e01e1d7ff9ee8c99def148b436a40f4a823ac9e5603cdfbb58dabfacb6f56be4ec7cb35067b0d12059fdf4550ccbe2d6d21d1a312a0f7061ee555bca52834a6bc98f64205a0bafa9c72a757e5db7248fbe27c7daf5e465f850a6dc884e5b92dd1fae39596f26d5642dc48a732e1de74ef90f1e45a8fafacdfe5799dd1f6623fe8265b
[Monitor]    Time:    13940ns, id:  13, data: ba38cdf665159132c38906b9520a9c172168d6f2704d2ec13754b9357fa2bde5ac725cc8540d7131a97627b789e0d1a4628eb92d915ea08d53b63edbcb74aa2e08e45217de6adeb57dd95c60fd286bd7a754ff4bd29b8120195ffc4fd9be492390739a416ae66ec64aaac33ef118ddd3074930f8b3c50824d73c2108015a1958ddd4d19f564a99a90b5b9dc4b658d3cf75e523c90fb02f97faa69e114f062127e96724ab7078a4f765f2c63f5a010ba37dabf4886f9a546b531bd75201e26b8d117c1caa0d751480e65f50b0121ef2d3ec074f302b02bc99e6478a56aefd478e
[Driver]     Time:    15332ns, id:  14, data: 676266de4e7181189df9a784d00ec5ba703dbadbd5312fa7b9427c0006be99fa3fbfa6d488c45a7816d55dbc28af2e2d04754d4f13b6984ec6091399973ef22c6850071ebaeed7bf8f3ad3efa19bb49e795d77a4e79e8451446a1215c4a8bba3aa71b7e84e841b799b095eb1a530fd0ec500813368e0b922e08d08656517da2a3c41bb1adf3883ffe6b4415fbcbc176d7ef6fe2b2a68a7aea0164dff366985c7b571aa7463273970b95264281d215e01fcdf8b6ee7b1cdb2611f4a102c38e6fec031b636f0d4ff40ebe9c5d3db9a6a6eabac302501b453838c12ca117c1f5560b0643ba4ed6ee1e5c065354c144586081d63965da8aa52f8b20b133ff271074e237ae38602c4c0f361b53ed360b7b6a412968212f956255ceac5fecd31fe1171
[Monitor]    Time:    15419ns, id:  14, data: 63cda2fa7db311522b23d459582619c41311f8c80fa43bdd12f78a13684ec8ecf131fe49900990348dfe7fcfa27769ff02b4c3d6687f91280c924c490213505a3f81c069274c1255b67a0b229c517db762c090a73280bdb43944a5e362e8fdeea8f86d6257a8478424410b1807ef7a2df3c20dd5b4b718a7672b9b8238b75a61261aa248b80f99ffea3e511416bc6c0687f6e2a948fc95bad390c1e20142177136aee7774febcdbe4c95bedccfca101f6a9e10c05d78f54413a1a5d8c6428b24612cceb241d89abe2195796bd3179ac83fa39c12e9519ae3221c84a27ab59d3daa88e283c580df10b2290dd5eb349e46
[Driver]     Time:    16904ns, id:  15, data: 00a3fc48db90728434cbf61d6c573cc28950e6d12f0efcd8e3172a6da495f123f78d8975f5a16cf7566f0453e07b0f0dee88c0dc0c558d86c2c5fefef9f0bc2235204cac83e586cf26af0cba425ed578ccc8bbd1fb3233288111d4e21b5eab648ebb39efa8ff0a2f8894f2def83f1e5f4d27d2c4c77829d1ab18f17688ad2208bc1ad16be8121d3fba55f199a71dfe297d3bae5469312168506652c95847e10a6c652e7be7191ce9b870cd62a5c1209acc8607c4b092b06ac6920628f24855d4e62125e9048bdd1e70e8355076383741fd87726723012390984cf67df3984814af158a799222f6151922a0df690eee52f22521a7c77470e633d634587e8d67bf84362a68eef3ad143ba2b21d40b37eba637ab5ead27c3a54a12b7a3bbab5ff0b1ce5ebdfe196e1aefb8a9a68c9908736
[Monitor]    Time:    16991ns, id:  15, data: f188c4093a49ea6b48ff811a0365856f31074df36b903c5bbf00fce73108b871ec87f9f6e541f6415ac1e50d76d86f1d0449f3731de2bcf6039160ec7dc879c9228e7438f8b97cb07e05ccac91cf3d11a5f90d09d864780b666527bd14fcb7144d5a0531607b974f9c58dafe6492fcca4092667e0d7376e1f45132284ad477295c176cf4f6e40a0512b1203180da593207fd6893e11eebdd64068f999ca8ab569f9e2539309f3829a50bd7c376f5be06410ecc2d92270b4199cb6752d71bb811a38bda73ea79956b4f9d910047e9205df86882b881db7d8c63a4db8d563cd7932b75422f0abfa6bbb38dd1d118a2a7fd922e7cb82e74bdc7b555c1c1385431b2

TEST COMPLETED.
$finish called at time : 16996900 ps : File "/home/danilo/Documents/mgr/aes/testbench/tb.sv" Line 96
